{
  "F:/LockD/CMP2025/Third_Year/First_Term/CMP3030_Software_Engineering/Code_Coverage/Front-End/src/components/form-controls/Button.jsx": {
    "path": "F:/LockD/CMP2025/Third_Year/First_Term/CMP3030_Software_Engineering/Code_Coverage/Front-End/src/components/form-controls/Button.jsx",
    "statementMap": {
      "0": {
        "start": {
          "line": 3,
          "column": 20
        },
        "end": {
          "line": 3,
          "column": 97
        }
      },
      "1": {
        "start": {
          "line": 6,
          "column": 0
        },
        "end": {
          "line": 16,
          "column": 1
        }
      },
      "2": {
        "start": {
          "line": 7,
          "column": 2
        },
        "end": {
          "line": 9,
          "column": 3
        }
      },
      "3": {
        "start": {
          "line": 8,
          "column": 4
        },
        "end": {
          "line": 8,
          "column": 165
        }
      },
      "4": {
        "start": {
          "line": 10,
          "column": 2
        },
        "end": {
          "line": 10,
          "column": 39
        }
      },
      "5": {
        "start": {
          "line": 11,
          "column": 2
        },
        "end": {
          "line": 11,
          "column": 39
        }
      },
      "6": {
        "start": {
          "line": 12,
          "column": 2
        },
        "end": {
          "line": 14,
          "column": 4
        }
      },
      "7": {
        "start": {
          "line": 13,
          "column": 4
        },
        "end": {
          "line": 13,
          "column": 175
        }
      },
      "8": {
        "start": {
          "line": 15,
          "column": 2
        },
        "end": {
          "line": 15,
          "column": 75
        }
      },
      "9": {
        "start": {
          "line": 35,
          "column": 2
        },
        "end": {
          "line": 140,
          "column": 11
        }
      },
      "10": {
        "start": {
          "line": 142,
          "column": 0
        },
        "end": {
          "line": 142,
          "column": 12
        }
      },
      "11": {
        "start": {
          "line": 145,
          "column": 0
        },
        "end": {
          "line": 145,
          "column": 27
        }
      },
      "12": {
        "start": {
          "line": 146,
          "column": 0
        },
        "end": {
          "line": 159,
          "column": 1
        }
      },
      "13": {
        "start": {
          "line": 147,
          "column": 2
        },
        "end": {
          "line": 147,
          "column": 39
        }
      },
      "14": {
        "start": {
          "line": 148,
          "column": 2
        },
        "end": {
          "line": 148,
          "column": 39
        }
      },
      "15": {
        "start": {
          "line": 149,
          "column": 2
        },
        "end": {
          "line": 158,
          "column": 5
        }
      },
      "16": {
        "start": {
          "line": 150,
          "column": 4
        },
        "end": {
          "line": 150,
          "column": 201
        }
      },
      "17": {
        "start": {
          "line": 151,
          "column": 4
        },
        "end": {
          "line": 157,
          "column": 7
        }
      },
      "18": {
        "start": {
          "line": 152,
          "column": 6
        },
        "end": {
          "line": 153,
          "column": 15
        }
      },
      "19": {
        "start": {
          "line": 153,
          "column": 8
        },
        "end": {
          "line": 153,
          "column": 15
        }
      },
      "20": {
        "start": {
          "line": 154,
          "column": 32
        },
        "end": {
          "line": 154,
          "column": 115
        }
      },
      "21": {
        "start": {
          "line": 155,
          "column": 6
        },
        "end": {
          "line": 156,
          "column": 54
        }
      },
      "22": {
        "start": {
          "line": 156,
          "column": 8
        },
        "end": {
          "line": 156,
          "column": 54
        }
      }
    },
    "fnMap": {
      "0": {
        "name": "(anonymous_0)",
        "decl": {
          "start": {
            "line": 12,
            "column": 24
          },
          "end": {
            "line": 12,
            "column": 25
          }
        },
        "loc": {
          "start": {
            "line": 12,
            "column": 38
          },
          "end": {
            "line": 14,
            "column": 3
          }
        },
        "line": 12
      },
      "1": {
        "name": "Button",
        "decl": {
          "start": {
            "line": 19,
            "column": 9
          },
          "end": {
            "line": 19,
            "column": 15
          }
        },
        "loc": {
          "start": {
            "line": 34,
            "column": 3
          },
          "end": {
            "line": 141,
            "column": 1
          }
        },
        "line": 34
      },
      "2": {
        "name": "(anonymous_2)",
        "decl": {
          "start": {
            "line": 149,
            "column": 52
          },
          "end": {
            "line": 149,
            "column": 53
          }
        },
        "loc": {
          "start": {
            "line": 149,
            "column": 72
          },
          "end": {
            "line": 158,
            "column": 3
          }
        },
        "line": 149
      },
      "3": {
        "name": "(anonymous_3)",
        "decl": {
          "start": {
            "line": 151,
            "column": 27
          },
          "end": {
            "line": 151,
            "column": 28
          }
        },
        "loc": {
          "start": {
            "line": 151,
            "column": 44
          },
          "end": {
            "line": 157,
            "column": 5
          }
        },
        "line": 151
      }
    },
    "branchMap": {
      "0": {
        "loc": {
          "start": {
            "line": 3,
            "column": 20
          },
          "end": {
            "line": 3,
            "column": 97
          }
        },
        "type": "binary-expr",
        "locations": [
          {
            "start": {
              "line": 3,
              "column": 20
            },
            "end": {
              "line": 3,
              "column": 60
            }
          },
          {
            "start": {
              "line": 3,
              "column": 64
            },
            "end": {
              "line": 3,
              "column": 97
            }
          }
        ],
        "line": 3
      },
      "1": {
        "loc": {
          "start": {
            "line": 6,
            "column": 0
          },
          "end": {
            "line": 16,
            "column": 1
          }
        },
        "type": "if",
        "locations": [
          {
            "start": {
              "line": 6,
              "column": 0
            },
            "end": {
              "line": 16,
              "column": 1
            }
          },
          {
            "start": {},
            "end": {}
          }
        ],
        "line": 6
      },
      "2": {
        "loc": {
          "start": {
            "line": 6,
            "column": 4
          },
          "end": {
            "line": 6,
            "column": 35
          }
        },
        "type": "binary-expr",
        "locations": [
          {
            "start": {
              "line": 6,
              "column": 4
            },
            "end": {
              "line": 6,
              "column": 19
            }
          },
          {
            "start": {
              "line": 6,
              "column": 23
            },
            "end": {
              "line": 6,
              "column": 35
            }
          }
        ],
        "line": 6
      },
      "3": {
        "loc": {
          "start": {
            "line": 7,
            "column": 2
          },
          "end": {
            "line": 9,
            "column": 3
          }
        },
        "type": "if",
        "locations": [
          {
            "start": {
              "line": 7,
              "column": 2
            },
            "end": {
              "line": 9,
              "column": 3
            }
          },
          {
            "start": {},
            "end": {}
          }
        ],
        "line": 7
      },
      "4": {
        "loc": {
          "start": {
            "line": 35,
            "column": 64
          },
          "end": {
            "line": 35,
            "column": 85
          }
        },
        "type": "binary-expr",
        "locations": [
          {
            "start": {
              "line": 35,
              "column": 64
            },
            "end": {
              "line": 35,
              "column": 69
            }
          },
          {
            "start": {
              "line": 35,
              "column": 73
            },
            "end": {
              "line": 35,
              "column": 85
            }
          }
        ],
        "line": 35
      },
      "5": {
        "loc": {
          "start": {
            "line": 35,
            "column": 89
          },
          "end": {
            "line": 35,
            "column": 106
          }
        },
        "type": "binary-expr",
        "locations": [
          {
            "start": {
              "line": 35,
              "column": 89
            },
            "end": {
              "line": 35,
              "column": 94
            }
          },
          {
            "start": {
              "line": 35,
              "column": 98
            },
            "end": {
              "line": 35,
              "column": 106
            }
          }
        ],
        "line": 35
      },
      "6": {
        "loc": {
          "start": {
            "line": 35,
            "column": 120
          },
          "end": {
            "line": 136,
            "column": 10
          }
        },
        "type": "cond-expr",
        "locations": [
          {
            "start": {
              "line": 35,
              "column": 141
            },
            "end": {
              "line": 85,
              "column": 10
            }
          },
          {
            "start": {
              "line": 85,
              "column": 29
            },
            "end": {
              "line": 136,
              "column": 10
            }
          }
        ],
        "line": 35
      },
      "7": {
        "loc": {
          "start": {
            "line": 41,
            "column": 18
          },
          "end": {
            "line": 41,
            "column": 35
          }
        },
        "type": "binary-expr",
        "locations": [
          {
            "start": {
              "line": 41,
              "column": 18
            },
            "end": {
              "line": 41,
              "column": 26
            }
          },
          {
            "start": {
              "line": 41,
              "column": 30
            },
            "end": {
              "line": 41,
              "column": 35
            }
          }
        ],
        "line": 41
      },
      "8": {
        "loc": {
          "start": {
            "line": 42,
            "column": 88
          },
          "end": {
            "line": 42,
            "column": 150
          }
        },
        "type": "cond-expr",
        "locations": [
          {
            "start": {
              "line": 42,
              "column": 117
            },
            "end": {
              "line": 42,
              "column": 145
            }
          },
          {
            "start": {
              "line": 42,
              "column": 148
            },
            "end": {
              "line": 42,
              "column": 150
            }
          }
        ],
        "line": 42
      },
      "9": {
        "loc": {
          "start": {
            "line": 42,
            "column": 155
          },
          "end": {
            "line": 42,
            "column": 219
          }
        },
        "type": "cond-expr",
        "locations": [
          {
            "start": {
              "line": 42,
              "column": 185
            },
            "end": {
              "line": 42,
              "column": 214
            }
          },
          {
            "start": {
              "line": 42,
              "column": 217
            },
            "end": {
              "line": 42,
              "column": 219
            }
          }
        ],
        "line": 42
      },
      "10": {
        "loc": {
          "start": {
            "line": 42,
            "column": 224
          },
          "end": {
            "line": 42,
            "column": 293
          }
        },
        "type": "cond-expr",
        "locations": [
          {
            "start": {
              "line": 42,
              "column": 254
            },
            "end": {
              "line": 42,
              "column": 288
            }
          },
          {
            "start": {
              "line": 42,
              "column": 291
            },
            "end": {
              "line": 42,
              "column": 293
            }
          }
        ],
        "line": 42
      },
      "11": {
        "loc": {
          "start": {
            "line": 42,
            "column": 298
          },
          "end": {
            "line": 42,
            "column": 346
          }
        },
        "type": "cond-expr",
        "locations": [
          {
            "start": {
              "line": 42,
              "column": 326
            },
            "end": {
              "line": 42,
              "column": 341
            }
          },
          {
            "start": {
              "line": 42,
              "column": 344
            },
            "end": {
              "line": 42,
              "column": 346
            }
          }
        ],
        "line": 42
      },
      "12": {
        "loc": {
          "start": {
            "line": 42,
            "column": 350
          },
          "end": {
            "line": 42,
            "column": 426
          }
        },
        "type": "cond-expr",
        "locations": [
          {
            "start": {
              "line": 42,
              "column": 383
            },
            "end": {
              "line": 42,
              "column": 421
            }
          },
          {
            "start": {
              "line": 42,
              "column": 424
            },
            "end": {
              "line": 42,
              "column": 426
            }
          }
        ],
        "line": 42
      },
      "13": {
        "loc": {
          "start": {
            "line": 42,
            "column": 431
          },
          "end": {
            "line": 42,
            "column": 509
          }
        },
        "type": "cond-expr",
        "locations": [
          {
            "start": {
              "line": 42,
              "column": 465
            },
            "end": {
              "line": 42,
              "column": 504
            }
          },
          {
            "start": {
              "line": 42,
              "column": 507
            },
            "end": {
              "line": 42,
              "column": 509
            }
          }
        ],
        "line": 42
      },
      "14": {
        "loc": {
          "start": {
            "line": 42,
            "column": 514
          },
          "end": {
            "line": 42,
            "column": 597
          }
        },
        "type": "cond-expr",
        "locations": [
          {
            "start": {
              "line": 42,
              "column": 548
            },
            "end": {
              "line": 42,
              "column": 592
            }
          },
          {
            "start": {
              "line": 42,
              "column": 595
            },
            "end": {
              "line": 42,
              "column": 597
            }
          }
        ],
        "line": 42
      },
      "15": {
        "loc": {
          "start": {
            "line": 42,
            "column": 602
          },
          "end": {
            "line": 42,
            "column": 659
          }
        },
        "type": "cond-expr",
        "locations": [
          {
            "start": {
              "line": 42,
              "column": 634
            },
            "end": {
              "line": 42,
              "column": 654
            }
          },
          {
            "start": {
              "line": 42,
              "column": 657
            },
            "end": {
              "line": 42,
              "column": 659
            }
          }
        ],
        "line": 42
      },
      "16": {
        "loc": {
          "start": {
            "line": 43,
            "column": 31
          },
          "end": {
            "line": 43,
            "column": 74
          }
        },
        "type": "cond-expr",
        "locations": [
          {
            "start": {
              "line": 43,
              "column": 56
            },
            "end": {
              "line": 43,
              "column": 69
            }
          },
          {
            "start": {
              "line": 43,
              "column": 72
            },
            "end": {
              "line": 43,
              "column": 74
            }
          }
        ],
        "line": 43
      },
      "17": {
        "loc": {
          "start": {
            "line": 43,
            "column": 79
          },
          "end": {
            "line": 43,
            "column": 124
          }
        },
        "type": "cond-expr",
        "locations": [
          {
            "start": {
              "line": 43,
              "column": 105
            },
            "end": {
              "line": 43,
              "column": 119
            }
          },
          {
            "start": {
              "line": 43,
              "column": 122
            },
            "end": {
              "line": 43,
              "column": 124
            }
          }
        ],
        "line": 43
      },
      "18": {
        "loc": {
          "start": {
            "line": 43,
            "column": 129
          },
          "end": {
            "line": 43,
            "column": 174
          }
        },
        "type": "cond-expr",
        "locations": [
          {
            "start": {
              "line": 43,
              "column": 155
            },
            "end": {
              "line": 43,
              "column": 169
            }
          },
          {
            "start": {
              "line": 43,
              "column": 172
            },
            "end": {
              "line": 43,
              "column": 174
            }
          }
        ],
        "line": 43
      },
      "19": {
        "loc": {
          "start": {
            "line": 43,
            "column": 178
          },
          "end": {
            "line": 43,
            "column": 227
          }
        },
        "type": "cond-expr",
        "locations": [
          {
            "start": {
              "line": 43,
              "column": 203
            },
            "end": {
              "line": 43,
              "column": 222
            }
          },
          {
            "start": {
              "line": 43,
              "column": 225
            },
            "end": {
              "line": 43,
              "column": 227
            }
          }
        ],
        "line": 43
      },
      "20": {
        "loc": {
          "start": {
            "line": 43,
            "column": 231
          },
          "end": {
            "line": 43,
            "column": 300
          }
        },
        "type": "cond-expr",
        "locations": [
          {
            "start": {
              "line": 43,
              "column": 255
            },
            "end": {
              "line": 43,
              "column": 295
            }
          },
          {
            "start": {
              "line": 43,
              "column": 298
            },
            "end": {
              "line": 43,
              "column": 300
            }
          }
        ],
        "line": 43
      },
      "21": {
        "loc": {
          "start": {
            "line": 44,
            "column": 10
          },
          "end": {
            "line": 44,
            "column": 53
          }
        },
        "type": "cond-expr",
        "locations": [
          {
            "start": {
              "line": 44,
              "column": 35
            },
            "end": {
              "line": 44,
              "column": 48
            }
          },
          {
            "start": {
              "line": 44,
              "column": 51
            },
            "end": {
              "line": 44,
              "column": 53
            }
          }
        ],
        "line": 44
      },
      "22": {
        "loc": {
          "start": {
            "line": 56,
            "column": 6
          },
          "end": {
            "line": 67,
            "column": 14
          }
        },
        "type": "binary-expr",
        "locations": [
          {
            "start": {
              "line": 56,
              "column": 6
            },
            "end": {
              "line": 56,
              "column": 10
            }
          },
          {
            "start": {
              "line": 56,
              "column": 30
            },
            "end": {
              "line": 67,
              "column": 14
            }
          }
        ],
        "line": 56
      },
      "23": {
        "loc": {
          "start": {
            "line": 68,
            "column": 58
          },
          "end": {
            "line": 68,
            "column": 81
          }
        },
        "type": "binary-expr",
        "locations": [
          {
            "start": {
              "line": 68,
              "column": 58
            },
            "end": {
              "line": 68,
              "column": 66
            }
          },
          {
            "start": {
              "line": 68,
              "column": 70
            },
            "end": {
              "line": 68,
              "column": 81
            }
          }
        ],
        "line": 68
      },
      "24": {
        "loc": {
          "start": {
            "line": 68,
            "column": 96
          },
          "end": {
            "line": 68,
            "column": 136
          }
        },
        "type": "cond-expr",
        "locations": [
          {
            "start": {
              "line": 68,
              "column": 120
            },
            "end": {
              "line": 68,
              "column": 131
            }
          },
          {
            "start": {
              "line": 68,
              "column": 134
            },
            "end": {
              "line": 68,
              "column": 136
            }
          }
        ],
        "line": 68
      },
      "25": {
        "loc": {
          "start": {
            "line": 68,
            "column": 141
          },
          "end": {
            "line": 68,
            "column": 184
          }
        },
        "type": "cond-expr",
        "locations": [
          {
            "start": {
              "line": 68,
              "column": 166
            },
            "end": {
              "line": 68,
              "column": 179
            }
          },
          {
            "start": {
              "line": 68,
              "column": 182
            },
            "end": {
              "line": 68,
              "column": 184
            }
          }
        ],
        "line": 68
      },
      "26": {
        "loc": {
          "start": {
            "line": 68,
            "column": 189
          },
          "end": {
            "line": 68,
            "column": 231
          }
        },
        "type": "cond-expr",
        "locations": [
          {
            "start": {
              "line": 68,
              "column": 214
            },
            "end": {
              "line": 68,
              "column": 226
            }
          },
          {
            "start": {
              "line": 68,
              "column": 229
            },
            "end": {
              "line": 68,
              "column": 231
            }
          }
        ],
        "line": 68
      },
      "27": {
        "loc": {
          "start": {
            "line": 68,
            "column": 236
          },
          "end": {
            "line": 68,
            "column": 278
          }
        },
        "type": "cond-expr",
        "locations": [
          {
            "start": {
              "line": 68,
              "column": 259
            },
            "end": {
              "line": 68,
              "column": 273
            }
          },
          {
            "start": {
              "line": 68,
              "column": 276
            },
            "end": {
              "line": 68,
              "column": 278
            }
          }
        ],
        "line": 68
      },
      "28": {
        "loc": {
          "start": {
            "line": 69,
            "column": 14
          },
          "end": {
            "line": 69,
            "column": 63
          }
        },
        "type": "cond-expr",
        "locations": [
          {
            "start": {
              "line": 69,
              "column": 42
            },
            "end": {
              "line": 69,
              "column": 58
            }
          },
          {
            "start": {
              "line": 69,
              "column": 61
            },
            "end": {
              "line": 69,
              "column": 63
            }
          }
        ],
        "line": 69
      },
      "29": {
        "loc": {
          "start": {
            "line": 69,
            "column": 68
          },
          "end": {
            "line": 69,
            "column": 120
          }
        },
        "type": "cond-expr",
        "locations": [
          {
            "start": {
              "line": 69,
              "column": 97
            },
            "end": {
              "line": 69,
              "column": 115
            }
          },
          {
            "start": {
              "line": 69,
              "column": 118
            },
            "end": {
              "line": 69,
              "column": 120
            }
          }
        ],
        "line": 69
      },
      "30": {
        "loc": {
          "start": {
            "line": 69,
            "column": 125
          },
          "end": {
            "line": 69,
            "column": 176
          }
        },
        "type": "cond-expr",
        "locations": [
          {
            "start": {
              "line": 69,
              "column": 154
            },
            "end": {
              "line": 69,
              "column": 171
            }
          },
          {
            "start": {
              "line": 69,
              "column": 174
            },
            "end": {
              "line": 69,
              "column": 176
            }
          }
        ],
        "line": 69
      },
      "31": {
        "loc": {
          "start": {
            "line": 70,
            "column": 14
          },
          "end": {
            "line": 70,
            "column": 60
          }
        },
        "type": "cond-expr",
        "locations": [
          {
            "start": {
              "line": 70,
              "column": 41
            },
            "end": {
              "line": 70,
              "column": 55
            }
          },
          {
            "start": {
              "line": 70,
              "column": 58
            },
            "end": {
              "line": 70,
              "column": 60
            }
          }
        ],
        "line": 70
      },
      "32": {
        "loc": {
          "start": {
            "line": 90,
            "column": 18
          },
          "end": {
            "line": 90,
            "column": 35
          }
        },
        "type": "binary-expr",
        "locations": [
          {
            "start": {
              "line": 90,
              "column": 18
            },
            "end": {
              "line": 90,
              "column": 26
            }
          },
          {
            "start": {
              "line": 90,
              "column": 30
            },
            "end": {
              "line": 90,
              "column": 35
            }
          }
        ],
        "line": 90
      },
      "33": {
        "loc": {
          "start": {
            "line": 92,
            "column": 17
          },
          "end": {
            "line": 92,
            "column": 32
          }
        },
        "type": "binary-expr",
        "locations": [
          {
            "start": {
              "line": 92,
              "column": 17
            },
            "end": {
              "line": 92,
              "column": 24
            }
          },
          {
            "start": {
              "line": 92,
              "column": 28
            },
            "end": {
              "line": 92,
              "column": 32
            }
          }
        ],
        "line": 92
      },
      "34": {
        "loc": {
          "start": {
            "line": 93,
            "column": 87
          },
          "end": {
            "line": 93,
            "column": 149
          }
        },
        "type": "cond-expr",
        "locations": [
          {
            "start": {
              "line": 93,
              "column": 116
            },
            "end": {
              "line": 93,
              "column": 144
            }
          },
          {
            "start": {
              "line": 93,
              "column": 147
            },
            "end": {
              "line": 93,
              "column": 149
            }
          }
        ],
        "line": 93
      },
      "35": {
        "loc": {
          "start": {
            "line": 93,
            "column": 154
          },
          "end": {
            "line": 93,
            "column": 218
          }
        },
        "type": "cond-expr",
        "locations": [
          {
            "start": {
              "line": 93,
              "column": 184
            },
            "end": {
              "line": 93,
              "column": 213
            }
          },
          {
            "start": {
              "line": 93,
              "column": 216
            },
            "end": {
              "line": 93,
              "column": 218
            }
          }
        ],
        "line": 93
      },
      "36": {
        "loc": {
          "start": {
            "line": 93,
            "column": 223
          },
          "end": {
            "line": 93,
            "column": 292
          }
        },
        "type": "cond-expr",
        "locations": [
          {
            "start": {
              "line": 93,
              "column": 253
            },
            "end": {
              "line": 93,
              "column": 287
            }
          },
          {
            "start": {
              "line": 93,
              "column": 290
            },
            "end": {
              "line": 93,
              "column": 292
            }
          }
        ],
        "line": 93
      },
      "37": {
        "loc": {
          "start": {
            "line": 93,
            "column": 297
          },
          "end": {
            "line": 93,
            "column": 345
          }
        },
        "type": "cond-expr",
        "locations": [
          {
            "start": {
              "line": 93,
              "column": 325
            },
            "end": {
              "line": 93,
              "column": 340
            }
          },
          {
            "start": {
              "line": 93,
              "column": 343
            },
            "end": {
              "line": 93,
              "column": 345
            }
          }
        ],
        "line": 93
      },
      "38": {
        "loc": {
          "start": {
            "line": 93,
            "column": 349
          },
          "end": {
            "line": 93,
            "column": 425
          }
        },
        "type": "cond-expr",
        "locations": [
          {
            "start": {
              "line": 93,
              "column": 382
            },
            "end": {
              "line": 93,
              "column": 420
            }
          },
          {
            "start": {
              "line": 93,
              "column": 423
            },
            "end": {
              "line": 93,
              "column": 425
            }
          }
        ],
        "line": 93
      },
      "39": {
        "loc": {
          "start": {
            "line": 93,
            "column": 430
          },
          "end": {
            "line": 93,
            "column": 508
          }
        },
        "type": "cond-expr",
        "locations": [
          {
            "start": {
              "line": 93,
              "column": 464
            },
            "end": {
              "line": 93,
              "column": 503
            }
          },
          {
            "start": {
              "line": 93,
              "column": 506
            },
            "end": {
              "line": 93,
              "column": 508
            }
          }
        ],
        "line": 93
      },
      "40": {
        "loc": {
          "start": {
            "line": 93,
            "column": 513
          },
          "end": {
            "line": 93,
            "column": 596
          }
        },
        "type": "cond-expr",
        "locations": [
          {
            "start": {
              "line": 93,
              "column": 547
            },
            "end": {
              "line": 93,
              "column": 591
            }
          },
          {
            "start": {
              "line": 93,
              "column": 594
            },
            "end": {
              "line": 93,
              "column": 596
            }
          }
        ],
        "line": 93
      },
      "41": {
        "loc": {
          "start": {
            "line": 93,
            "column": 601
          },
          "end": {
            "line": 93,
            "column": 658
          }
        },
        "type": "cond-expr",
        "locations": [
          {
            "start": {
              "line": 93,
              "column": 633
            },
            "end": {
              "line": 93,
              "column": 653
            }
          },
          {
            "start": {
              "line": 93,
              "column": 656
            },
            "end": {
              "line": 93,
              "column": 658
            }
          }
        ],
        "line": 93
      },
      "42": {
        "loc": {
          "start": {
            "line": 94,
            "column": 31
          },
          "end": {
            "line": 94,
            "column": 74
          }
        },
        "type": "cond-expr",
        "locations": [
          {
            "start": {
              "line": 94,
              "column": 56
            },
            "end": {
              "line": 94,
              "column": 69
            }
          },
          {
            "start": {
              "line": 94,
              "column": 72
            },
            "end": {
              "line": 94,
              "column": 74
            }
          }
        ],
        "line": 94
      },
      "43": {
        "loc": {
          "start": {
            "line": 94,
            "column": 79
          },
          "end": {
            "line": 94,
            "column": 124
          }
        },
        "type": "cond-expr",
        "locations": [
          {
            "start": {
              "line": 94,
              "column": 105
            },
            "end": {
              "line": 94,
              "column": 119
            }
          },
          {
            "start": {
              "line": 94,
              "column": 122
            },
            "end": {
              "line": 94,
              "column": 124
            }
          }
        ],
        "line": 94
      },
      "44": {
        "loc": {
          "start": {
            "line": 94,
            "column": 129
          },
          "end": {
            "line": 94,
            "column": 174
          }
        },
        "type": "cond-expr",
        "locations": [
          {
            "start": {
              "line": 94,
              "column": 155
            },
            "end": {
              "line": 94,
              "column": 169
            }
          },
          {
            "start": {
              "line": 94,
              "column": 172
            },
            "end": {
              "line": 94,
              "column": 174
            }
          }
        ],
        "line": 94
      },
      "45": {
        "loc": {
          "start": {
            "line": 94,
            "column": 178
          },
          "end": {
            "line": 94,
            "column": 227
          }
        },
        "type": "cond-expr",
        "locations": [
          {
            "start": {
              "line": 94,
              "column": 203
            },
            "end": {
              "line": 94,
              "column": 222
            }
          },
          {
            "start": {
              "line": 94,
              "column": 225
            },
            "end": {
              "line": 94,
              "column": 227
            }
          }
        ],
        "line": 94
      },
      "46": {
        "loc": {
          "start": {
            "line": 94,
            "column": 231
          },
          "end": {
            "line": 94,
            "column": 300
          }
        },
        "type": "cond-expr",
        "locations": [
          {
            "start": {
              "line": 94,
              "column": 255
            },
            "end": {
              "line": 94,
              "column": 295
            }
          },
          {
            "start": {
              "line": 94,
              "column": 298
            },
            "end": {
              "line": 94,
              "column": 300
            }
          }
        ],
        "line": 94
      },
      "47": {
        "loc": {
          "start": {
            "line": 95,
            "column": 10
          },
          "end": {
            "line": 95,
            "column": 53
          }
        },
        "type": "cond-expr",
        "locations": [
          {
            "start": {
              "line": 95,
              "column": 35
            },
            "end": {
              "line": 95,
              "column": 48
            }
          },
          {
            "start": {
              "line": 95,
              "column": 51
            },
            "end": {
              "line": 95,
              "column": 53
            }
          }
        ],
        "line": 95
      },
      "48": {
        "loc": {
          "start": {
            "line": 107,
            "column": 6
          },
          "end": {
            "line": 118,
            "column": 14
          }
        },
        "type": "binary-expr",
        "locations": [
          {
            "start": {
              "line": 107,
              "column": 6
            },
            "end": {
              "line": 107,
              "column": 10
            }
          },
          {
            "start": {
              "line": 107,
              "column": 30
            },
            "end": {
              "line": 118,
              "column": 14
            }
          }
        ],
        "line": 107
      },
      "49": {
        "loc": {
          "start": {
            "line": 119,
            "column": 58
          },
          "end": {
            "line": 119,
            "column": 81
          }
        },
        "type": "binary-expr",
        "locations": [
          {
            "start": {
              "line": 119,
              "column": 58
            },
            "end": {
              "line": 119,
              "column": 66
            }
          },
          {
            "start": {
              "line": 119,
              "column": 70
            },
            "end": {
              "line": 119,
              "column": 81
            }
          }
        ],
        "line": 119
      },
      "50": {
        "loc": {
          "start": {
            "line": 119,
            "column": 96
          },
          "end": {
            "line": 119,
            "column": 136
          }
        },
        "type": "cond-expr",
        "locations": [
          {
            "start": {
              "line": 119,
              "column": 120
            },
            "end": {
              "line": 119,
              "column": 131
            }
          },
          {
            "start": {
              "line": 119,
              "column": 134
            },
            "end": {
              "line": 119,
              "column": 136
            }
          }
        ],
        "line": 119
      },
      "51": {
        "loc": {
          "start": {
            "line": 119,
            "column": 141
          },
          "end": {
            "line": 119,
            "column": 184
          }
        },
        "type": "cond-expr",
        "locations": [
          {
            "start": {
              "line": 119,
              "column": 166
            },
            "end": {
              "line": 119,
              "column": 179
            }
          },
          {
            "start": {
              "line": 119,
              "column": 182
            },
            "end": {
              "line": 119,
              "column": 184
            }
          }
        ],
        "line": 119
      },
      "52": {
        "loc": {
          "start": {
            "line": 119,
            "column": 189
          },
          "end": {
            "line": 119,
            "column": 231
          }
        },
        "type": "cond-expr",
        "locations": [
          {
            "start": {
              "line": 119,
              "column": 214
            },
            "end": {
              "line": 119,
              "column": 226
            }
          },
          {
            "start": {
              "line": 119,
              "column": 229
            },
            "end": {
              "line": 119,
              "column": 231
            }
          }
        ],
        "line": 119
      },
      "53": {
        "loc": {
          "start": {
            "line": 119,
            "column": 236
          },
          "end": {
            "line": 119,
            "column": 278
          }
        },
        "type": "cond-expr",
        "locations": [
          {
            "start": {
              "line": 119,
              "column": 259
            },
            "end": {
              "line": 119,
              "column": 273
            }
          },
          {
            "start": {
              "line": 119,
              "column": 276
            },
            "end": {
              "line": 119,
              "column": 278
            }
          }
        ],
        "line": 119
      },
      "54": {
        "loc": {
          "start": {
            "line": 120,
            "column": 14
          },
          "end": {
            "line": 120,
            "column": 63
          }
        },
        "type": "cond-expr",
        "locations": [
          {
            "start": {
              "line": 120,
              "column": 42
            },
            "end": {
              "line": 120,
              "column": 58
            }
          },
          {
            "start": {
              "line": 120,
              "column": 61
            },
            "end": {
              "line": 120,
              "column": 63
            }
          }
        ],
        "line": 120
      },
      "55": {
        "loc": {
          "start": {
            "line": 120,
            "column": 68
          },
          "end": {
            "line": 120,
            "column": 120
          }
        },
        "type": "cond-expr",
        "locations": [
          {
            "start": {
              "line": 120,
              "column": 97
            },
            "end": {
              "line": 120,
              "column": 115
            }
          },
          {
            "start": {
              "line": 120,
              "column": 118
            },
            "end": {
              "line": 120,
              "column": 120
            }
          }
        ],
        "line": 120
      },
      "56": {
        "loc": {
          "start": {
            "line": 120,
            "column": 125
          },
          "end": {
            "line": 120,
            "column": 176
          }
        },
        "type": "cond-expr",
        "locations": [
          {
            "start": {
              "line": 120,
              "column": 154
            },
            "end": {
              "line": 120,
              "column": 171
            }
          },
          {
            "start": {
              "line": 120,
              "column": 174
            },
            "end": {
              "line": 120,
              "column": 176
            }
          }
        ],
        "line": 120
      },
      "57": {
        "loc": {
          "start": {
            "line": 121,
            "column": 14
          },
          "end": {
            "line": 121,
            "column": 60
          }
        },
        "type": "cond-expr",
        "locations": [
          {
            "start": {
              "line": 121,
              "column": 41
            },
            "end": {
              "line": 121,
              "column": 55
            }
          },
          {
            "start": {
              "line": 121,
              "column": 58
            },
            "end": {
              "line": 121,
              "column": 60
            }
          }
        ],
        "line": 121
      },
      "58": {
        "loc": {
          "start": {
            "line": 146,
            "column": 0
          },
          "end": {
            "line": 159,
            "column": 1
          }
        },
        "type": "if",
        "locations": [
          {
            "start": {
              "line": 146,
              "column": 0
            },
            "end": {
              "line": 159,
              "column": 1
            }
          },
          {
            "start": {},
            "end": {}
          }
        ],
        "line": 146
      },
      "59": {
        "loc": {
          "start": {
            "line": 146,
            "column": 4
          },
          "end": {
            "line": 146,
            "column": 35
          }
        },
        "type": "binary-expr",
        "locations": [
          {
            "start": {
              "line": 146,
              "column": 4
            },
            "end": {
              "line": 146,
              "column": 19
            }
          },
          {
            "start": {
              "line": 146,
              "column": 23
            },
            "end": {
              "line": 146,
              "column": 35
            }
          }
        ],
        "line": 146
      },
      "60": {
        "loc": {
          "start": {
            "line": 152,
            "column": 6
          },
          "end": {
            "line": 153,
            "column": 15
          }
        },
        "type": "if",
        "locations": [
          {
            "start": {
              "line": 152,
              "column": 6
            },
            "end": {
              "line": 153,
              "column": 15
            }
          },
          {
            "start": {},
            "end": {}
          }
        ],
        "line": 152
      },
      "61": {
        "loc": {
          "start": {
            "line": 155,
            "column": 6
          },
          "end": {
            "line": 156,
            "column": 54
          }
        },
        "type": "if",
        "locations": [
          {
            "start": {
              "line": 155,
              "column": 6
            },
            "end": {
              "line": 156,
              "column": 54
            }
          },
          {
            "start": {},
            "end": {}
          }
        ],
        "line": 155
      }
    },
    "s": {
      "0": 14,
      "1": 14,
      "2": 14,
      "3": 0,
      "4": 14,
      "5": 14,
      "6": 14,
      "7": 14,
      "8": 14,
      "9": 2342,
      "10": 14,
      "11": 14,
      "12": 14,
      "13": 14,
      "14": 14,
      "15": 14,
      "16": 14,
      "17": 14,
      "18": 0,
      "19": 0,
      "20": 0,
      "21": 0,
      "22": 0
    },
    "f": {
      "0": 14,
      "1": 2342,
      "2": 14,
      "3": 0
    },
    "b": {
      "0": [
        14,
        0
      ],
      "1": [
        14,
        0
      ],
      "2": [
        14,
        14
      ],
      "3": [
        0,
        14
      ],
      "4": [
        2342,
        2342
      ],
      "5": [
        2342,
        2342
      ],
      "6": [
        60,
        2282
      ],
      "7": [
        60,
        60
      ],
      "8": [
        30,
        30
      ],
      "9": [
        0,
        60
      ],
      "10": [
        0,
        60
      ],
      "11": [
        0,
        60
      ],
      "12": [
        0,
        60
      ],
      "13": [
        0,
        60
      ],
      "14": [
        0,
        60
      ],
      "15": [
        0,
        60
      ],
      "16": [
        0,
        60
      ],
      "17": [
        0,
        60
      ],
      "18": [
        0,
        60
      ],
      "19": [
        30,
        30
      ],
      "20": [
        0,
        60
      ],
      "21": [
        30,
        30
      ],
      "22": [
        60,
        0
      ],
      "23": [
        60,
        60
      ],
      "24": [
        30,
        30
      ],
      "25": [
        30,
        30
      ],
      "26": [
        0,
        60
      ],
      "27": [
        0,
        60
      ],
      "28": [
        0,
        60
      ],
      "29": [
        0,
        60
      ],
      "30": [
        0,
        60
      ],
      "31": [
        0,
        60
      ],
      "32": [
        2282,
        42
      ],
      "33": [
        2282,
        0
      ],
      "34": [
        0,
        2282
      ],
      "35": [
        2282,
        0
      ],
      "36": [
        0,
        2282
      ],
      "37": [
        0,
        2282
      ],
      "38": [
        0,
        2282
      ],
      "39": [
        0,
        2282
      ],
      "40": [
        0,
        2282
      ],
      "41": [
        0,
        2282
      ],
      "42": [
        0,
        2282
      ],
      "43": [
        0,
        2282
      ],
      "44": [
        0,
        2282
      ],
      "45": [
        2282,
        0
      ],
      "46": [
        0,
        2282
      ],
      "47": [
        0,
        2282
      ],
      "48": [
        2282,
        30
      ],
      "49": [
        2282,
        2282
      ],
      "50": [
        0,
        2282
      ],
      "51": [
        0,
        2282
      ],
      "52": [
        2282,
        0
      ],
      "53": [
        0,
        2282
      ],
      "54": [
        0,
        2282
      ],
      "55": [
        0,
        2282
      ],
      "56": [
        0,
        2282
      ],
      "57": [
        0,
        2282
      ],
      "58": [
        14,
        0
      ],
      "59": [
        14,
        14
      ],
      "60": [
        0,
        0
      ],
      "61": [
        0,
        0
      ]
    },
    "inputSourceMap": {
      "version": 3,
      "mappings": "AAwBU,SA6DF,UA7DE;AAxBV;AAAA;AAAA;AAAA;AAAA;AAAA;AAAA;AAAA;AAAA;AAAA;AAAA;AAAA;AAAA;AAAA;AAAA;AACA,YAAYA,WAAW;AACvB,SAASC,YAAY;AAErB,SAASC,OAAO;AAAA,EACdC;AAAAA,EACAC;AAAAA,EACAC;AAAAA,EACAC;AAAAA,EACAC;AAAAA,EACAC;AAAAA,EACAC;AAAAA,EACAC;AAAAA,EACAC;AAAAA,EACAC;AAAAA,EACAC;AAAAA,EACAC;AAAAA,EACAC;AAAAA,EACAC;AACF,GAAG;AACD,SACE,uBAAC,SAAI,WAAY,YAAWJ,SAAS,YAAa,IAAGD,SAAS,QAAS,IACpEE,eACC,uBAAC,QAAK,IACJ;AAAA;AAAA,MAAC;AAAA;AAAA,QACC,MAAK;AAAA,QACL,eAAY;AAAA,QACZ,UAAUC,YAAY;AAAA,QAEtB,WAAY,qEACVX,oBAAoB,SAAS,+BAA+B,EAC7D,KACCA,oBAAoB,UAAU,gCAAgC,EAC/D,KACCA,oBAAoB,UAChB,qCACA,EACL,KAAIA,oBAAoB,QAAQ,kBAAkB,EAAG,IACpDC,wBAAwB,SACpB,yCACA,EACL,KACCA,wBAAwB,UACpB,0CACA,EACL,KACCA,wBAAwB,UACpB,+CACA,EACL,KAAIA,wBAAwB,QAAQ,uBAAuB,EAAG;AAAA,+BAC5CC,gBAAgB,SAAS,gBAAgB,EAAG,KACjEA,gBAAgB,UAAU,iBAAiB,EAC5C,KAAIA,gBAAgB,UAAU,iBAAiB,EAAG,IACjDA,gBAAgB,SAAS,sBAAsB,EAChD,IACCA,gBAAgB,QAAQ,2CAA2C,EACpE;AAAA,UACCA,gBAAgB,SAAS,gBAAgB,EAAG;AAAA;AAAA,MAjC5C;AAAA;AAAA;AAAA;AAAA;AAAA;AAAA;AAAA;AAAA,IAiC8C;AAAA,IAE9C,uBAAC,SAAI,WAAU,wHACZK;AAAAA,cACC,uBAAC,SACC,WAAU,qCACV,SAAQ,aAER;AAAA,+BAAC,OAAGM,YAAJ;AAAA;AAAA;AAAA;AAAA,eAAa;AAAA,QAAK;AAAA,WAJpB;AAAA;AAAA;AAAA;AAAA,aAKA;AAAA,MAEF,uBAAC,UACC,WAAY,QAAOP,YAAY,WAAY,eACzCH,eAAe,SAAS,cAAc,EACvC,KAAIA,eAAe,UAAU,gBAAgB,EAAG,KAC/CA,eAAe,UAAU,eAAe,EACzC,KAAIA,eAAe,QAAQ,iBAAiB,EAAG;AAAA,cAChDC,mBAAmB,SAAS,mBAAmB,EAAG,KAClDA,mBAAmB,UAAU,qBAAqB,EACnD,KAAIA,mBAAmB,UAAU,oBAAoB,EAAG;AAAA,cACvDA,mBAAmB,QAAQ,iBAAiB,EAAG;AAAA,wBAG9CC,mBAZH;AAAA;AAAA;AAAA;AAAA,aAaA;AAAA,SAtBF;AAAA;AAAA;AAAA;AAAA,WAuBA;AAAA,OA3DF;AAAA;AAAA;AAAA;AAAA,SA4DA,IAEA,mCACE;AAAA;AAAA,MAAC;AAAA;AAAA,QACC,MAAK;AAAA,QACL,UAAUM,YAAY;AAAA,QACtB,eAAaN;AAAAA,QACb,SAASO,WAAW;AAAA,QAEpB,WAAY,oEACVZ,oBAAoB,SAAS,+BAA+B,EAC7D,KACCA,oBAAoB,UAAU,gCAAgC,EAC/D,KACCA,oBAAoB,UAChB,qCACA,EACL,KAAIA,oBAAoB,QAAQ,kBAAkB,EAAG,IACpDC,wBAAwB,SACpB,yCACA,EACL,KACCA,wBAAwB,UACpB,0CACA,EACL,KACCA,wBAAwB,UACpB,+CACA,EACL,KAAIA,wBAAwB,QAAQ,uBAAuB,EAAG;AAAA,+BAC5CC,gBAAgB,SAAS,gBAAgB,EAAG,KACjEA,gBAAgB,UAAU,iBAAiB,EAC5C,KAAIA,gBAAgB,UAAU,iBAAiB,EAAG,IACjDA,gBAAgB,SAAS,sBAAsB,EAChD,IACCA,gBAAgB,QAAQ,2CAA2C,EACpE;AAAA,UACCA,gBAAgB,SAAS,gBAAgB,EAAG;AAAA;AAAA,MAlC5C;AAAA;AAAA;AAAA;AAAA;AAAA;AAAA;AAAA;AAAA,IAkC8C;AAAA,IAE9C,uBAAC,SAAI,WAAU,wHACZK;AAAAA,cACC,uBAAC,SACC,WAAU,qCACV,SAAQ,aAER;AAAA,+BAAC,OAAGM,YAAJ;AAAA;AAAA;AAAA;AAAA,eAAa;AAAA,QAAK;AAAA,WAJpB;AAAA;AAAA;AAAA;AAAA,aAKA;AAAA,MAEF,uBAAC,UACC,WAAY,QAAOP,YAAY,WAAY,eACzCH,eAAe,SAAS,cAAc,EACvC,KAAIA,eAAe,UAAU,gBAAgB,EAAG,KAC/CA,eAAe,UAAU,eAAe,EACzC,KAAIA,eAAe,QAAQ,iBAAiB,EAAG;AAAA,cAChDC,mBAAmB,SAAS,mBAAmB,EAAG,KAClDA,mBAAmB,UAAU,qBAAqB,EACnD,KAAIA,mBAAmB,UAAU,oBAAoB,EAAG;AAAA,cACvDA,mBAAmB,QAAQ,iBAAiB,EAAG;AAAA,wBAG9CC,mBAZH;AAAA;AAAA;AAAA;AAAA,aAaA;AAAA,SAtBF;AAAA;AAAA;AAAA;AAAA,WAuBA;AAAA,OA5DF;AAAA;AAAA;AAAA;AAAA,SA6DA,KA7HJ;AAAA;AAAA;AAAA;AAAA,SA+HA;AAEJ;AAACS,KAlJQf;AAoJT,eAAeA;AAAO,IAAAe;AAAAC,aAAAD,IAAA",
      "names": [
        "React",
        "Link",
        "Button",
        "backGroundColor",
        "backGroundColorDark",
        "borderColor",
        "labelColor",
        "labelColorDark",
        "label",
        "textSize",
        "path",
        "width",
        "hight",
        "to",
        "disabled",
        "onClick",
        "children",
        "_c",
        "$RefreshReg$"
      ],
      "sources": [
        "F:/LockD/CMP2025/Third_Year/First_Term/CMP3030_Software_Engineering/Code_Coverage/Front-End/src/components/form-controls/Button.jsx"
      ],
      "file": "F:/LockD/CMP2025/Third_Year/First_Term/CMP3030_Software_Engineering/Code_Coverage/Front-End/src/components/form-controls/Button.jsx"
    },
    "_coverageSchema": "1a1c01bbd47fc00a2c39e90264f33305004495a9",
    "hash": "8c229cb64b8c64e291abdea9e7a43f3e1de1c0cf"
  },
  "F:/LockD/CMP2025/Third_Year/First_Term/CMP3030_Software_Engineering/Code_Coverage/Front-End/src/components/form-controls/GoogleSignIn.jsx": {
    "path": "F:/LockD/CMP2025/Third_Year/First_Term/CMP3030_Software_Engineering/Code_Coverage/Front-End/src/components/form-controls/GoogleSignIn.jsx",
    "statementMap": {
      "0": {
        "start": {
          "line": 3,
          "column": 20
        },
        "end": {
          "line": 3,
          "column": 97
        }
      },
      "1": {
        "start": {
          "line": 6,
          "column": 0
        },
        "end": {
          "line": 16,
          "column": 1
        }
      },
      "2": {
        "start": {
          "line": 7,
          "column": 2
        },
        "end": {
          "line": 9,
          "column": 3
        }
      },
      "3": {
        "start": {
          "line": 8,
          "column": 4
        },
        "end": {
          "line": 8,
          "column": 165
        }
      },
      "4": {
        "start": {
          "line": 10,
          "column": 2
        },
        "end": {
          "line": 10,
          "column": 39
        }
      },
      "5": {
        "start": {
          "line": 11,
          "column": 2
        },
        "end": {
          "line": 11,
          "column": 39
        }
      },
      "6": {
        "start": {
          "line": 12,
          "column": 2
        },
        "end": {
          "line": 14,
          "column": 4
        }
      },
      "7": {
        "start": {
          "line": 13,
          "column": 4
        },
        "end": {
          "line": 13,
          "column": 181
        }
      },
      "8": {
        "start": {
          "line": 15,
          "column": 2
        },
        "end": {
          "line": 15,
          "column": 75
        }
      },
      "9": {
        "start": {
          "line": 24,
          "column": 28
        },
        "end": {
          "line": 39,
          "column": 3
        }
      },
      "10": {
        "start": {
          "line": 25,
          "column": 4
        },
        "end": {
          "line": 38,
          "column": 5
        }
      },
      "11": {
        "start": {
          "line": 26,
          "column": 18
        },
        "end": {
          "line": 31,
          "column": 8
        }
      },
      "12": {
        "start": {
          "line": 32,
          "column": 19
        },
        "end": {
          "line": 32,
          "column": 35
        }
      },
      "13": {
        "start": {
          "line": 33,
          "column": 6
        },
        "end": {
          "line": 34,
          "column": 38
        }
      },
      "14": {
        "start": {
          "line": 34,
          "column": 8
        },
        "end": {
          "line": 34,
          "column": 38
        }
      },
      "15": {
        "start": {
          "line": 35,
          "column": 6
        },
        "end": {
          "line": 35,
          "column": 38
        }
      },
      "16": {
        "start": {
          "line": 37,
          "column": 6
        },
        "end": {
          "line": 37,
          "column": 25
        }
      },
      "17": {
        "start": {
          "line": 40,
          "column": 2
        },
        "end": {
          "line": 69,
          "column": 11
        }
      },
      "18": {
        "start": {
          "line": 71,
          "column": 0
        },
        "end": {
          "line": 71,
          "column": 21
        }
      },
      "19": {
        "start": {
          "line": 72,
          "column": 0
        },
        "end": {
          "line": 74,
          "column": 2
        }
      },
      "20": {
        "start": {
          "line": 77,
          "column": 0
        },
        "end": {
          "line": 77,
          "column": 36
        }
      },
      "21": {
        "start": {
          "line": 78,
          "column": 0
        },
        "end": {
          "line": 91,
          "column": 1
        }
      },
      "22": {
        "start": {
          "line": 79,
          "column": 2
        },
        "end": {
          "line": 79,
          "column": 39
        }
      },
      "23": {
        "start": {
          "line": 80,
          "column": 2
        },
        "end": {
          "line": 80,
          "column": 39
        }
      },
      "24": {
        "start": {
          "line": 81,
          "column": 2
        },
        "end": {
          "line": 90,
          "column": 5
        }
      },
      "25": {
        "start": {
          "line": 82,
          "column": 4
        },
        "end": {
          "line": 82,
          "column": 207
        }
      },
      "26": {
        "start": {
          "line": 83,
          "column": 4
        },
        "end": {
          "line": 89,
          "column": 7
        }
      },
      "27": {
        "start": {
          "line": 84,
          "column": 6
        },
        "end": {
          "line": 85,
          "column": 15
        }
      },
      "28": {
        "start": {
          "line": 85,
          "column": 8
        },
        "end": {
          "line": 85,
          "column": 15
        }
      },
      "29": {
        "start": {
          "line": 86,
          "column": 32
        },
        "end": {
          "line": 86,
          "column": 115
        }
      },
      "30": {
        "start": {
          "line": 87,
          "column": 6
        },
        "end": {
          "line": 88,
          "column": 54
        }
      },
      "31": {
        "start": {
          "line": 88,
          "column": 8
        },
        "end": {
          "line": 88,
          "column": 54
        }
      }
    },
    "fnMap": {
      "0": {
        "name": "(anonymous_0)",
        "decl": {
          "start": {
            "line": 12,
            "column": 24
          },
          "end": {
            "line": 12,
            "column": 25
          }
        },
        "loc": {
          "start": {
            "line": 12,
            "column": 38
          },
          "end": {
            "line": 14,
            "column": 3
          }
        },
        "line": 12
      },
      "1": {
        "name": "GoogleSignInBtn",
        "decl": {
          "start": {
            "line": 21,
            "column": 9
          },
          "end": {
            "line": 21,
            "column": 24
          }
        },
        "loc": {
          "start": {
            "line": 23,
            "column": 3
          },
          "end": {
            "line": 70,
            "column": 1
          }
        },
        "line": 23
      },
      "2": {
        "name": "(anonymous_2)",
        "decl": {
          "start": {
            "line": 24,
            "column": 28
          },
          "end": {
            "line": 24,
            "column": 29
          }
        },
        "loc": {
          "start": {
            "line": 24,
            "column": 40
          },
          "end": {
            "line": 39,
            "column": 3
          }
        },
        "line": 24
      },
      "3": {
        "name": "(anonymous_3)",
        "decl": {
          "start": {
            "line": 81,
            "column": 52
          },
          "end": {
            "line": 81,
            "column": 53
          }
        },
        "loc": {
          "start": {
            "line": 81,
            "column": 72
          },
          "end": {
            "line": 90,
            "column": 3
          }
        },
        "line": 81
      },
      "4": {
        "name": "(anonymous_4)",
        "decl": {
          "start": {
            "line": 83,
            "column": 27
          },
          "end": {
            "line": 83,
            "column": 28
          }
        },
        "loc": {
          "start": {
            "line": 83,
            "column": 44
          },
          "end": {
            "line": 89,
            "column": 5
          }
        },
        "line": 83
      }
    },
    "branchMap": {
      "0": {
        "loc": {
          "start": {
            "line": 3,
            "column": 20
          },
          "end": {
            "line": 3,
            "column": 97
          }
        },
        "type": "binary-expr",
        "locations": [
          {
            "start": {
              "line": 3,
              "column": 20
            },
            "end": {
              "line": 3,
              "column": 60
            }
          },
          {
            "start": {
              "line": 3,
              "column": 64
            },
            "end": {
              "line": 3,
              "column": 97
            }
          }
        ],
        "line": 3
      },
      "1": {
        "loc": {
          "start": {
            "line": 6,
            "column": 0
          },
          "end": {
            "line": 16,
            "column": 1
          }
        },
        "type": "if",
        "locations": [
          {
            "start": {
              "line": 6,
              "column": 0
            },
            "end": {
              "line": 16,
              "column": 1
            }
          },
          {
            "start": {},
            "end": {}
          }
        ],
        "line": 6
      },
      "2": {
        "loc": {
          "start": {
            "line": 6,
            "column": 4
          },
          "end": {
            "line": 6,
            "column": 35
          }
        },
        "type": "binary-expr",
        "locations": [
          {
            "start": {
              "line": 6,
              "column": 4
            },
            "end": {
              "line": 6,
              "column": 19
            }
          },
          {
            "start": {
              "line": 6,
              "column": 23
            },
            "end": {
              "line": 6,
              "column": 35
            }
          }
        ],
        "line": 6
      },
      "3": {
        "loc": {
          "start": {
            "line": 7,
            "column": 2
          },
          "end": {
            "line": 9,
            "column": 3
          }
        },
        "type": "if",
        "locations": [
          {
            "start": {
              "line": 7,
              "column": 2
            },
            "end": {
              "line": 9,
              "column": 3
            }
          },
          {
            "start": {},
            "end": {}
          }
        ],
        "line": 7
      },
      "4": {
        "loc": {
          "start": {
            "line": 33,
            "column": 6
          },
          "end": {
            "line": 34,
            "column": 38
          }
        },
        "type": "if",
        "locations": [
          {
            "start": {
              "line": 33,
              "column": 6
            },
            "end": {
              "line": 34,
              "column": 38
            }
          },
          {
            "start": {},
            "end": {}
          }
        ],
        "line": 33
      },
      "5": {
        "loc": {
          "start": {
            "line": 78,
            "column": 0
          },
          "end": {
            "line": 91,
            "column": 1
          }
        },
        "type": "if",
        "locations": [
          {
            "start": {
              "line": 78,
              "column": 0
            },
            "end": {
              "line": 91,
              "column": 1
            }
          },
          {
            "start": {},
            "end": {}
          }
        ],
        "line": 78
      },
      "6": {
        "loc": {
          "start": {
            "line": 78,
            "column": 4
          },
          "end": {
            "line": 78,
            "column": 35
          }
        },
        "type": "binary-expr",
        "locations": [
          {
            "start": {
              "line": 78,
              "column": 4
            },
            "end": {
              "line": 78,
              "column": 19
            }
          },
          {
            "start": {
              "line": 78,
              "column": 23
            },
            "end": {
              "line": 78,
              "column": 35
            }
          }
        ],
        "line": 78
      },
      "7": {
        "loc": {
          "start": {
            "line": 84,
            "column": 6
          },
          "end": {
            "line": 85,
            "column": 15
          }
        },
        "type": "if",
        "locations": [
          {
            "start": {
              "line": 84,
              "column": 6
            },
            "end": {
              "line": 85,
              "column": 15
            }
          },
          {
            "start": {},
            "end": {}
          }
        ],
        "line": 84
      },
      "8": {
        "loc": {
          "start": {
            "line": 87,
            "column": 6
          },
          "end": {
            "line": 88,
            "column": 54
          }
        },
        "type": "if",
        "locations": [
          {
            "start": {
              "line": 87,
              "column": 6
            },
            "end": {
              "line": 88,
              "column": 54
            }
          },
          {
            "start": {},
            "end": {}
          }
        ],
        "line": 87
      }
    },
    "s": {
      "0": 14,
      "1": 14,
      "2": 14,
      "3": 0,
      "4": 14,
      "5": 14,
      "6": 14,
      "7": 14,
      "8": 14,
      "9": 30,
      "10": 0,
      "11": 0,
      "12": 0,
      "13": 0,
      "14": 0,
      "15": 0,
      "16": 0,
      "17": 30,
      "18": 14,
      "19": 14,
      "20": 14,
      "21": 14,
      "22": 14,
      "23": 14,
      "24": 14,
      "25": 14,
      "26": 14,
      "27": 0,
      "28": 0,
      "29": 0,
      "30": 0,
      "31": 0
    },
    "f": {
      "0": 14,
      "1": 30,
      "2": 0,
      "3": 14,
      "4": 0
    },
    "b": {
      "0": [
        14,
        0
      ],
      "1": [
        14,
        0
      ],
      "2": [
        14,
        14
      ],
      "3": [
        0,
        14
      ],
      "4": [
        0,
        0
      ],
      "5": [
        14,
        0
      ],
      "6": [
        14,
        14
      ],
      "7": [
        0,
        0
      ],
      "8": [
        0,
        0
      ]
    },
    "inputSourceMap": {
      "version": 3,
      "mappings": "AAkCQ;AAlCR,OAAOA,oBAAkB;AAAA;AAAA;AAAA;AAAA;AAAA;AAAA;AAAA;AAAA;AAAA;AAAA;AAAA;AAAA;AAAA;AAAA;AAAA;AACzB,OAAOC,eAAe;AACtB,OAAOC,WAAW;AAClB,OAAOC,YAAY;AAEnB,SAASC,gBAAgB;AAAA,EAAEC;AAAM,GAAG;AAClC,QAAMC,oBAAoB,YAAY;AACpC,QAAI;AACF,YAAMC,MAAM,MAAMC,MACf,UAASC,YAAYC,IAAIC,eAAgB,uBAC1C;AAAA,QACEC,QAAQ;AAAA,QACRC,SAAS;AAAA,UACP,gBAAgB;AAAA,QAClB;AAAA,MACF,CACF;AACA,YAAMC,OAAO,MAAMP,IAAIQ,KAAK;AAC5B,UAAID,KAAKE,WAAW;AAAO,cAAM,IAAIC,MAAMH,KAAKI,OAAO;AACvDC,aAAOC,SAASC,OAAOP,KAAKQ;AAAAA,IAC9B,SAASC,KAAK;AACZrB,YAAMqB,IAAIL,OAAO;AAAA,IACnB;AAAA,EACF;AACA,SACE,uBAAC,SACC,iCAAC,UACC,iBAAgB,SAChB,aAAY,QACZ,YAAW,SACX,SAASZ,mBACT,MAAI,MACJ,OAEA;AAAA,2BAAC,UACC,MAAK,WACL,GAAE,sSAFJ;AAAA;AAAA;AAAA;AAAA,WAEsS;AAAA,IAEtS,uBAAC,UACC,MAAK,WACL,GAAE,uKAFJ;AAAA;AAAA;AAAA;AAAA,WAEuK;AAAA,IAEvK,uBAAC,UACC,MAAK,WACL,GAAE,mKAFJ;AAAA;AAAA;AAAA;AAAA,WAEmK;AAAA,IAEnK,uBAAC,UACC,MAAK,WACL,GAAE,0LAFJ;AAAA;AAAA;AAAA;AAAA,WAE0L;AAAA,OAtB5L;AAAA;AAAA;AAAA;AAAA,SAwBA,KAzBF;AAAA;AAAA;AAAA;AAAA,SA0BA;AAEJ;AAACkB,KAhDQpB;AAkDTA,gBAAgBqB,YAAY;AAAA,EAC1BpB,OAAOJ,UAAUyB,OAAOC;AAC1B;AAEA,eAAevB;AAAgB,IAAAoB;AAAAI,aAAAJ,IAAA",
      "names": [
        "React",
        "PropTypes",
        "toast",
        "Button",
        "GoogleSignInBtn",
        "label",
        "handleGoogleLogin",
        "res",
        "fetch",
        "import",
        "env",
        "VITE_API_DOMAIN",
        "method",
        "headers",
        "data",
        "json",
        "status",
        "Error",
        "message",
        "window",
        "location",
        "href",
        "url",
        "err",
        "_c",
        "propTypes",
        "string",
        "isRequired",
        "$RefreshReg$"
      ],
      "sources": [
        "F:/LockD/CMP2025/Third_Year/First_Term/CMP3030_Software_Engineering/Code_Coverage/Front-End/src/components/form-controls/GoogleSignIn.jsx"
      ],
      "file": "F:/LockD/CMP2025/Third_Year/First_Term/CMP3030_Software_Engineering/Code_Coverage/Front-End/src/components/form-controls/GoogleSignIn.jsx"
    },
    "_coverageSchema": "1a1c01bbd47fc00a2c39e90264f33305004495a9",
    "hash": "c2a0bc7c809647348db01dd05a1a6a4804dca628"
  },
  "F:/LockD/CMP2025/Third_Year/First_Term/CMP3030_Software_Engineering/Code_Coverage/Front-End/src/components/landingPage/NewAccountForm.jsx": {
    "path": "F:/LockD/CMP2025/Third_Year/First_Term/CMP3030_Software_Engineering/Code_Coverage/Front-End/src/components/landingPage/NewAccountForm.jsx",
    "statementMap": {
      "0": {
        "start": {
          "line": 3,
          "column": 20
        },
        "end": {
          "line": 3,
          "column": 97
        }
      },
      "1": {
        "start": {
          "line": 6,
          "column": 0
        },
        "end": {
          "line": 16,
          "column": 1
        }
      },
      "2": {
        "start": {
          "line": 7,
          "column": 2
        },
        "end": {
          "line": 9,
          "column": 3
        }
      },
      "3": {
        "start": {
          "line": 8,
          "column": 4
        },
        "end": {
          "line": 8,
          "column": 165
        }
      },
      "4": {
        "start": {
          "line": 10,
          "column": 2
        },
        "end": {
          "line": 10,
          "column": 39
        }
      },
      "5": {
        "start": {
          "line": 11,
          "column": 2
        },
        "end": {
          "line": 11,
          "column": 39
        }
      },
      "6": {
        "start": {
          "line": 12,
          "column": 2
        },
        "end": {
          "line": 14,
          "column": 4
        }
      },
      "7": {
        "start": {
          "line": 13,
          "column": 4
        },
        "end": {
          "line": 13,
          "column": 181
        }
      },
      "8": {
        "start": {
          "line": 15,
          "column": 2
        },
        "end": {
          "line": 15,
          "column": 75
        }
      },
      "9": {
        "start": {
          "line": 21,
          "column": 2
        },
        "end": {
          "line": 99,
          "column": 11
        }
      },
      "10": {
        "start": {
          "line": 101,
          "column": 0
        },
        "end": {
          "line": 101,
          "column": 20
        }
      },
      "11": {
        "start": {
          "line": 104,
          "column": 0
        },
        "end": {
          "line": 104,
          "column": 35
        }
      },
      "12": {
        "start": {
          "line": 105,
          "column": 0
        },
        "end": {
          "line": 118,
          "column": 1
        }
      },
      "13": {
        "start": {
          "line": 106,
          "column": 2
        },
        "end": {
          "line": 106,
          "column": 39
        }
      },
      "14": {
        "start": {
          "line": 107,
          "column": 2
        },
        "end": {
          "line": 107,
          "column": 39
        }
      },
      "15": {
        "start": {
          "line": 108,
          "column": 2
        },
        "end": {
          "line": 117,
          "column": 5
        }
      },
      "16": {
        "start": {
          "line": 109,
          "column": 4
        },
        "end": {
          "line": 109,
          "column": 207
        }
      },
      "17": {
        "start": {
          "line": 110,
          "column": 4
        },
        "end": {
          "line": 116,
          "column": 7
        }
      },
      "18": {
        "start": {
          "line": 111,
          "column": 6
        },
        "end": {
          "line": 112,
          "column": 15
        }
      },
      "19": {
        "start": {
          "line": 112,
          "column": 8
        },
        "end": {
          "line": 112,
          "column": 15
        }
      },
      "20": {
        "start": {
          "line": 113,
          "column": 32
        },
        "end": {
          "line": 113,
          "column": 115
        }
      },
      "21": {
        "start": {
          "line": 114,
          "column": 6
        },
        "end": {
          "line": 115,
          "column": 54
        }
      },
      "22": {
        "start": {
          "line": 115,
          "column": 8
        },
        "end": {
          "line": 115,
          "column": 54
        }
      }
    },
    "fnMap": {
      "0": {
        "name": "(anonymous_0)",
        "decl": {
          "start": {
            "line": 12,
            "column": 24
          },
          "end": {
            "line": 12,
            "column": 25
          }
        },
        "loc": {
          "start": {
            "line": 12,
            "column": 38
          },
          "end": {
            "line": 14,
            "column": 3
          }
        },
        "line": 12
      },
      "1": {
        "name": "NewAccountForm",
        "decl": {
          "start": {
            "line": 20,
            "column": 9
          },
          "end": {
            "line": 20,
            "column": 23
          }
        },
        "loc": {
          "start": {
            "line": 20,
            "column": 26
          },
          "end": {
            "line": 100,
            "column": 1
          }
        },
        "line": 20
      },
      "2": {
        "name": "(anonymous_2)",
        "decl": {
          "start": {
            "line": 108,
            "column": 52
          },
          "end": {
            "line": 108,
            "column": 53
          }
        },
        "loc": {
          "start": {
            "line": 108,
            "column": 72
          },
          "end": {
            "line": 117,
            "column": 3
          }
        },
        "line": 108
      },
      "3": {
        "name": "(anonymous_3)",
        "decl": {
          "start": {
            "line": 110,
            "column": 27
          },
          "end": {
            "line": 110,
            "column": 28
          }
        },
        "loc": {
          "start": {
            "line": 110,
            "column": 44
          },
          "end": {
            "line": 116,
            "column": 5
          }
        },
        "line": 110
      }
    },
    "branchMap": {
      "0": {
        "loc": {
          "start": {
            "line": 3,
            "column": 20
          },
          "end": {
            "line": 3,
            "column": 97
          }
        },
        "type": "binary-expr",
        "locations": [
          {
            "start": {
              "line": 3,
              "column": 20
            },
            "end": {
              "line": 3,
              "column": 60
            }
          },
          {
            "start": {
              "line": 3,
              "column": 64
            },
            "end": {
              "line": 3,
              "column": 97
            }
          }
        ],
        "line": 3
      },
      "1": {
        "loc": {
          "start": {
            "line": 6,
            "column": 0
          },
          "end": {
[...]
          "column": 8
        }
      },
      "3": {
        "start": {
          "line": 16,
          "column": 6
        },
        "end": {
          "line": 16,
          "column": 61
        }
      }
    },
    "fnMap": {
      "0": {
        "name": "reducer",
        "decl": {
          "start": {
            "line": 1,
            "column": 24
          },
          "end": {
            "line": 1,
            "column": 31
          }
        },
        "loc": {
          "start": {
            "line": 1,
            "column": 47
          },
          "end": {
            "line": 18,
            "column": 1
          }
        },
        "line": 1
      }
    },
    "branchMap": {
      "0": {
        "loc": {
          "start": {
            "line": 2,
            "column": 2
          },
          "end": {
            "line": 17,
            "column": 3
          }
        },
        "type": "switch",
        "locations": [
          {
            "start": {
              "line": 3,
              "column": 4
            },
            "end": {
              "line": 8,
              "column": 8
            }
          },
          {
            "start": {
              "line": 9,
              "column": 4
            },
            "end": {
              "line": 14,
              "column": 8
            }
          },
          {
            "start": {
              "line": 15,
              "column": 4
            },
            "end": {
              "line": 16,
              "column": 61
            }
          }
        ],
        "line": 2
      }
    },
    "s": {
      "0": 56,
      "1": 0,
      "2": 56,
      "3": 0
    },
    "f": {
      "0": 56
    },
    "b": {
      "0": [
        0,
        56,
        0
      ]
    },
    "inputSourceMap": {
      "version": 3,
      "sources": [
        "F:/LockD/CMP2025/Third_Year/First_Term/CMP3030_Software_Engineering/Code_Coverage/Front-End/src/contexts/Auth/reducer.js"
      ],
      "names": [],
      "mappings": "AAAA,MAAM,CAAC,OAAO,CAAC,QAAQ,CAAC,OAAO,CAAC,KAAK,CAAC,CAAC,MAAM,CAAC,CAAC,CAAC,CAAC;AACjD,CAAC,CAAC,MAAM,CAAC,CAAC,MAAM,CAAC,IAAI,CAAC,CAAC,CAAC,CAAC;AACzB,CAAC,CAAC,CAAC,CAAC,IAAI,CAAC,CAAC,KAAK,CAAC,CAAC,CAAC;AAClB,CAAC,CAAC,CAAC,CAAC,CAAC,CAAC,MAAM,CAAC,CAAC,CAAC;AACf,CAAC,CAAC,CAAC,CAAC,CAAC,CAAC,CAAC,CAAC,CAAC,CAAC,CAAC,KAAK,CAAC,CAAC;AAClB,CAAC,CAAC,CAAC,CAAC,CAAC,CAAC,CAAC,CAAC,eAAe,CAAC,CAAC,IAAI,CAAC,CAAC;AAC/B,CAAC,CAAC,CAAC,CAAC,CAAC,CAAC,CAAC,CAAC,IAAI,CAAC,CAAC,MAAM,CAAC,OAAO,CAAC,CAAC;AAC9B,CAAC,CAAC,CAAC,CAAC,CAAC,CAAC,CAAC,CAAC,CAAC;AACT,CAAC,CAAC,CAAC,CAAC,IAAI,CAAC,CAAC,MAAM,CAAC,CAAC,CAAC;AACnB,CAAC,CAAC,CAAC,CAAC,CAAC,CAAC,MAAM,CAAC,CAAC,CAAC;AACf,CAAC,CAAC,CAAC,CAAC,CAAC,CAAC,CAAC,CAAC,CAAC,CAAC,CAAC,KAAK,CAAC,CAAC;AAClB,CAAC,CAAC,CAAC,CAAC,CAAC,CAAC,CAAC,CAAC,eAAe,CAAC,CAAC,KAAK,CAAC,CAAC;AAChC,CAAC,CAAC,CAAC,CAAC,CAAC,CAAC,CAAC,CAAC,IAAI,CAAC,CAAC,IAAI,CAAC,CAAC;AACpB,CAAC,CAAC,CAAC,CAAC,CAAC,CAAC,CAAC,CAAC,CAAC;AACT,CAAC,CAAC,CAAC,CAAC,OAAO,CAAC,CAAC;AACb,CAAC,CAAC,CAAC,CAAC,CAAC,CAAC,KAAK,CAAC,GAAG,CAAC,KAAK,CAAC,CAAC,OAAO,CAAC,MAAM,CAAC,IAAI,CAAC,CAAC,CAAC,CAAC,MAAM,CAAC,IAAI,CAAC,CAAC,CAAC,CAAC,CAAC;AAC9D,CAAC,CAAC,CAAC,CAAC;AACJ,CAAC,CAAC;"
    },
    "_coverageSchema": "1a1c01bbd47fc00a2c39e90264f33305004495a9",
    "hash": "b4af7426e558a20f089d45eff0f0d0a5cbfbd1ab"
  },
  "F:/LockD/CMP2025/Third_Year/First_Term/CMP3030_Software_Engineering/Code_Coverage/Front-End/src/contexts/Auth/AuthProvider.jsx": {
    "path": "F:/LockD/CMP2025/Third_Year/First_Term/CMP3030_Software_Engineering/Code_Coverage/Front-End/src/contexts/Auth/AuthProvider.jsx",
    "statementMap": {
      "0": {
        "start": {
          "line": 3,
          "column": 20
        },
        "end": {
          "line": 3,
          "column": 97
        }
      },
      "1": {
        "start": {
          "line": 6,
          "column": 0
        },
        "end": {
          "line": 16,
          "column": 1
        }
      },
      "2": {
        "start": {
          "line": 7,
          "column": 2
        },
        "end": {
          "line": 9,
          "column": 3
        }
      },
      "3": {
        "start": {
          "line": 8,
          "column": 4
        },
        "end": {
          "line": 8,
          "column": 165
        }
      },
      "4": {
        "start": {
          "line": 10,
          "column": 2
        },
        "end": {
          "line": 10,
          "column": 39
        }
      },
      "5": {
        "start": {
          "line": 11,
          "column": 2
        },
        "end": {
          "line": 11,
          "column": 39
        }
      },
      "6": {
        "start": {
          "line": 12,
          "column": 2
        },
        "end": {
          "line": 14,
          "column": 4
        }
      },
      "7": {
        "start": {
          "line": 13,
          "column": 4
        },
        "end": {
          "line": 13,
          "column": 170
        }
      },
      "8": {
        "start": {
          "line": 15,
          "column": 2
        },
        "end": {
          "line": 15,
          "column": 75
        }
      },
      "9": {
        "start": {
          "line": 17,
          "column": 9
        },
        "end": {
          "line": 17,
          "column": 23
        }
      },
      "10": {
        "start": {
          "line": 22,
          "column": 21
        },
        "end": {
          "line": 25,
          "column": 1
        }
      },
      "11": {
        "start": {
          "line": 29,
          "column": 2
        },
        "end": {
          "line": 29,
          "column": 7
        }
      },
      "12": {
        "start": {
          "line": 33,
          "column": 17
        },
        "end": {
          "line": 33,
          "column": 50
        }
      },
      "13": {
        "start": {
          "line": 34,
          "column": 2
        },
        "end": {
          "line": 42,
          "column": 11
        }
      },
      "14": {
        "start": {
          "line": 34,
          "column": 78
        },
        "end": {
          "line": 38,
          "column": 3
        }
      },
      "15": {
        "start": {
          "line": 44,
          "column": 0
        },
        "end": {
          "line": 44,
          "column": 49
        }
      },
      "16": {
        "start": {
          "line": 45,
          "column": 0
        },
        "end": {
          "line": 45,
          "column": 18
        }
      },
      "17": {
        "start": {
          "line": 46,
          "column": 0
        },
        "end": {
          "line": 48,
          "column": 2
        }
      },
      "18": {
        "start": {
          "line": 49,
          "column": 0
        },
        "end": {
          "line": 51,
          "column": 2
        }
      },
      "19": {
        "start": {
          "line": 54,
          "column": 0
        },
        "end": {
          "line": 54,
          "column": 33
        }
      },
      "20": {
        "start": {
          "line": 55,
          "column": 0
        },
        "end": {
          "line": 68,
          "column": 1
        }
      },
      "21": {
        "start": {
          "line": 56,
          "column": 2
        },
        "end": {
          "line": 56,
          "column": 39
        }
      },
      "22": {
        "start": {
          "line": 57,
          "column": 2
        },
        "end": {
          "line": 57,
          "column": 39
        }
      },
      "23": {
        "start": {
          "line": 58,
          "column": 2
        },
        "end": {
          "line": 67,
          "column": 5
        }
      },
      "24": {
        "start": {
          "line": 59,
          "column": 4
        },
        "end": {
          "line": 59,
          "column": 196
        }
      },
      "25": {
        "start": {
          "line": 60,
          "column": 4
        },
        "end": {
          "line": 66,
          "column": 7
        }
      },
      "26": {
        "start": {
          "line": 61,
          "column": 6
        },
        "end": {
          "line": 62,
          "column": 15
        }
      },
      "27": {
        "start": {
          "line": 62,
          "column": 8
        },
        "end": {
          "line": 62,
          "column": 15
        }
      },
      "28": {
        "start": {
          "line": 63,
          "column": 32
        },
        "end": {
          "line": 63,
          "column": 115
        }
      },
      "29": {
        "start": {
          "line": 64,
          "column": 6
        },
        "end": {
          "line": 65,
          "column": 54
        }
      },
      "30": {
        "start": {
          "line": 65,
          "column": 8
        },
        "end": {
          "line": 65,
          "column": 54
        }
      }
    },
    "fnMap": {
      "0": {
        "name": "(anonymous_0)",
        "decl": {
          "start": {
            "line": 12,
            "column": 24
          },
          "end": {
            "line": 12,
            "column": 25
          }
        },
        "loc": {
          "start": {
            "line": 12,
            "column": 38
          },
          "end": {
            "line": 14,
            "column": 3
          }
        },
        "line": 12
      },
      "1": {
        "name": "AuthProvider",
        "decl": {
          "start": {
            "line": 26,
            "column": 9
          },
          "end": {
            "line": 26,
            "column": 21
          }
        },
        "loc": {
          "start": {
            "line": 28,
            "column": 3
          },
          "end": {
            "line": 43,
            "column": 1
          }
        },
        "line": 28
      },
      "2": {
        "name": "(anonymous_2)",
        "decl": {
          "start": {
            "line": 34,
            "column": 71
          },
          "end": {
            "line": 34,
            "column": 72
          }
        },
        "loc": {
          "start": {
            "line": 34,
            "column": 78
          },
          "end": {
            "line": 38,
            "column": 3
          }
        },
        "line": 34
      },
      "3": {
        "name": "(anonymous_3)",
        "decl": {
          "start": {
            "line": 58,
            "column": 52
          },
          "end": {
            "line": 58,
            "column": 53
          }
        },
        "loc": {
          "start": {
            "line": 58,
            "column": 72
          },
          "end": {
            "line": 67,
            "column": 3
          }
        },
        "line": 58
      },
      "4": {
        "name": "(anonymous_4)",
        "decl": {
          "start": {
            "line": 60,
            "column": 27
          },
          "end": {
            "line": 60,
            "column": 28
          }
        },
        "loc": {
          "start": {
            "line": 60,
            "column": 44
          },
          "end": {
            "line": 66,
            "column": 5
          }
        },
        "line": 60
      }
    },
    "branchMap": {
      "0": {
        "loc": {
          "start": {
            "line": 3,
            "column": 20
          },
          "end": {
            "line": 3,
            "column": 97
          }
        },
        "type": "binary-expr",
        "locations": [
          {
            "start": {
              "line": 3,
              "column": 20
            },
            "end": {
              "line": 3,
              "column": 60
            }
          },
          {
            "start": {
              "line": 3,
              "column": 64
            },
            "end": {
              "line": 3,
              "column": 97
            }
          }
        ],
        "line": 3
      },
      "1": {
        "loc": {
          "start": {
            "line": 6,
            "column": 0
          },
          "end": {
            "line": 16,
            "column": 1
          }
        },
        "type": "if",
        "locations": [
          {
            "start": {
              "line": 6,
              "column": 0
            },
            "end": {
              "line": 16,
              "column": 1
            }
          },
          {
            "start": {},
            "end": {}
          }
        ],
        "line": 6
      },
      "2": {
        "loc": {
          "start": {
            "line": 6,
            "column": 4
          },
          "end": {
            "line": 6,
            "column": 35
          }
        },
        "type": "binary-expr",
        "locations": [
          {
            "start": {
              "line": 6,
              "column": 4
            },
            "end": {
              "line": 6,
              "column": 19
            }
          },
          {
            "start": {
              "line": 6,
              "column": 23
            },
            "end": {
              "line": 6,
              "column": 35
            }
          }
        ],
        "line": 6
      },
      "3": {
        "loc": {
          "start": {
            "line": 7,
            "column": 2
          },
          "end": {
            "line": 9,
            "column": 3
          }
        },
        "type": "if",
        "locations": [
          {
            "start": {
              "line": 7,
              "column": 2
            },
            "end": {
              "line": 9,
              "column": 3
            }
          },
          {
            "start": {},
            "end": {}
          }
        ],
        "line": 7
      },
      "4": {
        "loc": {
          "start": {
            "line": 55,
            "column": 0
          },
          "end": {
            "line": 68,
            "column": 1
          }
        },
        "type": "if",
        "locations": [
          {
            "start": {
              "line": 55,
              "column": 0
            },
            "end": {
              "line": 68,
              "column": 1
            }
          },
          {
            "start": {},
            "end": {}
          }
        ],
        "line": 55
      },
      "5": {
        "loc": {
          "start": {
            "line": 55,
            "column": 4
          },
          "end": {
            "line": 55,
            "column": 35
          }
        },
        "type": "binary-expr",
        "locations": [
          {
            "start": {
              "line": 55,
              "column": 4
            },
            "end": {
              "line": 55,
              "column": 19
            }
          },
          {
            "start": {
              "line": 55,
              "column": 23
            },
            "end": {
              "line": 55,
              "column": 35
            }
          }
        ],
        "line": 55
      },
      "6": {
        "loc": {
          "start": {
            "line": 61,
            "column": 6
          },
          "end": {
            "line": 62,
            "column": 15
          }
        },
        "type": "if",
        "locations": [
          {
            "start": {
              "line": 61,
              "column": 6
            },
            "end": {
              "line": 62,
              "column": 15
            }
          },
          {
            "start": {},
            "end": {}
          }
        ],
        "line": 61
      },
      "7": {
        "loc": {
          "start": {
            "line": 64,
            "column": 6
          },
          "end": {
            "line": 65,
            "column": 54
          }
        },
        "type": "if",
        "locations": [
          {
            "start": {
              "line": 64,
              "column": 6
            },
            "end": {
              "line": 65,
              "column": 54
            }
          },
          {
            "start": {},
            "end": {}
          }
        ],
        "line": 64
      }
    },
    "s": {
      "0": 14,
      "1": 14,
      "2": 14,
      "3": 0,
      "4": 14,
      "5": 14,
      "6": 14,
      "7": 14,
      "8": 14,
      "9": 14,
      "10": 14,
      "11": 84,
      "12": 84,
      "13": 84,
      "14": 28,
      "15": 14,
      "16": 14,
      "17": 14,
      "18": 14,
      "19": 14,
      "20": 14,
      "21": 14,
      "22": 14,
      "23": 14,
      "24": 14,
      "25": 14,
      "26": 0,
      "27": 0,
      "28": 0,
      "29": 0,
      "30": 0
    },
    "f": {
      "0": 14,
      "1": 84,
      "2": 28,
      "3": 14,
      "4": 0
    },
    "b": {
      "0": [
        14,
        0
      ],
      "1": [
        14,
        0
      ],
      "2": [
        14,
        14
      ],
      "3": [
        0,
        14
      ],
      "4": [
        14,
        0
      ],
      "5": [
        14,
        14
      ],
      "6": [
        0,
        0
      ],
      "7": [
        0,
        0
      ]
    },
    "inputSourceMap": {
      "version": 3,
      "mappings": "AAgBI;;;;;;;;;;;;;;;;;AAhBJ,OAAOA,SAASC,SAASC,kBAAkB;AAC3C,OAAOC,eAAe;AACtB,SAASC,mBAAmB;AAC5B,OAAOC,aAAa;AAEpB,MAAMC,eAAe;AAAA,EACnBC,MAAM;AAAA,EACNC,iBAAiB;AACnB;AAEA,SAASC,aAAa;AAAA,EAAEC;AAAS,GAAG;AAAAC,KAAA;AAClC,QAAM,CAAC;AAAA,IAAEJ;AAAAA,IAAMC;AAAAA,EAAgB,GAAGI,QAAQ,IAAIV,WAC5CG,SACAC,YACF;AACA,SACE,uBAAC,YAAY,UAAZ,EACC,OAAOL,QACL,OAAO;AAAA,IAAEM;AAAAA,IAAMC;AAAAA,IAAiBI;AAAAA,EAAS,IACzC,CAACL,MAAMC,iBAAiBI,QAAQ,CAClC,GAECF,YANH;AAAA;AAAA;AAAA;AAAA,SAOA;AAEJ;AAACC,GAfQF,cAAY;AAAAI,KAAZJ;AAiBTA,aAAaK,eAAe;AAAA,EAC1BJ,UAAU;AACZ;AACAD,aAAaM,YAAY;AAAA,EACvBL,UAAUP,UAAUa;AACtB;AACA,eAAeP;AAAa,IAAAI;AAAAI,aAAAJ,IAAA",
      "names": [
        "React",
        "useMemo",
        "useReducer",
        "PropTypes",
        "AuthContext",
        "reducer",
        "initialState",
        "user",
        "isAuthenticated",
        "AuthProvider",
        "children",
        "_s",
        "dispatch",
        "_c",
        "defaultProps",
        "propTypes",
        "node",
        "$RefreshReg$"
      ],
      "sources": [
        "F:/LockD/CMP2025/Third_Year/First_Term/CMP3030_Software_Engineering/Code_Coverage/Front-End/src/contexts/Auth/AuthProvider.jsx"
      ],
      "file": "F:/LockD/CMP2025/Third_Year/First_Term/CMP3030_Software_Engineering/Code_Coverage/Front-End/src/contexts/Auth/AuthProvider.jsx"
    },
    "_coverageSchema": "1a1c01bbd47fc00a2c39e90264f33305004495a9",
    "hash": "3764d6cdc9c08b8065998af2a7e52a3878b8a779"
  },
  "F:/LockD/CMP2025/Third_Year/First_Term/CMP3030_Software_Engineering/Code_Coverage/Front-End/src/main.jsx": {
    "path": "F:/LockD/CMP2025/Third_Year/First_Term/CMP3030_Software_Engineering/Code_Coverage/Front-End/src/main.jsx",
    "statementMap": {
      "0": {
        "start": {
          "line": 7,
          "column": 0
        },
        "end": {
          "line": 19,
          "column": 10
        }
      }
    },
    "fnMap": {},
    "branchMap": {},
    "s": {
      "0": 14
    },
    "f": {},
    "b": {},
    "inputSourceMap": {
      "version": 3,
      "mappings": "AASM;AATN,OAAOA,WAAW;AAClB,OAAOC,cAAc;AACrB,OAAOC,SAAS;AAChB,OAAO;AACP,OAAOC,kBAAkB;AAEzBF,SAASG,WAAWC,SAASC,eAAe,MAAM,CAAC,EAAEC,OACnD,uBAAC,MAAM,YAAN,EACC,iCAAC,gBACC,iCAAC,SAAD;AAAA;AAAA;AAAA;AAAA,OAAI,KADN;AAAA;AAAA;AAAA;AAAA,OAEA,KAHF;AAAA;AAAA;AAAA;AAAA,OAIA,CACF",
      "names": [
        "React",
        "ReactDOM",
        "App",
        "AuthProvider",
        "createRoot",
        "document",
        "getElementById",
        "render"
      ],
      "sources": [
        "F:/LockD/CMP2025/Third_Year/First_Term/CMP3030_Software_Engineering/Code_Coverage/Front-End/src/main.jsx"
      ],
      "file": "F:/LockD/CMP2025/Third_Year/First_Term/CMP3030_Software_Engineering/Code_Coverage/Front-End/src/main.jsx"
    },
    "_coverageSchema": "1a1c01bbd47fc00a2c39e90264f33305004495a9",
    "hash": "11046b1b52154198f0969cfa7cc5ed0aa587dbdf"
  }
}