<?xml version="1.0" encoding="UTF-8"?>
<coverage generated="1700170469622" clover="3.2.0">
  <project timestamp="1700170469622" name="All files">
    <metrics statements="483" coveredstatements="261" conditionals="369" coveredconditionals="180" methods="129" coveredmethods="56" elements="981" coveredelements="497" complexity="0" loc="483" ncloc="483" packages="11" files="32" classes="32"/>
    <package name="src">
      <metrics statements="18" coveredstatements="17" conditionals="3" coveredconditionals="3" methods="4" coveredmethods="4"/>
      <file name="App.jsx" path="F:/LockD/CMP2025/Third_Year/First_Term/CMP3030_Software_Engineering/Code_Coverage/Front-End/src/App.jsx">
        <metrics statements="17" coveredstatements="16" conditionals="3" coveredconditionals="3" methods="4" coveredmethods="4"/>
        <line num="16" count="80" type="stmt"/>
        <line num="17" count="80" type="stmt"/>
        <line num="18" count="80" type="stmt"/>
        <line num="19" count="80" type="stmt"/>
        <line num="20" count="36" type="stmt"/>
        <line num="21" count="36" type="stmt"/>
        <line num="22" count="36" type="stmt"/>
        <line num="23" count="36" type="stmt"/>
        <line num="35" count="30" type="stmt"/>
        <line num="36" count="30" type="cond" truecount="1" falsecount="0"/>
        <line num="37" count="0" type="stmt"/>
        <line num="39" count="30" type="stmt"/>
        <line num="41" count="30" type="stmt"/>
        <line num="44" count="36" type="stmt"/>
        <line num="47" count="80" type="cond" truecount="2" falsecount="0"/>
        <line num="161" count="18" type="stmt"/>
        <line num="163" count="18" type="stmt"/>
      </file>
      <file name="main.jsx" path="F:/LockD/CMP2025/Third_Year/First_Term/CMP3030_Software_Engineering/Code_Coverage/Front-End/src/main.jsx">
        <metrics statements="1" coveredstatements="1" conditionals="0" coveredconditionals="0" methods="0" coveredmethods="0"/>
        <line num="7" count="18" type="stmt"/>
      </file>
    </package>
    <package name="src.components">
      <metrics statements="34" coveredstatements="27" conditionals="14" coveredconditionals="9" methods="13" coveredmethods="10"/>
      <file name="BoxCard.jsx" path="F:/LockD/CMP2025/Third_Year/First_Term/CMP3030_Software_Engineering/Code_Coverage/Front-End/src/components/BoxCard.jsx">
        <metrics statements="6" coveredstatements="6" conditionals="2" coveredconditionals="2" methods="3" coveredmethods="3"/>
        <line num="5" count="2734" type="stmt"/>
        <line num="6" count="2734" type="stmt"/>
        <line num="7" count="2734" type="stmt"/>
        <line num="20" count="1" type="cond" truecount="2" falsecount="0"/>
        <line num="53" count="18" type="stmt"/>
        <line num="55" count="18" type="stmt"/>
      </file>
      <file name="OwnToaster.jsx" path="F:/LockD/CMP2025/Third_Year/First_Term/CMP3030_Software_Engineering/Code_Coverage/Front-End/src/components/OwnToaster.jsx">
        <metrics statements="4" coveredstatements="4" conditionals="3" coveredconditionals="3" methods="2" coveredmethods="2"/>
        <line num="1" count="144" type="cond" truecount="3" falsecount="0"/>
        <line num="5" count="2734" type="stmt"/>
        <line num="21" count="18" type="stmt"/>
        <line num="23" count="18" type="stmt"/>
      </file>
      <file name="ProtectedRoute.jsx" path="F:/LockD/CMP2025/Third_Year/First_Term/CMP3030_Software_Engineering/Code_Coverage/Front-End/src/components/ProtectedRoute.jsx">
        <metrics statements="10" coveredstatements="4" conditionals="3" coveredconditionals="0" methods="3" coveredmethods="0"/>
        <line num="6" count="0" type="stmt"/>
        <line num="7" count="0" type="stmt"/>
        <line num="8" count="18" type="stmt"/>
        <line num="9" count="0" type="stmt"/>
        <line num="10" count="0" type="cond" truecount="0" falsecount="1"/>
        <line num="11" count="0" type="stmt"/>
        <line num="15" count="0" type="cond" truecount="0" falsecount="2"/>
        <line num="16" count="18" type="stmt"/>
        <line num="17" count="18" type="stmt"/>
        <line num="20" count="18" type="stmt"/>
      </file>
      <file name="Spinner.jsx" path="F:/LockD/CMP2025/Third_Year/First_Term/CMP3030_Software_Engineering/Code_Coverage/Front-End/src/components/Spinner.jsx">
        <metrics statements="4" coveredstatements="4" conditionals="3" coveredconditionals="3" methods="2" coveredmethods="2"/>
        <line num="1" count="144" type="cond" truecount="3" falsecount="0"/>
        <line num="4" count="36" type="stmt"/>
        <line num="14" count="18" type="stmt"/>
        <line num="16" count="18" type="stmt"/>
      </file>
      <file name="UnprotectedRoute.jsx" path="F:/LockD/CMP2025/Third_Year/First_Term/CMP3030_Software_Engineering/Code_Coverage/Front-End/src/components/UnprotectedRoute.jsx">
        <metrics statements="10" coveredstatements="9" conditionals="3" coveredconditionals="1" methods="3" coveredmethods="3"/>
        <line num="6" count="62" type="stmt"/>
        <line num="7" count="62" type="stmt"/>
        <line num="8" count="62" type="stmt"/>
        <line num="9" count="62" type="stmt"/>
        <line num="10" count="46" type="cond" truecount="0" falsecount="1"/>
        <line num="11" count="0" type="stmt"/>
        <line num="15" count="62" type="cond" truecount="1" falsecount="1"/>
        <line num="16" count="18" type="stmt"/>
        <line num="17" count="18" type="stmt"/>
        <line num="20" count="18" type="stmt"/>
      </file>
    </package>
    <package name="src.components.app-layout">
      <metrics statements="4" coveredstatements="3" conditionals="3" coveredconditionals="3" methods="2" coveredmethods="1"/>
      <file name="AppLayout.jsx" path="F:/LockD/CMP2025/Third_Year/First_Term/CMP3030_Software_Engineering/Code_Coverage/Front-End/src/components/app-layout/AppLayout.jsx">
        <metrics statements="4" coveredstatements="3" conditionals="3" coveredconditionals="3" methods="2" coveredmethods="1"/>
        <line num="1" count="144" type="cond" truecount="3" falsecount="0"/>
        <line num="6" count="0" type="stmt"/>
        <line num="57" count="18" type="stmt"/>
        <line num="59" count="18" type="stmt"/>
      </file>
    </package>
    <package name="src.components.form-controls">
      <metrics statements="63" coveredstatements="50" conditionals="157" coveredconditionals="109" methods="21" coveredmethods="16"/>
      <file name="BasicInput.jsx" path="F:/LockD/CMP2025/Third_Year/First_Term/CMP3030_Software_Engineering/Code_Coverage/Front-End/src/components/form-controls/BasicInput.jsx">
        <metrics statements="6" coveredstatements="3" conditionals="7" coveredconditionals="3" methods="3" coveredmethods="1"/>
        <line num="1" count="144" type="cond" truecount="3" falsecount="0"/>
        <line num="5" count="0" type="stmt"/>
        <line num="13" count="0" type="stmt"/>
        <line num="14" count="0" type="stmt"/>
        <line num="47" count="18" type="stmt"/>
        <line num="49" count="18" type="stmt"/>
      </file>
      <file name="Button.jsx" path="F:/LockD/CMP2025/Third_Year/First_Term/CMP3030_Software_Engineering/Code_Coverage/Front-End/src/components/form-controls/Button.jsx">
        <metrics statements="4" coveredstatements="4" conditionals="111" coveredconditionals="70" methods="2" coveredmethods="2"/>
        <line num="1" count="144" type="cond" truecount="3" falsecount="0"/>
        <line num="21" count="2830" type="stmt"/>
        <line num="151" count="18" type="stmt"/>
        <line num="153" count="18" type="stmt"/>
      </file>
      <file name="DorpDownMenu.jsx" path="F:/LockD/CMP2025/Third_Year/First_Term/CMP3030_Software_Engineering/Code_Coverage/Front-End/src/components/form-controls/DorpDownMenu.jsx">
        <metrics statements="7" coveredstatements="7" conditionals="3" coveredconditionals="3" methods="4" coveredmethods="4"/>
        <line num="1" count="144" type="cond" truecount="3" falsecount="0"/>
        <line num="8" count="8202" type="stmt"/>
        <line num="9" count="34" type="stmt"/>
        <line num="11" count="8202" type="stmt"/>
        <line num="22" count="455374" type="stmt"/>
        <line num="44" count="18" type="stmt"/>
        <line num="46" count="18" type="stmt"/>
      </file>
      <file name="GoogleSignIn.jsx" path="F:/LockD/CMP2025/Third_Year/First_Term/CMP3030_Software_Engineering/Code_Coverage/Front-End/src/components/form-controls/GoogleSignIn.jsx">
        <metrics statements="12" coveredstatements="6" conditionals="4" coveredconditionals="3" methods="3" coveredmethods="2"/>
        <line num="1" count="144" type="cond" truecount="3" falsecount="0"/>
        <line num="7" count="32" type="stmt"/>
        <line num="8" count="0" type="stmt"/>
        <line num="9" count="0" type="stmt"/>
        <line num="18" count="0" type="stmt"/>
        <line num="19" count="0" type="cond" truecount="0" falsecount="1"/>
        <line num="20" count="0" type="stmt"/>
        <line num="22" count="0" type="stmt"/>
        <line num="25" count="32" type="stmt"/>
        <line num="54" count="18" type="stmt"/>
        <line num="56" count="18" type="stmt"/>
        <line num="60" count="18" type="stmt"/>
      </file>
      <file name="emailInput.jsx" path="F:/LockD/CMP2025/Third_Year/First_Term/CMP3030_Software_Engineering/Code_Coverage/Front-End/src/components/form-controls/emailInput.jsx">
        <metrics statements="10" coveredstatements="10" conditionals="11" coveredconditionals="11" methods="3" coveredmethods="3"/>
        <line num="1" count="144" type="cond" truecount="3" falsecount="0"/>
        <line num="7" count="2734" type="stmt"/>
        <line num="8" count="2734" type="stmt"/>
        <line num="9" count="361" type="stmt"/>
        <line num="10" count="361" type="cond" truecount="2" falsecount="0"/>
        <line num="11" count="40" type="stmt"/>
        <line num="12" count="321" type="stmt"/>
        <line num="15" count="2734" type="stmt"/>
        <line num="59" count="18" type="stmt"/>
        <line num="61" count="18" type="stmt"/>
      </file>
      <file name="nameInput.jsx" path="F:/LockD/CMP2025/Third_Year/First_Term/CMP3030_Software_Engineering/Code_Coverage/Front-End/src/components/form-controls/nameInput.jsx">
        <metrics statements="12" coveredstatements="12" conditionals="11" coveredconditionals="11" methods="2" coveredmethods="2"/>
        <line num="6" count="5468" type="stmt"/>
        <line num="7" count="5468" type="stmt"/>
        <line num="9" count="5468" type="stmt"/>
        <line num="10" count="395" type="stmt"/>
        <line num="11" count="395" type="cond" truecount="1" falsecount="0"/>
        <line num="12" count="395" type="cond" truecount="4" falsecount="0"/>
        <line num="13" count="2" type="stmt"/>
        <line num="14" count="2" type="stmt"/>
        <line num="15" count="393" type="stmt"/>
        <line num="17" count="5468" type="stmt"/>
        <line num="69" count="18" type="stmt"/>
        <line num="71" count="18" type="stmt"/>
      </file>
      <file name="passwordInput.jsx" path="F:/LockD/CMP2025/Third_Year/First_Term/CMP3030_Software_Engineering/Code_Coverage/Front-End/src/components/form-controls/passwordInput.jsx">
        <metrics statements="12" coveredstatements="8" conditionals="10" coveredconditionals="8" methods="4" coveredmethods="2"/>
        <line num="4" count="5468" type="stmt"/>
        <line num="5" count="5468" type="stmt"/>
        <line num="7" count="5468" type="stmt"/>
        <line num="9" count="5468" type="stmt"/>
        <line num="18" count="258" type="stmt"/>
        <line num="19" count="258" type="stmt"/>
        <line num="52" count="0" type="stmt"/>
        <line num="53" count="0" type="stmt"/>
        <line num="66" count="0" type="stmt"/>
        <line num="67" count="0" type="stmt"/>
        <line num="87" count="18" type="stmt"/>
        <line num="89" count="18" type="stmt"/>
      </file>
    </package>
    <package name="src.components.landingPage">
      <metrics statements="8" coveredstatements="8" conditionals="6" coveredconditionals="6" methods="4" coveredmethods="4"/>
      <file name="LandingPage.jsx" path="F:/LockD/CMP2025/Third_Year/First_Term/CMP3030_Software_Engineering/Code_Coverage/Front-End/src/components/landingPage/LandingPage.jsx">
        <metrics statements="4" coveredstatements="4" conditionals="3" coveredconditionals="3" methods="2" coveredmethods="2"/>
        <line num="1" count="144" type="cond" truecount="3" falsecount="0"/>
        <line num="6" count="32" type="stmt"/>
        <line num="37" count="18" type="stmt"/>
        <line num="39" count="18" type="stmt"/>
      </file>
      <file name="NewAccountForm.jsx" path="F:/LockD/CMP2025/Third_Year/First_Term/CMP3030_Software_Engineering/Code_Coverage/Front-End/src/components/landingPage/NewAccountForm.jsx">
        <metrics statements="4" coveredstatements="4" conditionals="3" coveredconditionals="3" methods="2" coveredmethods="2"/>
        <line num="1" count="144" type="cond" truecount="3" falsecount="0"/>
        <line num="6" count="32" type="stmt"/>
        <line num="37" count="18" type="stmt"/>
        <line num="39" count="18" type="stmt"/>
      </file>
    </package>
    <package name="src.components.login-page">
      <metrics statements="73" coveredstatements="10" conditionals="32" coveredconditionals="0" methods="11" coveredmethods="0"/>
      <file name="ForgotPassword.jsx" path="F:/LockD/CMP2025/Third_Year/First_Term/CMP3030_Software_Engineering/Code_Coverage/Front-End/src/components/login-page/ForgotPassword.jsx">
        <metrics statements="18" coveredstatements="3" conditionals="8" coveredconditionals="0" methods="2" coveredmethods="0"/>
        <line num="10" count="18" type="stmt"/>
        <line num="11" count="0" type="stmt"/>
        <line num="12" count="0" type="stmt"/>
        <line num="13" count="0" type="stmt"/>
        <line num="14" count="0" type="stmt"/>
        <line num="16" count="0" type="stmt"/>
        <line num="17" count="0" type="stmt"/>
        <line num="18" count="0" type="stmt"/>
        <line num="19" count="0" type="stmt"/>
        <line num="32" count="0" type="stmt"/>
        <line num="33" count="0" type="cond" truecount="0" falsecount="1"/>
        <line num="34" count="0" type="stmt"/>
        <line num="36" count="0" type="stmt"/>
        <line num="38" count="0" type="stmt"/>
        <line num="42" count="0" type="cond" truecount="0" falsecount="1"/>
        <line num="44" count="0" type="stmt"/>
        <line num="89" count="18" type="stmt"/>
        <line num="91" count="18" type="stmt"/>
      </file>
      <file name="Login.jsx" path="F:/LockD/CMP2025/Third_Year/First_Term/CMP3030_Software_Engineering/Code_Coverage/Front-End/src/components/login-page/Login.jsx">
        <metrics statements="21" coveredstatements="3" conditionals="6" coveredconditionals="0" methods="3" coveredmethods="0"/>
        <line num="13" count="0" type="stmt"/>
        <line num="14" count="0" type="stmt"/>
        <line num="15" count="0" type="stmt"/>
        <line num="16" count="0" type="stmt"/>
        <line num="17" count="0" type="stmt"/>
        <line num="18" count="0" type="stmt"/>
        <line num="19" count="0" type="stmt"/>
        <line num="20" count="18" type="stmt"/>
        <line num="22" count="0" type="stmt"/>
        <line num="23" count="0" type="stmt"/>
        <line num="24" count="0" type="stmt"/>
        <line num="25" count="0" type="stmt"/>
        <line num="38" count="0" type="stmt"/>
        <line num="39" count="0" type="cond" truecount="0" falsecount="1"/>
        <line num="40" count="0" type="stmt"/>
        <line num="41" count="0" type="stmt"/>
        <line num="43" count="0" type="stmt"/>
        <line num="45" count="0" type="stmt"/>
        <line num="49" count="0" type="stmt"/>
        <line num="123" count="18" type="stmt"/>
        <line num="125" count="18" type="stmt"/>
      </file>
      <file name="NewPassword.jsx" path="F:/LockD/CMP2025/Third_Year/First_Term/CMP3030_Software_Engineering/Code_Coverage/Front-End/src/components/login-page/NewPassword.jsx">
        <metrics statements="34" coveredstatements="4" conditionals="18" coveredconditionals="0" methods="6" coveredmethods="0"/>
        <line num="12" count="0" type="stmt"/>
        <line num="13" count="0" type="stmt"/>
        <line num="14" count="0" type="stmt"/>
        <line num="15" count="0" type="stmt"/>
        <line num="16" count="0" type="stmt"/>
        <line num="17" count="0" type="stmt"/>
        <line num="18" count="0" type="stmt"/>
        <line num="19" count="18" type="stmt"/>
        <line num="21" count="0" type="stmt"/>
        <line num="22" count="0" type="cond" truecount="0" falsecount="3"/>
        <line num="23" count="0" type="stmt"/>
        <line num="27" count="0" type="cond" truecount="0" falsecount="3"/>
        <line num="28" count="0" type="stmt"/>
        <line num="33" count="0" type="stmt"/>
        <line num="34" count="0" type="cond" truecount="0" falsecount="2"/>
        <line num="39" count="0" type="stmt"/>
        <line num="40" count="0" type="stmt"/>
        <line num="43" count="0" type="stmt"/>
        <line num="44" count="0" type="stmt"/>
        <line num="45" count="0" type="stmt"/>
        <line num="46" count="0" type="stmt"/>
        <line num="63" count="0" type="stmt"/>
        <line num="64" count="0" type="cond" truecount="0" falsecount="1"/>
        <line num="65" count="0" type="stmt"/>
        <line num="66" count="0" type="stmt"/>
        <line num="68" count="0" type="stmt"/>
        <line num="70" count="0" type="stmt"/>
        <line num="74" count="0" type="stmt"/>
        <line num="75" count="0" type="stmt"/>
        <line num="76" count="0" type="stmt"/>
        <line num="79" count="0" type="stmt"/>
        <line num="154" count="18" type="stmt"/>
        <line num="155" count="18" type="stmt"/>
        <line num="158" count="18" type="stmt"/>
      </file>
    </package>
    <package name="src.components.navigation-bars">
      <metrics statements="24" coveredstatements="12" conditionals="13" coveredconditionals="3" methods="11" coveredmethods="1"/>
      <file name="ListNav.jsx" path="F:/LockD/CMP2025/Third_Year/First_Term/CMP3030_Software_Engineering/Code_Coverage/Front-End/src/components/navigation-bars/ListNav.jsx">
        <metrics statements="7" coveredstatements="4" conditionals="5" coveredconditionals="3" methods="4" coveredmethods="1"/>
        <line num="1" count="144" type="cond" truecount="3" falsecount="0"/>
        <line num="7" count="0" type="stmt"/>
        <line num="11" count="0" type="stmt"/>
        <line num="15" count="0" type="cond" truecount="0" falsecount="2"/>
        <line num="28" count="18" type="stmt"/>
        <line num="29" count="18" type="stmt"/>
        <line num="37" count="18" type="stmt"/>
      </file>
      <file name="NavBar.jsx" path="F:/LockD/CMP2025/Third_Year/First_Term/CMP3030_Software_Engineering/Code_Coverage/Front-End/src/components/navigation-bars/NavBar.jsx">
        <metrics statements="9" coveredstatements="4" conditionals="0" coveredconditionals="0" methods="4" coveredmethods="0"/>
        <line num="9" count="0" type="stmt"/>
        <line num="10" count="18" type="stmt"/>
        <line num="11" count="0" type="stmt"/>
        <line num="12" count="0" type="stmt"/>
        <line num="14" count="0" type="stmt"/>
        <line num="37" count="0" type="stmt"/>
        <line num="130" count="18" type="stmt"/>
        <line num="131" count="18" type="stmt"/>
        <line num="141" count="18" type="stmt"/>
      </file>
      <file name="NavItem.jsx" path="F:/LockD/CMP2025/Third_Year/First_Term/CMP3030_Software_Engineering/Code_Coverage/Front-End/src/components/navigation-bars/NavItem.jsx">
        <metrics statements="8" coveredstatements="4" conditionals="8" coveredconditionals="0" methods="3" coveredmethods="0"/>
        <line num="5" count="18" type="stmt"/>
        <line num="7" count="0" type="stmt"/>
        <line num="8" count="0" type="stmt"/>
        <line num="11" count="0" type="stmt"/>
        <line num="14" count="0" type="cond" truecount="0" falsecount="2"/>
        <line num="57" count="18" type="stmt"/>
        <line num="59" count="18" type="stmt"/>
        <line num="66" count="18" type="stmt"/>
      </file>
    </package>
    <package name="src.components.sign-up">
      <metrics statements="148" coveredstatements="103" conditionals="78" coveredconditionals="46" methods="24" coveredmethods="16"/>
      <file name="EmailConfirm.jsx" path="F:/LockD/CMP2025/Third_Year/First_Term/CMP3030_Software_Engineering/Code_Coverage/Front-End/src/components/sign-up/EmailConfirm.jsx">
        <metrics statements="31" coveredstatements="5" conditionals="13" coveredconditionals="0" methods="4" coveredmethods="0"/>
        <line num="12" count="0" type="cond" truecount="0" falsecount="2"/>
        <line num="13" count="0" type="stmt"/>
        <line num="14" count="0" type="stmt"/>
        <line num="15" count="0" type="stmt"/>
        <line num="16" count="0" type="stmt"/>
        <line num="17" count="18" type="stmt"/>
        <line num="18" count="0" type="stmt"/>
        <line num="19" count="0" type="stmt"/>
        <line num="20" count="0" type="stmt"/>
        <line num="21" count="0" type="stmt"/>
        <line num="31" count="0" type="stmt"/>
        <line num="32" count="0" type="cond" truecount="0" falsecount="1"/>
        <line num="33" count="0" type="stmt"/>
        <line num="35" count="0" type="stmt"/>
        <line num="37" count="0" type="stmt"/>
        <line num="41" count="0" type="stmt"/>
        <line num="42" count="0" type="stmt"/>
        <line num="43" count="0" type="stmt"/>
        <line num="44" count="0" type="stmt"/>
        <line num="58" count="0" type="stmt"/>
        <line num="59" count="0" type="cond" truecount="0" falsecount="1"/>
        <line num="61" count="0" type="cond" truecount="0" falsecount="2"/>
        <line num="62" count="0" type="stmt"/>
        <line num="64" count="0" type="stmt"/>
        <line num="66" count="0" type="stmt"/>
        <line num="70" count="0" type="cond" truecount="0" falsecount="1"/>
        <line num="72" count="0" type="stmt"/>
        <line num="121" count="18" type="stmt"/>
        <line num="123" count="18" type="stmt"/>
        <line num="128" count="18" type="stmt"/>
        <line num="133" count="18" type="stmt"/>
      </file>
      <file name="SignUpForm.jsx" path="F:/LockD/CMP2025/Third_Year/First_Term/CMP3030_Software_Engineering/Code_Coverage/Front-End/src/components/sign-up/SignUpForm.jsx">
        <metrics statements="117" coveredstatements="98" conditionals="65" coveredconditionals="46" methods="20" coveredmethods="16"/>
        <line num="16" count="0" type="stmt"/>
        <line num="17" count="0" type="cond" truecount="0" falsecount="1"/>
        <line num="18" count="0" type="stmt"/>
        <line num="22" count="4778" type="stmt"/>
        <line num="23" count="4778" type="stmt"/>
        <line num="38" count="4778" type="stmt"/>
        <line num="39" count="4778" type="stmt"/>
        <line num="40" count="4778" type="stmt"/>
        <line num="41" count="4778" type="stmt"/>
        <line num="42" count="4778" type="stmt"/>
        <line num="43" count="4778" type="stmt"/>
        <line num="44" count="4778" type="stmt"/>
        <line num="45" count="4778" type="stmt"/>
        <line num="46" count="4778" type="stmt"/>
        <line num="47" count="4778" type="stmt"/>
        <line num="48" count="4778" type="stmt"/>
        <line num="49" count="4778" type="stmt"/>
        <line num="50" count="4778" type="stmt"/>
        <line num="51" count="4778" type="stmt"/>
        <line num="52" count="4778" type="stmt"/>
        <line num="53" count="4778" type="stmt"/>
        <line num="54" count="4778" type="stmt"/>
        <line num="55" count="4778" type="cond" truecount="1" falsecount="1"/>
        <line num="56" count="4778" type="stmt"/>
        <line num="57" count="4778" type="stmt"/>
        <line num="58" count="4778" type="stmt"/>
        <line num="59" count="4778" type="stmt"/>
        <line num="62" count="4778" type="cond" truecount="16" falsecount="0"/>
        <line num="79" count="4778" type="stmt"/>
        <line num="80" count="1382" type="cond" truecount="3" falsecount="0"/>
        <line num="81" count="120" type="stmt"/>
        <line num="85" count="1382" type="cond" truecount="3" falsecount="0"/>
        <line num="86" count="121" type="stmt"/>
        <line num="89" count="4778" type="stmt"/>
        <line num="90" count="1382" type="cond" truecount="2" falsecount="0"/>
        <line num="95" count="275" type="stmt"/>
        <line num="96" count="1107" type="stmt"/>
        <line num="99" count="4778" type="stmt"/>
        <line num="101" count="52" type="stmt"/>
        <line num="102" count="52" type="cond" truecount="2" falsecount="0"/>
        <line num="103" count="30" type="stmt"/>
        <line num="104" count="22" type="cond" truecount="4" falsecount="0"/>
        <line num="105" count="12" type="stmt"/>
        <line num="107" count="10" type="stmt"/>
        <line num="109" count="52" type="stmt"/>
        <line num="111" count="1558" type="stmt"/>
        <line num="113" count="52" type="stmt"/>
        <line num="116" count="4778" type="stmt"/>
        <line num="118" count="4778" type="stmt"/>
        <line num="119" count="221" type="cond" truecount="3" falsecount="0"/>
        <line num="120" count="179" type="stmt"/>
        <line num="121" count="179" type="stmt"/>
        <line num="123" count="179" type="stmt"/>
        <line num="124" count="179" type="stmt"/>
        <line num="125" count="179" type="stmt"/>
        <line num="126" count="179" type="stmt"/>
        <line num="134" count="12" type="stmt"/>
        <line num="135" count="12" type="stmt"/>
        <line num="136" count="12" type="cond" truecount="0" falsecount="1"/>
        <line num="137" count="12" type="cond" truecount="2" falsecount="0"/>
        <line num="139" count="1" type="stmt"/>
        <line num="140" count="1" type="cond" truecount="0" falsecount="1"/>
        <line num="141" count="1" type="stmt"/>
        <line num="144" count="167" type="cond" truecount="0" falsecount="1"/>
        <line num="146" count="179" type="stmt"/>
        <line num="149" count="179" type="stmt"/>
        <line num="151" count="179" type="stmt"/>
        <line num="152" count="178" type="stmt"/>
        <line num="153" count="178" type="stmt"/>
        <line num="157" count="4778" type="stmt"/>
        <line num="158" count="392" type="cond" truecount="3" falsecount="0"/>
        <line num="159" count="40" type="stmt"/>
        <line num="160" count="40" type="stmt"/>
        <line num="162" count="40" type="stmt"/>
        <line num="163" count="40" type="stmt"/>
        <line num="164" count="40" type="stmt"/>
        <line num="165" count="40" type="stmt"/>
        <line num="173" count="10" type="stmt"/>
        <line num="174" count="10" type="stmt"/>
        <line num="175" count="10" type="cond" truecount="0" falsecount="1"/>
        <line num="176" count="10" type="cond" truecount="2" falsecount="0"/>
        <line num="178" count="9" type="stmt"/>
        <line num="179" count="9" type="cond" truecount="0" falsecount="1"/>
        <line num="180" count="9" type="stmt"/>
        <line num="183" count="29" type="cond" truecount="0" falsecount="1"/>
        <line num="185" count="39" type="stmt"/>
        <line num="188" count="40" type="stmt"/>
        <line num="190" count="40" type="stmt"/>
        <line num="191" count="32" type="stmt"/>
        <line num="192" count="32" type="stmt"/>
        <line num="196" count="4778" type="stmt"/>
        <line num="197" count="1382" type="stmt"/>
        <line num="198" count="1382" type="stmt"/>
        <line num="201" count="4778" type="stmt"/>
        <line num="202" count="0" type="stmt"/>
        <line num="203" count="0" type="stmt"/>
        <line num="204" count="0" type="stmt"/>
        <line num="217" count="0" type="stmt"/>
        <line num="230" count="0" type="stmt"/>
        <line num="231" count="0" type="cond" truecount="0" falsecount="1"/>
        <line num="232" count="0" type="stmt"/>
        <line num="234" count="0" type="stmt"/>
        <line num="235" count="0" type="stmt"/>
        <line num="237" count="0" type="stmt"/>
        <line num="239" count="0" type="stmt"/>
        <line num="243" count="4778" type="cond" truecount="0" falsecount="1"/>
        <line num="244" count="0" type="stmt"/>
        <line num="253" count="4778" type="stmt"/>
        <line num="266" count="0" type="stmt"/>
        <line num="267" count="0" type="stmt"/>
        <line num="268" count="0" type="stmt"/>
        <line num="388" count="578138" type="stmt"/>
        <line num="400" count="0" type="cond" truecount="0" falsecount="2"/>
        <line num="417" count="18" type="stmt"/>
        <line num="419" count="18" type="stmt"/>
        <line num="423" count="18" type="stmt"/>
        <line num="427" count="18" type="stmt"/>
      </file>
    </package>
    <package name="src.components.userComponents">
      <metrics statements="93" coveredstatements="16" conditionals="59" coveredconditionals="0" methods="35" coveredmethods="0"/>
      <file name="FollowerList.jsx" path="F:/LockD/CMP2025/Third_Year/First_Term/CMP3030_Software_Engineering/Code_Coverage/Front-End/src/components/userComponents/FollowerList.jsx">
        <metrics statements="15" coveredstatements="4" conditionals="0" coveredconditionals="0" methods="7" coveredmethods="0"/>
        <line num="12" count="0" type="stmt"/>
        <line num="13" count="0" type="stmt"/>
        <line num="23" count="0" type="stmt"/>
        <line num="24" count="18" type="stmt"/>
        <line num="26" count="0" type="stmt"/>
        <line num="27" count="0" type="stmt"/>
        <line num="31" count="0" type="stmt"/>
        <line num="32" count="0" type="stmt"/>
        <line num="33" count="0" type="stmt"/>
        <line num="34" count="0" type="stmt"/>
        <line num="36" count="0" type="stmt"/>
        <line num="86" count="0" type="stmt"/>
        <line num="102" count="18" type="stmt"/>
        <line num="104" count="18" type="stmt"/>
        <line num="110" count="18" type="stmt"/>
      </file>
      <file name="FollowingList.jsx" path="F:/LockD/CMP2025/Third_Year/First_Term/CMP3030_Software_Engineering/Code_Coverage/Front-End/src/components/userComponents/FollowingList.jsx">
        <metrics statements="15" coveredstatements="4" conditionals="0" coveredconditionals="0" methods="7" coveredmethods="0"/>
        <line num="12" count="0" type="stmt"/>
        <line num="13" count="0" type="stmt"/>
        <line num="23" count="0" type="stmt"/>
        <line num="24" count="18" type="stmt"/>
        <line num="26" count="0" type="stmt"/>
        <line num="27" count="0" type="stmt"/>
        <line num="31" count="0" type="stmt"/>
        <line num="32" count="0" type="stmt"/>
        <line num="33" count="0" type="stmt"/>
        <line num="34" count="0" type="stmt"/>
        <line num="36" count="0" type="stmt"/>
        <line num="86" count="0" type="stmt"/>
        <line num="102" count="18" type="stmt"/>
        <line num="104" count="18" type="stmt"/>
        <line num="110" count="18" type="stmt"/>
      </file>
      <file name="PopoverUserCard.jsx" path="F:/LockD/CMP2025/Third_Year/First_Term/CMP3030_Software_Engineering/Code_Coverage/Front-End/src/components/userComponents/PopoverUserCard.jsx">
        <metrics statements="12" coveredstatements="4" conditionals="26" coveredconditionals="0" methods="6" coveredmethods="0"/>
        <line num="10" count="0" type="stmt"/>
        <line num="19" count="0" type="stmt"/>
        <line num="20" count="0" type="stmt"/>
        <line num="21" count="18" type="stmt"/>
        <line num="22" count="0" type="stmt"/>
        <line num="34" count="0" type="stmt"/>
        <line num="37" count="0" type="stmt"/>
        <line num="120" count="0" type="stmt"/>
        <line num="129" count="0" type="stmt"/>
        <line num="140" count="18" type="stmt"/>
        <line num="142" count="18" type="stmt"/>
        <line num="153" count="18" type="stmt"/>
      </file>
      <file name="UserItem.jsx" path="F:/LockD/CMP2025/Third_Year/First_Term/CMP3030_Software_Engineering/Code_Coverage/Front-End/src/components/userComponents/UserItem.jsx">
        <metrics statements="51" coveredstatements="4" conditionals="33" coveredconditionals="0" methods="15" coveredmethods="0"/>
        <line num="10" count="18" type="stmt"/>
        <line num="20" count="0" type="stmt"/>
        <line num="21" count="0" type="stmt"/>
        <line num="22" count="0" type="stmt"/>
        <line num="23" count="0" type="stmt"/>
        <line num="26" count="0" type="stmt"/>
        <line num="28" count="0" type="stmt"/>
        <line num="31" count="0" type="stmt"/>
        <line num="33" count="0" type="stmt"/>
        <line num="34" count="0" type="stmt"/>
        <line num="35" count="0" type="stmt"/>
        <line num="36" count="0" type="stmt"/>
        <line num="37" count="0" type="cond" truecount="0" falsecount="1"/>
        <line num="38" count="0" type="stmt"/>
        <line num="43" count="0" type="stmt"/>
        <line num="45" count="0" type="stmt"/>
        <line num="46" count="0" type="stmt"/>
        <line num="47" count="0" type="stmt"/>
        <line num="48" count="0" type="cond" truecount="0" falsecount="2"/>
        <line num="49" count="0" type="stmt"/>
        <line num="51" count="0" type="stmt"/>
        <line num="54" count="0" type="stmt"/>
        <line num="55" count="0" type="stmt"/>
        <line num="56" count="0" type="stmt"/>
        <line num="61" count="0" type="stmt"/>
        <line num="62" count="0" type="stmt"/>
        <line num="63" count="0" type="stmt"/>
        <line num="64" count="0" type="cond" truecount="0" falsecount="3"/>
        <line num="65" count="0" type="stmt"/>
        <line num="66" count="0" type="stmt"/>
        <line num="67" count="0" type="stmt"/>
        <line num="68" count="0" type="stmt"/>
        <line num="75" count="0" type="stmt"/>
        <line num="76" count="0" type="stmt"/>
        <line num="77" count="0" type="stmt"/>
        <line num="80" count="0" type="stmt"/>
        <line num="81" count="0" type="stmt"/>
        <line num="82" count="0" type="stmt"/>
        <line num="83" count="0" type="cond" truecount="0" falsecount="1"/>
        <line num="84" count="0" type="stmt"/>
        <line num="85" count="0" type="stmt"/>
        <line num="86" count="0" type="stmt"/>
        <line num="87" count="0" type="stmt"/>
        <line num="93" count="0" type="stmt"/>
        <line num="94" count="0" type="stmt"/>
        <line num="98" count="0" type="stmt"/>
        <line num="143" count="0" type="stmt"/>
        <line num="146" count="0" type="stmt"/>
        <line num="206" count="18" type="stmt"/>
        <line num="208" count="18" type="stmt"/>
        <line num="220" count="18" type="stmt"/>
      </file>
    </package>
    <package name="src.contexts.Auth">
      <metrics statements="13" coveredstatements="11" conditionals="3" coveredconditionals="1" methods="3" coveredmethods="3"/>
      <file name="AuthProvider.jsx" path="F:/LockD/CMP2025/Third_Year/First_Term/CMP3030_Software_Engineering/Code_Coverage/Front-End/src/contexts/Auth/AuthProvider.jsx">
        <metrics statements="9" coveredstatements="9" conditionals="0" coveredconditionals="0" methods="2" coveredmethods="2"/>
        <line num="6" count="18" type="stmt"/>
        <line num="11" count="96" type="stmt"/>
        <line num="12" count="96" type="stmt"/>
        <line num="16" count="96" type="stmt"/>
        <line num="19" count="36" type="stmt"/>
        <line num="26" count="18" type="stmt"/>
        <line num="28" count="18" type="stmt"/>
        <line num="31" count="18" type="stmt"/>
        <line num="34" count="18" type="stmt"/>
      </file>
      <file name="reducer.js" path="F:/LockD/CMP2025/Third_Year/First_Term/CMP3030_Software_Engineering/Code_Coverage/Front-End/src/contexts/Auth/reducer.js">
        <metrics statements="4" coveredstatements="2" conditionals="3" coveredconditionals="1" methods="1" coveredmethods="1"/>
        <line num="2" count="60" type="cond" truecount="1" falsecount="2"/>
        <line num="4" count="0" type="stmt"/>
        <line num="10" count="60" type="stmt"/>
        <line num="16" count="0" type="stmt"/>
      </file>
    </package>
    <package name="src.hooks">
      <metrics statements="5" coveredstatements="4" conditionals="1" coveredconditionals="0" methods="1" coveredmethods="1"/>
      <file name="AuthContext.js" path="F:/LockD/CMP2025/Third_Year/First_Term/CMP3030_Software_Engineering/Code_Coverage/Front-End/src/hooks/AuthContext.js">
        <metrics statements="5" coveredstatements="4" conditionals="1" coveredconditionals="0" methods="1" coveredmethods="1"/>
        <line num="3" count="18" type="stmt"/>
        <line num="6" count="142" type="stmt"/>
        <line num="7" count="142" type="cond" truecount="0" falsecount="1"/>
        <line num="8" count="0" type="stmt"/>
        <line num="10" count="142" type="stmt"/>
      </file>
    </package>
  </project>
</coverage>
