<?xml version="1.0" encoding="UTF-8"?>
<coverage generated="1700779211141" clover="3.2.0">
  <project timestamp="1700779211141" name="All files">
    <metrics statements="490" coveredstatements="241" conditionals="371" coveredconditionals="169" methods="129" coveredmethods="52" elements="990" coveredelements="462" complexity="0" loc="490" ncloc="490" packages="11" files="32" classes="32"/>
    <package name="src">
      <metrics statements="18" coveredstatements="15" conditionals="3" coveredconditionals="2" methods="4" coveredmethods="4"/>
      <file name="App.jsx" path="F:/LockD/CMP2025/Third_Year/First_Term/CMP3030_Software_Engineering/Code_Coverage/Front-End/src/App.jsx">
        <metrics statements="17" coveredstatements="14" conditionals="3" coveredconditionals="2" methods="4" coveredmethods="4"/>
        <line num="16" count="6" type="stmt"/>
        <line num="17" count="6" type="stmt"/>
        <line num="18" count="6" type="stmt"/>
        <line num="19" count="6" type="stmt"/>
        <line num="20" count="2" type="stmt"/>
        <line num="21" count="2" type="stmt"/>
        <line num="22" count="2" type="stmt"/>
        <line num="23" count="2" type="stmt"/>
        <line num="35" count="0" type="stmt"/>
        <line num="36" count="0" type="cond" truecount="0" falsecount="1"/>
        <line num="37" count="0" type="stmt"/>
        <line num="39" count="2" type="stmt"/>
        <line num="41" count="2" type="stmt"/>
        <line num="44" count="2" type="stmt"/>
        <line num="47" count="6" type="cond" truecount="2" falsecount="0"/>
        <line num="155" count="1" type="stmt"/>
        <line num="157" count="1" type="stmt"/>
      </file>
      <file name="main.jsx" path="F:/LockD/CMP2025/Third_Year/First_Term/CMP3030_Software_Engineering/Code_Coverage/Front-End/src/main.jsx">
        <metrics statements="1" coveredstatements="1" conditionals="0" coveredconditionals="0" methods="0" coveredmethods="0"/>
        <line num="7" count="1" type="stmt"/>
      </file>
    </package>
    <package name="src.components">
      <metrics statements="34" coveredstatements="26" conditionals="14" coveredconditionals="9" methods="13" coveredmethods="9"/>
      <file name="BoxCard.jsx" path="F:/LockD/CMP2025/Third_Year/First_Term/CMP3030_Software_Engineering/Code_Coverage/Front-End/src/components/BoxCard.jsx">
        <metrics statements="6" coveredstatements="5" conditionals="2" coveredconditionals="2" methods="3" coveredmethods="2"/>
        <line num="5" count="230" type="stmt"/>
        <line num="6" count="230" type="stmt"/>
        <line num="7" count="230" type="stmt"/>
        <line num="20" count="0" type="cond" truecount="2" falsecount="0"/>
        <line num="53" count="1" type="stmt"/>
        <line num="55" count="1" type="stmt"/>
      </file>
      <file name="OwnToaster.jsx" path="F:/LockD/CMP2025/Third_Year/First_Term/CMP3030_Software_Engineering/Code_Coverage/Front-End/src/components/OwnToaster.jsx">
        <metrics statements="4" coveredstatements="4" conditionals="3" coveredconditionals="3" methods="2" coveredmethods="2"/>
        <line num="1" count="8" type="cond" truecount="3" falsecount="0"/>
        <line num="5" count="230" type="stmt"/>
        <line num="21" count="1" type="stmt"/>
        <line num="23" count="1" type="stmt"/>
      </file>
      <file name="ProtectedRoute.jsx" path="F:/LockD/CMP2025/Third_Year/First_Term/CMP3030_Software_Engineering/Code_Coverage/Front-End/src/components/ProtectedRoute.jsx">
        <metrics statements="10" coveredstatements="4" conditionals="3" coveredconditionals="0" methods="3" coveredmethods="0"/>
        <line num="6" count="0" type="stmt"/>
        <line num="7" count="0" type="stmt"/>
        <line num="8" count="1" type="stmt"/>
        <line num="9" count="0" type="stmt"/>
        <line num="10" count="0" type="cond" truecount="0" falsecount="1"/>
        <line num="11" count="0" type="stmt"/>
        <line num="15" count="0" type="cond" truecount="0" falsecount="2"/>
        <line num="16" count="1" type="stmt"/>
        <line num="17" count="1" type="stmt"/>
        <line num="20" count="1" type="stmt"/>
      </file>
      <file name="Spinner.jsx" path="F:/LockD/CMP2025/Third_Year/First_Term/CMP3030_Software_Engineering/Code_Coverage/Front-End/src/components/Spinner.jsx">
        <metrics statements="4" coveredstatements="4" conditionals="3" coveredconditionals="3" methods="2" coveredmethods="2"/>
        <line num="1" count="8" type="cond" truecount="3" falsecount="0"/>
        <line num="4" count="2" type="stmt"/>
        <line num="14" count="1" type="stmt"/>
        <line num="16" count="1" type="stmt"/>
      </file>
      <file name="UnprotectedRoute.jsx" path="F:/LockD/CMP2025/Third_Year/First_Term/CMP3030_Software_Engineering/Code_Coverage/Front-End/src/components/UnprotectedRoute.jsx">
        <metrics statements="10" coveredstatements="9" conditionals="3" coveredconditionals="1" methods="3" coveredmethods="3"/>
        <line num="6" count="4" type="stmt"/>
        <line num="7" count="4" type="stmt"/>
        <line num="8" count="4" type="stmt"/>
        <line num="9" count="4" type="stmt"/>
        <line num="10" count="3" type="cond" truecount="0" falsecount="1"/>
        <line num="11" count="0" type="stmt"/>
        <line num="15" count="4" type="cond" truecount="1" falsecount="1"/>
        <line num="16" count="1" type="stmt"/>
        <line num="17" count="1" type="stmt"/>
        <line num="20" count="1" type="stmt"/>
      </file>
    </package>
    <package name="src.components.app-layout">
      <metrics statements="5" coveredstatements="3" conditionals="0" coveredconditionals="0" methods="2" coveredmethods="0"/>
      <file name="AppLayout.jsx" path="F:/LockD/CMP2025/Third_Year/First_Term/CMP3030_Software_Engineering/Code_Coverage/Front-End/src/components/app-layout/AppLayout.jsx">
        <metrics statements="5" coveredstatements="3" conditionals="0" coveredconditionals="0" methods="2" coveredmethods="0"/>
        <line num="6" count="0" type="stmt"/>
        <line num="7" count="1" type="stmt"/>
        <line num="8" count="0" type="stmt"/>
        <line num="59" count="1" type="stmt"/>
        <line num="61" count="1" type="stmt"/>
      </file>
    </package>
    <package name="src.components.form-controls">
      <metrics statements="63" coveredstatements="48" conditionals="157" coveredconditionals="104" methods="21" coveredmethods="16"/>
      <file name="BasicInput.jsx" path="F:/LockD/CMP2025/Third_Year/First_Term/CMP3030_Software_Engineering/Code_Coverage/Front-End/src/components/form-controls/BasicInput.jsx">
        <metrics statements="6" coveredstatements="3" conditionals="7" coveredconditionals="3" methods="3" coveredmethods="1"/>
        <line num="1" count="8" type="cond" truecount="3" falsecount="0"/>
        <line num="5" count="0" type="stmt"/>
        <line num="13" count="0" type="stmt"/>
        <line num="14" count="0" type="stmt"/>
        <line num="47" count="1" type="stmt"/>
        <line num="49" count="1" type="stmt"/>
      </file>
      <file name="Button.jsx" path="F:/LockD/CMP2025/Third_Year/First_Term/CMP3030_Software_Engineering/Code_Coverage/Front-End/src/components/form-controls/Button.jsx">
        <metrics statements="4" coveredstatements="4" conditionals="111" coveredconditionals="70" methods="2" coveredmethods="2"/>
        <line num="1" count="8" type="cond" truecount="3" falsecount="0"/>
        <line num="21" count="236" type="stmt"/>
        <line num="151" count="1" type="stmt"/>
        <line num="153" count="1" type="stmt"/>
      </file>
      <file name="DorpDownMenu.jsx" path="F:/LockD/CMP2025/Third_Year/First_Term/CMP3030_Software_Engineering/Code_Coverage/Front-End/src/components/form-controls/DorpDownMenu.jsx">
        <metrics statements="7" coveredstatements="7" conditionals="3" coveredconditionals="3" methods="4" coveredmethods="4"/>
        <line num="1" count="8" type="cond" truecount="3" falsecount="0"/>
        <line num="8" count="690" type="stmt"/>
        <line num="9" count="3" type="stmt"/>
        <line num="11" count="690" type="stmt"/>
        <line num="22" count="38324" type="stmt"/>
        <line num="44" count="1" type="stmt"/>
        <line num="46" count="1" type="stmt"/>
      </file>
      <file name="GoogleSignIn.jsx" path="F:/LockD/CMP2025/Third_Year/First_Term/CMP3030_Software_Engineering/Code_Coverage/Front-End/src/components/form-controls/GoogleSignIn.jsx">
        <metrics statements="12" coveredstatements="6" conditionals="4" coveredconditionals="3" methods="3" coveredmethods="2"/>
        <line num="1" count="8" type="cond" truecount="3" falsecount="0"/>
        <line num="7" count="2" type="stmt"/>
        <line num="8" count="0" type="stmt"/>
        <line num="9" count="0" type="stmt"/>
        <line num="18" count="0" type="stmt"/>
        <line num="19" count="0" type="cond" truecount="0" falsecount="1"/>
        <line num="20" count="0" type="stmt"/>
        <line num="22" count="0" type="stmt"/>
        <line num="25" count="2" type="stmt"/>
        <line num="54" count="1" type="stmt"/>
        <line num="56" count="1" type="stmt"/>
        <line num="60" count="1" type="stmt"/>
      </file>
      <file name="emailInput.jsx" path="F:/LockD/CMP2025/Third_Year/First_Term/CMP3030_Software_Engineering/Code_Coverage/Front-End/src/components/form-controls/emailInput.jsx">
        <metrics statements="10" coveredstatements="10" conditionals="11" coveredconditionals="11" methods="3" coveredmethods="3"/>
        <line num="1" count="8" type="cond" truecount="3" falsecount="0"/>
        <line num="7" count="230" type="stmt"/>
        <line num="8" count="230" type="stmt"/>
        <line num="9" count="32" type="stmt"/>
        <line num="10" count="32" type="cond" truecount="2" falsecount="0"/>
        <line num="11" count="4" type="stmt"/>
        <line num="12" count="28" type="stmt"/>
        <line num="15" count="230" type="stmt"/>
        <line num="59" count="1" type="stmt"/>
        <line num="61" count="1" type="stmt"/>
      </file>
      <file name="nameInput.jsx" path="F:/LockD/CMP2025/Third_Year/First_Term/CMP3030_Software_Engineering/Code_Coverage/Front-End/src/components/form-controls/nameInput.jsx">
        <metrics statements="12" coveredstatements="10" conditionals="11" coveredconditionals="6" methods="2" coveredmethods="2"/>
        <line num="6" count="460" type="stmt"/>
        <line num="7" count="460" type="stmt"/>
        <line num="9" count="460" type="stmt"/>
        <line num="10" count="24" type="stmt"/>
        <line num="11" count="24" type="cond" truecount="1" falsecount="0"/>
        <line num="12" count="24" type="cond" truecount="2" falsecount="2"/>
        <line num="13" count="0" type="stmt"/>
        <line num="14" count="0" type="stmt"/>
        <line num="15" count="24" type="stmt"/>
        <line num="17" count="460" type="stmt"/>
        <line num="69" count="1" type="stmt"/>
        <line num="71" count="1" type="stmt"/>
      </file>
      <file name="passwordInput.jsx" path="F:/LockD/CMP2025/Third_Year/First_Term/CMP3030_Software_Engineering/Code_Coverage/Front-End/src/components/form-controls/passwordInput.jsx">
        <metrics statements="12" coveredstatements="8" conditionals="10" coveredconditionals="8" methods="4" coveredmethods="2"/>
        <line num="4" count="460" type="stmt"/>
        <line num="5" count="460" type="stmt"/>
        <line num="7" count="460" type="stmt"/>
        <line num="9" count="460" type="stmt"/>
        <line num="18" count="26" type="stmt"/>
        <line num="19" count="26" type="stmt"/>
        <line num="52" count="0" type="stmt"/>
        <line num="53" count="0" type="stmt"/>
        <line num="66" count="0" type="stmt"/>
        <line num="67" count="0" type="stmt"/>
        <line num="87" count="1" type="stmt"/>
        <line num="89" count="1" type="stmt"/>
      </file>
    </package>
    <package name="src.components.landingPage">
      <metrics statements="8" coveredstatements="8" conditionals="6" coveredconditionals="6" methods="4" coveredmethods="4"/>
      <file name="LandingPage.jsx" path="F:/LockD/CMP2025/Third_Year/First_Term/CMP3030_Software_Engineering/Code_Coverage/Front-End/src/components/landingPage/LandingPage.jsx">
        <metrics statements="4" coveredstatements="4" conditionals="3" coveredconditionals="3" methods="2" coveredmethods="2"/>
        <line num="1" count="8" type="cond" truecount="3" falsecount="0"/>
        <line num="6" count="2" type="stmt"/>
        <line num="37" count="1" type="stmt"/>
        <line num="39" count="1" type="stmt"/>
      </file>
      <file name="NewAccountForm.jsx" path="F:/LockD/CMP2025/Third_Year/First_Term/CMP3030_Software_Engineering/Code_Coverage/Front-End/src/components/landingPage/NewAccountForm.jsx">
        <metrics statements="4" coveredstatements="4" conditionals="3" coveredconditionals="3" methods="2" coveredmethods="2"/>
        <line num="1" count="8" type="cond" truecount="3" falsecount="0"/>
        <line num="6" count="2" type="stmt"/>
        <line num="37" count="1" type="stmt"/>
        <line num="39" count="1" type="stmt"/>
      </file>
    </package>
    <package name="src.components.login-page">
      <metrics statements="73" coveredstatements="10" conditionals="32" coveredconditionals="0" methods="11" coveredmethods="0"/>
      <file name="ForgotPassword.jsx" path="F:/LockD/CMP2025/Third_Year/First_Term/CMP3030_Software_Engineering/Code_Coverage/Front-End/src/components/login-page/ForgotPassword.jsx">
        <metrics statements="18" coveredstatements="3" conditionals="8" coveredconditionals="0" methods="2" coveredmethods="0"/>
        <line num="10" count="1" type="stmt"/>
        <line num="11" count="0" type="stmt"/>
        <line num="12" count="0" type="stmt"/>
        <line num="13" count="0" type="stmt"/>
        <line num="14" count="0" type="stmt"/>
        <line num="16" count="0" type="stmt"/>
        <line num="17" count="0" type="stmt"/>
        <line num="18" count="0" type="stmt"/>
        <line num="19" count="0" type="stmt"/>
        <line num="32" count="0" type="stmt"/>
        <line num="33" count="0" type="cond" truecount="0" falsecount="1"/>
        <line num="34" count="0" type="stmt"/>
        <line num="36" count="0" type="stmt"/>
        <line num="38" count="0" type="stmt"/>
        <line num="42" count="0" type="cond" truecount="0" falsecount="1"/>
        <line num="44" count="0" type="stmt"/>
        <line num="89" count="1" type="stmt"/>
        <line num="91" count="1" type="stmt"/>
      </file>
      <file name="Login.jsx" path="F:/LockD/CMP2025/Third_Year/First_Term/CMP3030_Software_Engineering/Code_Coverage/Front-End/src/components/login-page/Login.jsx">
        <metrics statements="21" coveredstatements="3" conditionals="6" coveredconditionals="0" methods="3" coveredmethods="0"/>
        <line num="13" count="0" type="stmt"/>
        <line num="14" count="0" type="stmt"/>
        <line num="15" count="0" type="stmt"/>
        <line num="16" count="0" type="stmt"/>
        <line num="17" count="0" type="stmt"/>
        <line num="18" count="0" type="stmt"/>
        <line num="19" count="0" type="stmt"/>
        <line num="20" count="1" type="stmt"/>
        <line num="22" count="0" type="stmt"/>
        <line num="23" count="0" type="stmt"/>
        <line num="24" count="0" type="stmt"/>
        <line num="25" count="0" type="stmt"/>
        <line num="38" count="0" type="stmt"/>
        <line num="39" count="0" type="cond" truecount="0" falsecount="1"/>
        <line num="40" count="0" type="stmt"/>
        <line num="41" count="0" type="stmt"/>
        <line num="43" count="0" type="stmt"/>
        <line num="45" count="0" type="stmt"/>
        <line num="49" count="0" type="stmt"/>
        <line num="123" count="1" type="stmt"/>
        <line num="125" count="1" type="stmt"/>
      </file>
      <file name="NewPassword.jsx" path="F:/LockD/CMP2025/Third_Year/First_Term/CMP3030_Software_Engineering/Code_Coverage/Front-End/src/components/login-page/NewPassword.jsx">
        <metrics statements="34" coveredstatements="4" conditionals="18" coveredconditionals="0" methods="6" coveredmethods="0"/>
        <line num="12" count="0" type="stmt"/>
        <line num="13" count="0" type="stmt"/>
        <line num="14" count="0" type="stmt"/>
        <line num="15" count="0" type="stmt"/>
        <line num="16" count="0" type="stmt"/>
        <line num="17" count="0" type="stmt"/>
        <line num="18" count="0" type="stmt"/>
        <line num="19" count="1" type="stmt"/>
        <line num="21" count="0" type="stmt"/>
        <line num="22" count="0" type="cond" truecount="0" falsecount="3"/>
        <line num="23" count="0" type="stmt"/>
        <line num="27" count="0" type="cond" truecount="0" falsecount="3"/>
        <line num="28" count="0" type="stmt"/>
        <line num="33" count="0" type="stmt"/>
        <line num="34" count="0" type="cond" truecount="0" falsecount="2"/>
        <line num="39" count="0" type="stmt"/>
        <line num="40" count="0" type="stmt"/>
        <line num="43" count="0" type="stmt"/>
        <line num="44" count="0" type="stmt"/>
        <line num="45" count="0" type="stmt"/>
        <line num="46" count="0" type="stmt"/>
        <line num="63" count="0" type="stmt"/>
        <line num="64" count="0" type="cond" truecount="0" falsecount="1"/>
        <line num="65" count="0" type="stmt"/>
        <line num="66" count="0" type="stmt"/>
        <line num="68" count="0" type="stmt"/>
        <line num="70" count="0" type="stmt"/>
        <line num="74" count="0" type="stmt"/>
        <line num="75" count="0" type="stmt"/>
        <line num="76" count="0" type="stmt"/>
        <line num="79" count="0" type="stmt"/>
        <line num="154" count="1" type="stmt"/>
        <line num="155" count="1" type="stmt"/>
        <line num="160" count="1" type="stmt"/>
      </file>
    </package>
    <package name="src.components.navigation-bars">
      <metrics statements="30" coveredstatements="12" conditionals="17" coveredconditionals="3" methods="11" coveredmethods="1"/>
      <file name="ListNav.jsx" path="F:/LockD/CMP2025/Third_Year/First_Term/CMP3030_Software_Engineering/Code_Coverage/Front-End/src/components/navigation-bars/ListNav.jsx">
        <metrics statements="7" coveredstatements="4" conditionals="5" coveredconditionals="3" methods="4" coveredmethods="1"/>
        <line num="1" count="8" type="cond" truecount="3" falsecount="0"/>
        <line num="7" count="0" type="stmt"/>
        <line num="11" count="0" type="stmt"/>
        <line num="15" count="0" type="cond" truecount="0" falsecount="2"/>
        <line num="28" count="1" type="stmt"/>
        <line num="29" count="1" type="stmt"/>
        <line num="37" count="1" type="stmt"/>
      </file>
      <file name="NavBar.jsx" path="F:/LockD/CMP2025/Third_Year/First_Term/CMP3030_Software_Engineering/Code_Coverage/Front-End/src/components/navigation-bars/NavBar.jsx">
        <metrics statements="15" coveredstatements="4" conditionals="4" coveredconditionals="0" methods="4" coveredmethods="0"/>
        <line num="11" count="0" type="stmt"/>
        <line num="12" count="1" type="stmt"/>
        <line num="13" count="0" type="stmt"/>
        <line num="14" count="0" type="stmt"/>
        <line num="15" count="0" type="stmt"/>
        <line num="28" count="0" type="stmt"/>
        <line num="29" count="0" type="cond" truecount="0" falsecount="4"/>
        <line num="30" count="0" type="stmt"/>
        <line num="31" count="0" type="stmt"/>
        <line num="33" count="0" type="stmt"/>
        <line num="36" count="0" type="stmt"/>
        <line num="59" count="0" type="stmt"/>
        <line num="153" count="1" type="stmt"/>
        <line num="154" count="1" type="stmt"/>
        <line num="164" count="1" type="stmt"/>
      </file>
      <file name="NavItem.jsx" path="F:/LockD/CMP2025/Third_Year/First_Term/CMP3030_Software_Engineering/Code_Coverage/Front-End/src/components/navigation-bars/NavItem.jsx">
        <metrics statements="8" coveredstatements="4" conditionals="8" coveredconditionals="0" methods="3" coveredmethods="0"/>
        <line num="5" count="1" type="stmt"/>
        <line num="7" count="0" type="stmt"/>
        <line num="8" count="0" type="stmt"/>
        <line num="11" count="0" type="stmt"/>
        <line num="14" count="0" type="cond" truecount="0" falsecount="2"/>
        <line num="57" count="1" type="stmt"/>
        <line num="59" count="1" type="stmt"/>
        <line num="66" count="1" type="stmt"/>
      </file>
    </package>
    <package name="src.components.sign-up">
      <metrics statements="148" coveredstatements="88" conditionals="79" coveredconditionals="44" methods="24" coveredmethods="14"/>
      <file name="EmailConfirm.jsx" path="F:/LockD/CMP2025/Third_Year/First_Term/CMP3030_Software_Engineering/Code_Coverage/Front-End/src/components/sign-up/EmailConfirm.jsx">
        <metrics statements="35" coveredstatements="5" conditionals="14" coveredconditionals="0" methods="4" coveredmethods="0"/>
        <line num="12" count="0" type="cond" truecount="0" falsecount="1"/>
        <line num="13" count="0" type="stmt"/>
        <line num="14" count="0" type="stmt"/>
        <line num="15" count="0" type="stmt"/>
        <line num="16" count="0" type="stmt"/>
        <line num="17" count="0" type="stmt"/>
        <line num="18" count="1" type="stmt"/>
        <line num="19" count="0" type="stmt"/>
        <line num="20" count="0" type="stmt"/>
        <line num="21" count="0" type="stmt"/>
        <line num="22" count="0" type="stmt"/>
        <line num="32" count="0" type="stmt"/>
        <line num="33" count="0" type="cond" truecount="0" falsecount="1"/>
        <line num="34" count="0" type="stmt"/>
        <line num="36" count="0" type="stmt"/>
        <line num="38" count="0" type="stmt"/>
        <line num="42" count="0" type="stmt"/>
        <line num="43" count="0" type="stmt"/>
        <line num="44" count="0" type="stmt"/>
        <line num="45" count="0" type="stmt"/>
        <line num="59" count="0" type="stmt"/>
        <line num="60" count="0" type="cond" truecount="0" falsecount="1"/>
        <line num="61" count="0" type="cond" truecount="0" falsecount="2"/>
        <line num="62" count="0" type="stmt"/>
        <line num="63" count="0" type="stmt"/>
        <line num="64" count="0" type="stmt"/>
        <line num="66" count="0" type="stmt"/>
        <line num="68" count="0" type="stmt"/>
        <line num="72" count="0" type="cond" truecount="0" falsecount="1"/>
        <line num="73" count="0" type="stmt"/>
        <line num="80" count="0" type="stmt"/>
        <line num="129" count="1" type="stmt"/>
        <line num="131" count="1" type="stmt"/>
        <line num="135" count="1" type="stmt"/>
        <line num="139" count="1" type="stmt"/>
      </file>
      <file name="SignUpForm.jsx" path="F:/LockD/CMP2025/Third_Year/First_Term/CMP3030_Software_Engineering/Code_Coverage/Front-End/src/components/sign-up/SignUpForm.jsx">
        <metrics statements="113" coveredstatements="83" conditionals="65" coveredconditionals="44" methods="20" coveredmethods="14"/>
        <line num="16" count="0" type="stmt"/>
        <line num="17" count="0" type="cond" truecount="0" falsecount="1"/>
        <line num="18" count="0" type="stmt"/>
        <line num="22" count="404" type="stmt"/>
        <line num="23" count="404" type="stmt"/>
        <line num="38" count="404" type="stmt"/>
        <line num="39" count="404" type="stmt"/>
        <line num="40" count="404" type="stmt"/>
        <line num="41" count="404" type="stmt"/>
        <line num="42" count="404" type="stmt"/>
        <line num="43" count="404" type="stmt"/>
        <line num="44" count="404" type="stmt"/>
        <line num="45" count="404" type="stmt"/>
        <line num="46" count="404" type="stmt"/>
        <line num="47" count="404" type="stmt"/>
        <line num="48" count="404" type="stmt"/>
        <line num="49" count="404" type="stmt"/>
        <line num="50" count="404" type="stmt"/>
        <line num="51" count="404" type="stmt"/>
        <line num="52" count="404" type="stmt"/>
        <line num="53" count="404" type="stmt"/>
        <line num="54" count="404" type="stmt"/>
        <line num="55" count="404" type="cond" truecount="1" falsecount="1"/>
        <line num="56" count="404" type="stmt"/>
        <line num="57" count="404" type="stmt"/>
        <line num="58" count="404" type="stmt"/>
        <line num="61" count="404" type="cond" truecount="16" falsecount="0"/>
        <line num="78" count="404" type="stmt"/>
        <line num="79" count="116" type="cond" truecount="3" falsecount="0"/>
        <line num="80" count="12" type="stmt"/>
        <line num="84" count="116" type="cond" truecount="3" falsecount="0"/>
        <line num="85" count="12" type="stmt"/>
        <line num="88" count="404" type="stmt"/>
        <line num="89" count="116" type="cond" truecount="2" falsecount="0"/>
        <line num="94" count="24" type="stmt"/>
        <line num="95" count="92" type="stmt"/>
        <line num="98" count="404" type="stmt"/>
        <line num="100" count="4" type="stmt"/>
        <line num="101" count="4" type="cond" truecount="2" falsecount="0"/>
        <line num="102" count="2" type="stmt"/>
        <line num="103" count="2" type="cond" truecount="4" falsecount="0"/>
        <line num="104" count="1" type="stmt"/>
        <line num="106" count="1" type="stmt"/>
        <line num="108" count="4" type="stmt"/>
        <line num="110" count="119" type="stmt"/>
        <line num="112" count="4" type="stmt"/>
        <line num="115" count="404" type="stmt"/>
        <line num="117" count="404" type="stmt"/>
        <line num="118" count="17" type="cond" truecount="3" falsecount="0"/>
        <line num="119" count="15" type="stmt"/>
        <line num="120" count="15" type="stmt"/>
        <line num="122" count="15" type="stmt"/>
        <line num="123" count="15" type="stmt"/>
        <line num="124" count="15" type="stmt"/>
        <line num="125" count="15" type="stmt"/>
        <line num="133" count="0" type="stmt"/>
        <line num="134" count="0" type="cond" truecount="0" falsecount="1"/>
        <line num="135" count="0" type="cond" truecount="0" falsecount="2"/>
        <line num="137" count="0" type="stmt"/>
        <line num="138" count="0" type="cond" truecount="0" falsecount="1"/>
        <line num="139" count="0" type="stmt"/>
        <line num="142" count="15" type="cond" truecount="1" falsecount="0"/>
        <line num="144" count="15" type="stmt"/>
        <line num="147" count="15" type="stmt"/>
        <line num="149" count="15" type="stmt"/>
        <line num="150" count="14" type="stmt"/>
        <line num="151" count="14" type="stmt"/>
        <line num="155" count="404" type="stmt"/>
        <line num="156" count="34" type="cond" truecount="3" falsecount="0"/>
        <line num="157" count="4" type="stmt"/>
        <line num="158" count="4" type="stmt"/>
        <line num="160" count="4" type="stmt"/>
        <line num="161" count="4" type="stmt"/>
        <line num="162" count="4" type="stmt"/>
        <line num="163" count="4" type="stmt"/>
        <line num="171" count="0" type="stmt"/>
        <line num="172" count="0" type="cond" truecount="0" falsecount="1"/>
        <line num="173" count="0" type="cond" truecount="0" falsecount="2"/>
        <line num="175" count="0" type="stmt"/>
        <line num="176" count="0" type="cond" truecount="0" falsecount="1"/>
        <line num="177" count="0" type="stmt"/>
        <line num="180" count="4" type="cond" truecount="1" falsecount="0"/>
        <line num="182" count="4" type="stmt"/>
        <line num="185" count="4" type="stmt"/>
        <line num="187" count="4" type="stmt"/>
        <line num="188" count="3" type="stmt"/>
        <line num="189" count="3" type="stmt"/>
        <line num="193" count="404" type="stmt"/>
        <line num="194" count="116" type="stmt"/>
        <line num="195" count="116" type="stmt"/>
        <line num="198" count="404" type="stmt"/>
        <line num="199" count="0" type="stmt"/>
        <line num="200" count="0" type="stmt"/>
        <line num="201" count="0" type="stmt"/>
        <line num="214" count="0" type="stmt"/>
        <line num="227" count="0" type="stmt"/>
        <line num="228" count="0" type="cond" truecount="0" falsecount="1"/>
        <line num="229" count="0" type="stmt"/>
        <line num="231" count="0" type="stmt"/>
        <line num="233" count="0" type="stmt"/>
        <line num="235" count="0" type="stmt"/>
        <line num="239" count="404" type="cond" truecount="0" falsecount="1"/>
        <line num="240" count="0" type="stmt"/>
        <line num="248" count="404" type="stmt"/>
        <line num="261" count="0" type="stmt"/>
        <line num="262" count="0" type="stmt"/>
        <line num="263" count="0" type="stmt"/>
        <line num="383" count="48884" type="stmt"/>
        <line num="395" count="0" type="cond" truecount="0" falsecount="2"/>
        <line num="412" count="1" type="stmt"/>
        <line num="414" count="1" type="stmt"/>
        <line num="418" count="1" type="stmt"/>
        <line num="422" count="1" type="stmt"/>
      </file>
    </package>
    <package name="src.components.userComponents">
      <metrics statements="93" coveredstatements="16" conditionals="59" coveredconditionals="0" methods="35" coveredmethods="0"/>
      <file name="FollowerList.jsx" path="F:/LockD/CMP2025/Third_Year/First_Term/CMP3030_Software_Engineering/Code_Coverage/Front-End/src/components/userComponents/FollowerList.jsx">
        <metrics statements="15" coveredstatements="4" conditionals="0" coveredconditionals="0" methods="7" coveredmethods="0"/>
        <line num="12" count="0" type="stmt"/>
        <line num="13" count="0" type="stmt"/>
        <line num="23" count="0" type="stmt"/>
        <line num="24" count="1" type="stmt"/>
        <line num="26" count="0" type="stmt"/>
        <line num="27" count="0" type="stmt"/>
        <line num="31" count="0" type="stmt"/>
        <line num="32" count="0" type="stmt"/>
        <line num="33" count="0" type="stmt"/>
        <line num="34" count="0" type="stmt"/>
        <line num="36" count="0" type="stmt"/>
        <line num="86" count="0" type="stmt"/>
        <line num="102" count="1" type="stmt"/>
        <line num="104" count="1" type="stmt"/>
        <line num="110" count="1" type="stmt"/>
      </file>
      <file name="FollowingList.jsx" path="F:/LockD/CMP2025/Third_Year/First_Term/CMP3030_Software_Engineering/Code_Coverage/Front-End/src/components/userComponents/FollowingList.jsx">
        <metrics statements="15" coveredstatements="4" conditionals="0" coveredconditionals="0" methods="7" coveredmethods="0"/>
        <line num="12" count="0" type="stmt"/>
        <line num="13" count="0" type="stmt"/>
        <line num="23" count="0" type="stmt"/>
        <line num="24" count="1" type="stmt"/>
        <line num="26" count="0" type="stmt"/>
        <line num="27" count="0" type="stmt"/>
        <line num="31" count="0" type="stmt"/>
        <line num="32" count="0" type="stmt"/>
        <line num="33" count="0" type="stmt"/>
        <line num="34" count="0" type="stmt"/>
        <line num="36" count="0" type="stmt"/>
        <line num="86" count="0" type="stmt"/>
        <line num="102" count="1" type="stmt"/>
        <line num="104" count="1" type="stmt"/>
        <line num="110" count="1" type="stmt"/>
      </file>
      <file name="PopoverUserCard.jsx" path="F:/LockD/CMP2025/Third_Year/First_Term/CMP3030_Software_Engineering/Code_Coverage/Front-End/src/components/userComponents/PopoverUserCard.jsx">
        <metrics statements="12" coveredstatements="4" conditionals="26" coveredconditionals="0" methods="6" coveredmethods="0"/>
        <line num="10" count="0" type="stmt"/>
        <line num="19" count="0" type="stmt"/>
        <line num="20" count="0" type="stmt"/>
        <line num="21" count="1" type="stmt"/>
        <line num="22" count="0" type="stmt"/>
        <line num="34" count="0" type="stmt"/>
        <line num="37" count="0" type="stmt"/>
        <line num="120" count="0" type="stmt"/>
        <line num="129" count="0" type="stmt"/>
        <line num="140" count="1" type="stmt"/>
        <line num="142" count="1" type="stmt"/>
        <line num="153" count="1" type="stmt"/>
      </file>
      <file name="UserItem.jsx" path="F:/LockD/CMP2025/Third_Year/First_Term/CMP3030_Software_Engineering/Code_Coverage/Front-End/src/components/userComponents/UserItem.jsx">
        <metrics statements="51" coveredstatements="4" conditionals="33" coveredconditionals="0" methods="15" coveredmethods="0"/>
        <line num="10" count="1" type="stmt"/>
        <line num="20" count="0" type="stmt"/>
        <line num="21" count="0" type="stmt"/>
        <line num="22" count="0" type="stmt"/>
        <line num="23" count="0" type="stmt"/>
        <line num="26" count="0" type="stmt"/>
        <line num="28" count="0" type="stmt"/>
        <line num="31" count="0" type="stmt"/>
        <line num="33" count="0" type="stmt"/>
        <line num="34" count="0" type="stmt"/>
        <line num="35" count="0" type="stmt"/>
        <line num="36" count="0" type="stmt"/>
        <line num="37" count="0" type="cond" truecount="0" falsecount="1"/>
        <line num="38" count="0" type="stmt"/>
        <line num="43" count="0" type="stmt"/>
        <line num="45" count="0" type="stmt"/>
        <line num="46" count="0" type="stmt"/>
        <line num="47" count="0" type="stmt"/>
        <line num="48" count="0" type="cond" truecount="0" falsecount="2"/>
        <line num="49" count="0" type="stmt"/>
        <line num="51" count="0" type="stmt"/>
        <line num="54" count="0" type="stmt"/>
        <line num="55" count="0" type="stmt"/>
        <line num="56" count="0" type="stmt"/>
        <line num="61" count="0" type="stmt"/>
        <line num="62" count="0" type="stmt"/>
        <line num="63" count="0" type="stmt"/>
        <line num="64" count="0" type="cond" truecount="0" falsecount="3"/>
        <line num="65" count="0" type="stmt"/>
        <line num="66" count="0" type="stmt"/>
        <line num="67" count="0" type="stmt"/>
        <line num="68" count="0" type="stmt"/>
        <line num="75" count="0" type="stmt"/>
        <line num="76" count="0" type="stmt"/>
        <line num="77" count="0" type="stmt"/>
        <line num="80" count="0" type="stmt"/>
        <line num="81" count="0" type="stmt"/>
        <line num="82" count="0" type="stmt"/>
        <line num="83" count="0" type="cond" truecount="0" falsecount="1"/>
        <line num="84" count="0" type="stmt"/>
        <line num="85" count="0" type="stmt"/>
        <line num="86" count="0" type="stmt"/>
        <line num="87" count="0" type="stmt"/>
        <line num="93" count="0" type="stmt"/>
        <line num="94" count="0" type="stmt"/>
        <line num="98" count="0" type="stmt"/>
        <line num="143" count="0" type="stmt"/>
        <line num="146" count="0" type="stmt"/>
        <line num="206" count="1" type="stmt"/>
        <line num="208" count="1" type="stmt"/>
        <line num="220" count="1" type="stmt"/>
      </file>
    </package>
    <package name="src.contexts.Auth">
      <metrics statements="13" coveredstatements="11" conditionals="3" coveredconditionals="1" methods="3" coveredmethods="3"/>
      <file name="AuthProvider.jsx" path="F:/LockD/CMP2025/Third_Year/First_Term/CMP3030_Software_Engineering/Code_Coverage/Front-End/src/contexts/Auth/AuthProvider.jsx">
        <metrics statements="9" coveredstatements="9" conditionals="0" coveredconditionals="0" methods="2" coveredmethods="2"/>
        <line num="6" count="1" type="stmt"/>
        <line num="11" count="6" type="stmt"/>
        <line num="12" count="6" type="stmt"/>
        <line num="16" count="6" type="stmt"/>
        <line num="19" count="2" type="stmt"/>
        <line num="26" count="1" type="stmt"/>
        <line num="28" count="1" type="stmt"/>
        <line num="31" count="1" type="stmt"/>
        <line num="34" count="1" type="stmt"/>
      </file>
      <file name="reducer.js" path="F:/LockD/CMP2025/Third_Year/First_Term/CMP3030_Software_Engineering/Code_Coverage/Front-End/src/contexts/Auth/reducer.js">
        <metrics statements="4" coveredstatements="2" conditionals="3" coveredconditionals="1" methods="1" coveredmethods="1"/>
        <line num="2" count="4" type="cond" truecount="1" falsecount="2"/>
        <line num="4" count="0" type="stmt"/>
        <line num="10" count="4" type="stmt"/>
        <line num="16" count="0" type="stmt"/>
      </file>
    </package>
    <package name="src.hooks">
      <metrics statements="5" coveredstatements="4" conditionals="1" coveredconditionals="0" methods="1" coveredmethods="1"/>
      <file name="AuthContext.js" path="F:/LockD/CMP2025/Third_Year/First_Term/CMP3030_Software_Engineering/Code_Coverage/Front-End/src/hooks/AuthContext.js">
        <metrics statements="5" coveredstatements="4" conditionals="1" coveredconditionals="0" methods="1" coveredmethods="1"/>
        <line num="3" count="1" type="stmt"/>
        <line num="6" count="10" type="stmt"/>
        <line num="7" count="10" type="cond" truecount="0" falsecount="1"/>
        <line num="8" count="0" type="stmt"/>
        <line num="10" count="10" type="stmt"/>
      </file>
    </package>
  </project>
</coverage>
