{"F:/LockD/CMP2025/Third_Year/First_Term/CMP3030_Software_Engineering/Code_Coverage/Front-End/src/App.jsx": {"path":"F:/LockD/CMP2025/Third_Year/First_Term/CMP3030_Software_Engineering/Code_Coverage/Front-End/src/App.jsx","statementMap":{"0":{"start":{"line":16,"column":15},"end":{"line":16,"column":null}},"1":{"start":{"line":17,"column":23},"end":{"line":17,"column":null}},"2":{"start":{"line":18,"column":36},"end":{"line":18,"column":null}},"3":{"start":{"line":19,"column":2},"end":{"line":45,"column":null}},"4":{"start":{"line":20,"column":20},"end":{"line":43,"column":null}},"5":{"start":{"line":21,"column":6},"end":{"line":42,"column":null}},"6":{"start":{"line":22,"column":8},"end":{"line":22,"column":null}},"7":{"start":{"line":23,"column":20},"end":{"line":34,"column":null}},"8":{"start":{"line":35,"column":21},"end":{"line":35,"column":null}},"9":{"start":{"line":36,"column":8},"end":{"line":36,"column":null}},"10":{"start":{"line":36,"column":35},"end":{"line":36,"column":null}},"11":{"start":{"line":37,"column":8},"end":{"line":37,"column":null}},"12":{"start":{"line":39,"column":8},"end":{"line":39,"column":null}},"13":{"start":{"line":41,"column":8},"end":{"line":41,"column":null}},"14":{"start":{"line":44,"column":4},"end":{"line":44,"column":null}},"15":{"start":{"line":47,"column":2},"end":{"line":159,"column":null}},"16":{"start":{"line":161,"column":1},"end":{"line":17,"column":31}},"17":{"start":{"line":16,"column":12},"end":{"line":17,"column":31}},"18":{"start":{"line":17,"column":30},"end":{"line":16,"column":12}},"19":{"start":{"line":163,"column":19},"end":{"line":163,"column":null}}},"fnMap":{"0":{"name":"App","decl":{"start":{"line":16,"column":9},"end":{"line":16,"column":12}},"loc":{"start":{"line":16,"column":15},"end":{"line":161,"column":1}}},"1":{"name":"(anonymous_2)","decl":{"start":{"line":19,"column":18},"end":{"line":19,"column":24}},"loc":{"start":{"line":19,"column":24},"end":{"line":45,"column":5}}},"2":{"name":"(anonymous_3)","decl":{"start":{"line":20,"column":20},"end":{"line":20,"column":32}},"loc":{"start":{"line":20,"column":32},"end":{"line":43,"column":null}}},"3":{"name":"(anonymous_4)","decl":{"start":{"line":16,"column":12},"end":{"line":16,"column":15}},"loc":{"start":{"line":16,"column":12},"end":{"line":17,"column":31}}}},"branchMap":{"0":{"loc":{"start":{"line":36,"column":8},"end":{"line":36,"column":null}},"type":"if","locations":[{"start":{"line":36,"column":8},"end":{"line":36,"column":null}}]},"1":{"loc":{"start":{"line":47,"column":9},"end":{"line":159,"column":null}},"type":"cond-expr","locations":[{"start":{"line":48,"column":4},"end":{"line":50,"column":null}},{"start":{"line":52,"column":4},"end":{"line":159,"column":null}}]}},"s":{"0":80,"1":80,"2":80,"3":80,"4":36,"5":36,"6":36,"7":36,"8":30,"9":30,"10":30,"11":0,"12":30,"13":30,"14":36,"15":80,"16":18,"17":18,"18":18,"19":18},"f":{"0":80,"1":36,"2":36,"3":18},"b":{"0":[30],"1":[36,44]}}
,"F:/LockD/CMP2025/Third_Year/First_Term/CMP3030_Software_Engineering/Code_Coverage/Front-End/src/main.jsx": {"path":"F:/LockD/CMP2025/Third_Year/First_Term/CMP3030_Software_Engineering/Code_Coverage/Front-End/src/main.jsx","statementMap":{"0":{"start":{"line":7,"column":0},"end":{"line":13,"column":null}}},"fnMap":{},"branchMap":{},"s":{"0":18},"f":{},"b":{}}
,"F:/LockD/CMP2025/Third_Year/First_Term/CMP3030_Software_Engineering/Code_Coverage/Front-End/src/components/BoxCard.jsx": {"path":"F:/LockD/CMP2025/Third_Year/First_Term/CMP3030_Software_Engineering/Code_Coverage/Front-End/src/components/BoxCard.jsx","statementMap":{"0":{"start":{"line":5,"column":49},"end":{"line":5,"column":null}},"1":{"start":{"line":6,"column":19},"end":{"line":6,"column":null}},"2":{"start":{"line":7,"column":2},"end":{"line":51,"column":null}},"3":{"start":{"line":20,"column":37},"end":{"line":20,"column":null}},"4":{"start":{"line":53,"column":1},"end":{"line":6,"column":31}},"5":{"start":{"line":5,"column":16},"end":{"line":6,"column":31}},"6":{"start":{"line":6,"column":30},"end":{"line":5,"column":16}},"7":{"start":{"line":55,"column":23},"end":{"line":55,"column":null}}},"fnMap":{"0":{"name":"BoxCard","decl":{"start":{"line":5,"column":9},"end":{"line":5,"column":16}},"loc":{"start":{"line":5,"column":49},"end":{"line":53,"column":1}}},"1":{"name":"(anonymous_2)","decl":{"start":{"line":20,"column":31},"end":{"line":20,"column":37}},"loc":{"start":{"line":20,"column":37},"end":{"line":20,"column":null}}},"2":{"name":"(anonymous_3)","decl":{"start":{"line":5,"column":16},"end":{"line":5,"column":17}},"loc":{"start":{"line":5,"column":16},"end":{"line":6,"column":31}}}},"branchMap":{"0":{"loc":{"start":{"line":20,"column":19},"end":{"line":20,"column":null}},"type":"binary-expr","locations":[{"start":{"line":20,"column":19},"end":{"line":20,"column":31}},{"start":{"line":20,"column":31},"end":{"line":20,"column":null}}]}},"s":{"0":2734,"1":2734,"2":2734,"3":1,"4":18,"5":14,"6":18,"7":18},"f":{"0":2734,"1":1,"2":14},"b":{"0":[2734,2734]}}
,"F:/LockD/CMP2025/Third_Year/First_Term/CMP3030_Software_Engineering/Code_Coverage/Front-End/src/components/OwnToaster.jsx": {"path":"F:/LockD/CMP2025/Third_Year/First_Term/CMP3030_Software_Engineering/Code_Coverage/Front-End/src/components/OwnToaster.jsx","statementMap":{"0":{"start":{"line":1,"column":41},"end":{"line":1,"column":null}},"1":{"start":{"line":5,"column":2},"end":{"line":18,"column":null}},"2":{"start":{"line":21,"column":1},"end":{"line":4,"column":22}},"3":{"start":{"line":23,"column":26},"end":{"line":23,"column":null}}},"fnMap":{"0":{"name":"(anonymous_0)","decl":{"start":{"line":1,"column":41},"end":{"line":1,"column":null}},"loc":{"start":{"line":1,"column":41},"end":{"line":1,"column":null}}},"1":{"name":"OwnToaster","decl":{"start":{"line":4,"column":9},"end":{"line":4,"column":22}},"loc":{"start":{"line":4,"column":22},"end":{"line":21,"column":1}}}},"branchMap":{"0":{"loc":{"start":{"line":1,"column":41},"end":{"line":1,"column":null}},"type":"binary-expr","locations":[{"start":{"line":1,"column":41},"end":{"line":1,"column":null}},{"start":{"line":1,"column":41},"end":{"line":1,"column":null}}]},"1":{"loc":{"start":{"line":1,"column":41},"end":{"line":1,"column":null}},"type":"if","locations":[{"start":{"line":1,"column":41},"end":{"line":1,"column":null}}]}},"s":{"0":144,"1":2734,"2":18,"3":18},"f":{"0":18,"1":2734},"b":{"0":[36,18],"1":[18]}}
,"F:/LockD/CMP2025/Third_Year/First_Term/CMP3030_Software_Engineering/Code_Coverage/Front-End/src/components/ProtectedRoute.jsx": {"path":"F:/LockD/CMP2025/Third_Year/First_Term/CMP3030_Software_Engineering/Code_Coverage/Front-End/src/components/ProtectedRoute.jsx","statementMap":{"0":{"start":{"line":6,"column":38},"end":{"line":6,"column":null}},"1":{"start":{"line":7,"column":30},"end":{"line":7,"column":null}},"2":{"start":{"line":8,"column":19},"end":{"line":8,"column":null}},"3":{"start":{"line":9,"column":2},"end":{"line":13,"column":null}},"4":{"start":{"line":10,"column":4},"end":{"line":12,"column":null}},"5":{"start":{"line":11,"column":6},"end":{"line":11,"column":null}},"6":{"start":{"line":15,"column":2},"end":{"line":15,"column":null}},"7":{"start":{"line":16,"column":1},"end":{"line":8,"column":31}},"8":{"start":{"line":6,"column":23},"end":{"line":8,"column":31}},"9":{"start":{"line":8,"column":30},"end":{"line":6,"column":23}},"10":{"start":{"line":17,"column":0},"end":{"line":19,"column":null}},"11":{"start":{"line":20,"column":30},"end":{"line":20,"column":null}}},"fnMap":{"0":{"name":"ProtectedRoute","decl":{"start":{"line":6,"column":9},"end":{"line":6,"column":23}},"loc":{"start":{"line":6,"column":38},"end":{"line":16,"column":1}}},"1":{"name":"(anonymous_2)","decl":{"start":{"line":9,"column":12},"end":{"line":9,"column":18}},"loc":{"start":{"line":9,"column":18},"end":{"line":13,"column":5}}},"2":{"name":"(anonymous_3)","decl":{"start":{"line":6,"column":23},"end":{"line":6,"column":24}},"loc":{"start":{"line":6,"column":23},"end":{"line":8,"column":31}}}},"branchMap":{"0":{"loc":{"start":{"line":10,"column":4},"end":{"line":12,"column":null}},"type":"if","locations":[{"start":{"line":10,"column":4},"end":{"line":12,"column":null}}]},"1":{"loc":{"start":{"line":15,"column":9},"end":{"line":15,"column":null}},"type":"cond-expr","locations":[{"start":{"line":15,"column":27},"end":{"line":15,"column":38}},{"start":{"line":15,"column":38},"end":{"line":15,"column":null}}]}},"s":{"0":0,"1":0,"2":0,"3":0,"4":0,"5":0,"6":0,"7":18,"8":0,"9":18,"10":18,"11":18},"f":{"0":0,"1":0,"2":0},"b":{"0":[0],"1":[0,0]}}
,"F:/LockD/CMP2025/Third_Year/First_Term/CMP3030_Software_Engineering/Code_Coverage/Front-End/src/components/Spinner.jsx": {"path":"F:/LockD/CMP2025/Third_Year/First_Term/CMP3030_Software_Engineering/Code_Coverage/Front-End/src/components/Spinner.jsx","statementMap":{"0":{"start":{"line":1,"column":25},"end":{"line":1,"column":null}},"1":{"start":{"line":4,"column":2},"end":{"line":12,"column":null}},"2":{"start":{"line":14,"column":1},"end":{"line":3,"column":19}},"3":{"start":{"line":16,"column":23},"end":{"line":16,"column":null}}},"fnMap":{"0":{"name":"(anonymous_0)","decl":{"start":{"line":1,"column":25},"end":{"line":1,"column":null}},"loc":{"start":{"line":1,"column":25},"end":{"line":1,"column":null}}},"1":{"name":"Spinner","decl":{"start":{"line":3,"column":9},"end":{"line":3,"column":19}},"loc":{"start":{"line":3,"column":19},"end":{"line":14,"column":1}}}},"branchMap":{"0":{"loc":{"start":{"line":1,"column":25},"end":{"line":1,"column":null}},"type":"binary-expr","locations":[{"start":{"line":1,"column":25},"end":{"line":1,"column":null}},{"start":{"line":1,"column":25},"end":{"line":1,"column":null}}]},"1":{"loc":{"start":{"line":1,"column":25},"end":{"line":1,"column":null}},"type":"if","locations":[{"start":{"line":1,"column":25},"end":{"line":1,"column":null}}]}},"s":{"0":144,"1":36,"2":18,"3":18},"f":{"0":18,"1":36},"b":{"0":[36,18],"1":[18]}}
,"F:/LockD/CMP2025/Third_Year/First_Term/CMP3030_Software_Engineering/Code_Coverage/Front-End/src/components/UnprotectedRoute.jsx": {"path":"F:/LockD/CMP2025/Third_Year/First_Term/CMP3030_Software_Engineering/Code_Coverage/Front-End/src/components/UnprotectedRoute.jsx","statementMap":{"0":{"start":{"line":6,"column":40},"end":{"line":6,"column":null}},"1":{"start":{"line":7,"column":30},"end":{"line":7,"column":null}},"2":{"start":{"line":8,"column":19},"end":{"line":8,"column":null}},"3":{"start":{"line":9,"column":2},"end":{"line":13,"column":null}},"4":{"start":{"line":10,"column":4},"end":{"line":12,"column":null}},"5":{"start":{"line":11,"column":6},"end":{"line":11,"column":null}},"6":{"start":{"line":15,"column":2},"end":{"line":15,"column":null}},"7":{"start":{"line":16,"column":1},"end":{"line":8,"column":31}},"8":{"start":{"line":6,"column":25},"end":{"line":8,"column":31}},"9":{"start":{"line":8,"column":30},"end":{"line":6,"column":25}},"10":{"start":{"line":17,"column":0},"end":{"line":19,"column":null}},"11":{"start":{"line":20,"column":32},"end":{"line":20,"column":null}}},"fnMap":{"0":{"name":"UnprotectedRoute","decl":{"start":{"line":6,"column":9},"end":{"line":6,"column":25}},"loc":{"start":{"line":6,"column":40},"end":{"line":16,"column":1}}},"1":{"name":"(anonymous_2)","decl":{"start":{"line":9,"column":12},"end":{"line":9,"column":18}},"loc":{"start":{"line":9,"column":18},"end":{"line":13,"column":5}}},"2":{"name":"(anonymous_3)","decl":{"start":{"line":6,"column":25},"end":{"line":6,"column":26}},"loc":{"start":{"line":6,"column":25},"end":{"line":8,"column":31}}}},"branchMap":{"0":{"loc":{"start":{"line":10,"column":4},"end":{"line":12,"column":null}},"type":"if","locations":[{"start":{"line":10,"column":4},"end":{"line":12,"column":null}}]},"1":{"loc":{"start":{"line":15,"column":9},"end":{"line":15,"column":null}},"type":"cond-expr","locations":[{"start":{"line":15,"column":27},"end":{"line":15,"column":34}},{"start":{"line":15,"column":34},"end":{"line":15,"column":null}}]}},"s":{"0":62,"1":62,"2":62,"3":62,"4":46,"5":0,"6":62,"7":18,"8":15,"9":18,"10":18,"11":18},"f":{"0":62,"1":46,"2":15},"b":{"0":[0],"1":[0,62]}}
,"F:/LockD/CMP2025/Third_Year/First_Term/CMP3030_Software_Engineering/Code_Coverage/Front-End/src/components/app-layout/AppLayout.jsx": {"path":"F:/LockD/CMP2025/Third_Year/First_Term/CMP3030_Software_Engineering/Code_Coverage/Front-End/src/components/app-layout/AppLayout.jsx","statementMap":{"0":{"start":{"line":1,"column":25},"end":{"line":1,"column":null}},"1":{"start":{"line":6,"column":2},"end":{"line":55,"column":null}},"2":{"start":{"line":57,"column":1},"end":{"line":5,"column":21}},"3":{"start":{"line":59,"column":25},"end":{"line":59,"column":null}}},"fnMap":{"0":{"name":"(anonymous_0)","decl":{"start":{"line":1,"column":25},"end":{"line":1,"column":null}},"loc":{"start":{"line":1,"column":25},"end":{"line":1,"column":null}}},"1":{"name":"AppLayout","decl":{"start":{"line":5,"column":9},"end":{"line":5,"column":21}},"loc":{"start":{"line":5,"column":21},"end":{"line":57,"column":1}}}},"branchMap":{"0":{"loc":{"start":{"line":1,"column":25},"end":{"line":1,"column":null}},"type":"binary-expr","locations":[{"start":{"line":1,"column":25},"end":{"line":1,"column":null}},{"start":{"line":1,"column":25},"end":{"line":1,"column":null}}]},"1":{"loc":{"start":{"line":1,"column":25},"end":{"line":1,"column":null}},"type":"if","locations":[{"start":{"line":1,"column":25},"end":{"line":1,"column":null}}]}},"s":{"0":144,"1":0,"2":18,"3":18},"f":{"0":18,"1":0},"b":{"0":[36,18],"1":[18]}}
,"F:/LockD/CMP2025/Third_Year/First_Term/CMP3030_Software_Engineering/Code_Coverage/Front-End/src/components/form-controls/BasicInput.jsx": {"path":"F:/LockD/CMP2025/Third_Year/First_Term/CMP3030_Software_Engineering/Code_Coverage/Front-End/src/components/form-controls/BasicInput.jsx","statementMap":{"0":{"start":{"line":1,"column":25},"end":{"line":1,"column":null}},"1":{"start":{"line":5,"column":2},"end":{"line":45,"column":null}},"2":{"start":{"line":13,"column":10},"end":{"line":13,"column":null}},"3":{"start":{"line":14,"column":10},"end":{"line":14,"column":null}},"4":{"start":{"line":47,"column":1},"end":{"line":4,"column":20}},"5":{"start":{"line":49,"column":26},"end":{"line":49,"column":null}}},"fnMap":{"0":{"name":"(anonymous_0)","decl":{"start":{"line":1,"column":25},"end":{"line":1,"column":null}},"loc":{"start":{"line":1,"column":25},"end":{"line":1,"column":null}}},"1":{"name":"BasicInput","decl":{"start":{"line":4,"column":9},"end":{"line":4,"column":20}},"loc":{"start":{"line":4,"column":65},"end":{"line":47,"column":1}}},"2":{"name":"(anonymous_2)","decl":{"start":{"line":12,"column":19},"end":{"line":12,"column":29}},"loc":{"start":{"line":12,"column":29},"end":{"line":15,"column":null}}}},"branchMap":{"0":{"loc":{"start":{"line":1,"column":25},"end":{"line":1,"column":null}},"type":"binary-expr","locations":[{"start":{"line":1,"column":25},"end":{"line":1,"column":null}},{"start":{"line":1,"column":25},"end":{"line":1,"column":null}}]},"1":{"loc":{"start":{"line":1,"column":25},"end":{"line":1,"column":null}},"type":"if","locations":[{"start":{"line":1,"column":25},"end":{"line":1,"column":null}}]},"2":{"loc":{"start":{"line":33,"column":10},"end":{"line":33,"column":69}},"type":"cond-expr","locations":[{"start":{"line":33,"column":25},"end":{"line":33,"column":66}},{"start":{"line":33,"column":66},"end":{"line":33,"column":69}}]},"3":{"loc":{"start":{"line":37,"column":7},"end":{"line":43,"column":null}},"type":"binary-expr","locations":[{"start":{"line":37,"column":7},"end":{"line":37,"column":null}},{"start":{"line":38,"column":8},"end":{"line":43,"column":null}}]}},"s":{"0":144,"1":0,"2":0,"3":0,"4":18,"5":18},"f":{"0":18,"1":0,"2":0},"b":{"0":[36,18],"1":[18],"2":[0,0],"3":[0,0]}}
,"F:/LockD/CMP2025/Third_Year/First_Term/CMP3030_Software_Engineering/Code_Coverage/Front-End/src/components/form-controls/Button.jsx": {"path":"F:/LockD/CMP2025/Third_Year/First_Term/CMP3030_Software_Engineering/Code_Coverage/Front-End/src/components/form-controls/Button.jsx","statementMap":{"0":{"start":{"line":1,"column":0},"end":{"line":1,"column":null}},"1":{"start":{"line":21,"column":2},"end":{"line":149,"column":null}},"2":{"start":{"line":151,"column":1},"end":{"line":5,"column":16}},"3":{"start":{"line":153,"column":22},"end":{"line":153,"column":null}}},"fnMap":{"0":{"name":"(anonymous_0)","decl":{"start":{"line":1,"column":0},"end":{"line":1,"column":null}},"loc":{"start":{"line":1,"column":0},"end":{"line":1,"column":null}}},"1":{"name":"Button","decl":{"start":{"line":5,"column":9},"end":{"line":5,"column":16}},"loc":{"start":{"line":20,"column":3},"end":{"line":151,"column":1}}}},"branchMap":{"0":{"loc":{"start":{"line":1,"column":0},"end":{"line":1,"column":null}},"type":"binary-expr","locations":[{"start":{"line":1,"column":0},"end":{"line":1,"column":null}},{"start":{"line":1,"column":0},"end":{"line":1,"column":null}}]},"1":{"loc":{"start":{"line":1,"column":0},"end":{"line":1,"column":null}},"type":"if","locations":[{"start":{"line":1,"column":0},"end":{"line":1,"column":null}}]},"2":{"loc":{"start":{"line":22,"column":32},"end":{"line":22,"column":54}},"type":"binary-expr","locations":[{"start":{"line":22,"column":32},"end":{"line":22,"column":41}},{"start":{"line":22,"column":41},"end":{"line":22,"column":54}}]},"3":{"loc":{"start":{"line":22,"column":57},"end":{"line":22,"column":75}},"type":"binary-expr","locations":[{"start":{"line":22,"column":57},"end":{"line":22,"column":66}},{"start":{"line":22,"column":66},"end":{"line":22,"column":75}}]},"4":{"loc":{"start":{"line":23,"column":7},"end":{"line":147,"column":null}},"type":"cond-expr","locations":[{"start":{"line":24,"column":8},"end":{"line":84,"column":null}},{"start":{"line":86,"column":8},"end":{"line":147,"column":null}}]},"5":{"loc":{"start":{"line":28,"column":22},"end":{"line":28,"column":null}},"type":"binary-expr","locations":[{"start":{"line":28,"column":22},"end":{"line":28,"column":34}},{"start":{"line":28,"column":34},"end":{"line":28,"column":null}}]},"6":{"loc":{"start":{"line":31,"column":14},"end":{"line":31,"column":null}},"type":"cond-expr","locations":[{"start":{"line":31,"column":43},"end":{"line":31,"column":74}},{"start":{"line":31,"column":74},"end":{"line":31,"column":null}}]},"7":{"loc":{"start":{"line":33,"column":14},"end":{"line":33,"column":null}},"type":"cond-expr","locations":[{"start":{"line":33,"column":44},"end":{"line":33,"column":76}},{"start":{"line":33,"column":76},"end":{"line":33,"column":null}}]},"8":{"loc":{"start":{"line":35,"column":14},"end":{"line":37,"column":null}},"type":"cond-expr","locations":[{"start":{"line":36,"column":18},"end":{"line":36,"column":null}},{"start":{"line":37,"column":18},"end":{"line":37,"column":null}}]},"9":{"loc":{"start":{"line":38,"column":17},"end":{"line":38,"column":66}},"type":"cond-expr","locations":[{"start":{"line":38,"column":45},"end":{"line":38,"column":63}},{"start":{"line":38,"column":63},"end":{"line":38,"column":66}}]},"10":{"loc":{"start":{"line":39,"column":14},"end":{"line":41,"column":null}},"type":"cond-expr","locations":[{"start":{"line":40,"column":18},"end":{"line":40,"column":null}},{"start":{"line":41,"column":18},"end":{"line":41,"column":null}}]},"11":{"loc":{"start":{"line":43,"column":14},"end":{"line":45,"column":null}},"type":"cond-expr","locations":[{"start":{"line":44,"column":18},"end":{"line":44,"column":null}},{"start":{"line":45,"column":18},"end":{"line":45,"column":null}}]},"12":{"loc":{"start":{"line":47,"column":14},"end":{"line":49,"column":null}},"type":"cond-expr","locations":[{"start":{"line":48,"column":18},"end":{"line":48,"column":null}},{"start":{"line":49,"column":18},"end":{"line":49,"column":null}}]},"13":{"loc":{"start":{"line":50,"column":17},"end":{"line":50,"column":75}},"type":"cond-expr","locations":[{"start":{"line":50,"column":49},"end":{"line":50,"column":72}},{"start":{"line":50,"column":72},"end":{"line":50,"column":75}}]},"14":{"loc":{"start":{"line":51,"column":31},"end":{"line":51,"column":75}},"type":"cond-expr","locations":[{"start":{"line":51,"column":56},"end":{"line":51,"column":72}},{"start":{"line":51,"column":72},"end":{"line":51,"column":75}}]},"15":{"loc":{"start":{"line":52,"column":10},"end":{"line":52,"column":null}},"type":"cond-expr","locations":[{"start":{"line":52,"column":36},"end":{"line":52,"column":53}},{"start":{"line":52,"column":53},"end":{"line":52,"column":null}}]},"16":{"loc":{"start":{"line":53,"column":13},"end":{"line":53,"column":59}},"type":"cond-expr","locations":[{"start":{"line":53,"column":39},"end":{"line":53,"column":56}},{"start":{"line":53,"column":56},"end":{"line":53,"column":59}}]},"17":{"loc":{"start":{"line":54,"column":10},"end":{"line":54,"column":null}},"type":"cond-expr","locations":[{"start":{"line":54,"column":35},"end":{"line":54,"column":57}},{"start":{"line":54,"column":57},"end":{"line":54,"column":null}}]},"18":{"loc":{"start":{"line":56,"column":10},"end":{"line":56,"column":null}},"type":"cond-expr","locations":[{"start":{"line":56,"column":34},"end":{"line":56,"column":77}},{"start":{"line":56,"column":77},"end":{"line":56,"column":null}}]},"19":{"loc":{"start":{"line":58,"column":10},"end":{"line":58,"column":54}},"type":"cond-expr","locations":[{"start":{"line":58,"column":35},"end":{"line":58,"column":51}},{"start":{"line":58,"column":51},"end":{"line":58,"column":54}}]},"20":{"loc":{"start":{"line":61,"column":13},"end":{"line":67,"column":null}},"type":"binary-expr","locations":[{"start":{"line":61,"column":13},"end":{"line":61,"column":null}},{"start":{"line":62,"column":14},"end":{"line":67,"column":null}}]},"21":{"loc":{"start":{"line":70,"column":33},"end":{"line":70,"column":57}},"type":"binary-expr","locations":[{"start":{"line":70,"column":33},"end":{"line":70,"column":45}},{"start":{"line":70,"column":45},"end":{"line":70,"column":57}}]},"22":{"loc":{"start":{"line":71,"column":16},"end":{"line":71,"column":null}},"type":"cond-expr","locations":[{"start":{"line":71,"column":40},"end":{"line":71,"column":54}},{"start":{"line":71,"column":54},"end":{"line":71,"column":null}}]},"23":{"loc":{"start":{"line":72,"column":19},"end":{"line":72,"column":63}},"type":"cond-expr","locations":[{"start":{"line":72,"column":44},"end":{"line":72,"column":60}},{"start":{"line":72,"column":60},"end":{"line":72,"column":63}}]},"24":{"loc":{"start":{"line":73,"column":16},"end":{"line":73,"column":null}},"type":"cond-expr","locations":[{"start":{"line":73,"column":41},"end":{"line":73,"column":56}},{"start":{"line":73,"column":56},"end":{"line":73,"column":null}}]},"25":{"loc":{"start":{"line":74,"column":19},"end":{"line":74,"column":62}},"type":"cond-expr","locations":[{"start":{"line":74,"column":42},"end":{"line":74,"column":59}},{"start":{"line":74,"column":59},"end":{"line":74,"column":62}}]},"26":{"loc":{"start":{"line":75,"column":14},"end":{"line":75,"column":64}},"type":"cond-expr","locations":[{"start":{"line":75,"column":42},"end":{"line":75,"column":61}},{"start":{"line":75,"column":61},"end":{"line":75,"column":64}}]},"27":{"loc":{"start":{"line":76,"column":14},"end":{"line":76,"column":null}},"type":"cond-expr","locations":[{"start":{"line":76,"column":43},"end":{"line":76,"column":64}},{"start":{"line":76,"column":64},"end":{"line":76,"column":null}}]},"28":{"loc":{"start":{"line":77,"column":17},"end":{"line":77,"column":69}},"type":"cond-expr","locations":[{"start":{"line":77,"column":46},"end":{"line":77,"column":66}},{"start":{"line":77,"column":66},"end":{"line":77,"column":69}}]},"29":{"loc":{"start":{"line":78,"column":14},"end":{"line":78,"column":61}},"type":"cond-expr","locations":[{"start":{"line":78,"column":41},"end":{"line":78,"column":58}},{"start":{"line":78,"column":58},"end":{"line":78,"column":61}}]},"30":{"loc":{"start":{"line":89,"column":22},"end":{"line":89,"column":null}},"type":"binary-expr","locations":[{"start":{"line":89,"column":22},"end":{"line":89,"column":34}},{"start":{"line":89,"column":34},"end":{"line":89,"column":null}}]},"31":{"loc":{"start":{"line":91,"column":21},"end":{"line":91,"column":null}},"type":"binary-expr","locations":[{"start":{"line":91,"column":21},"end":{"line":91,"column":32}},{"start":{"line":91,"column":32},"end":{"line":91,"column":null}}]},"32":{"loc":{"start":{"line":94,"column":14},"end":{"line":94,"column":null}},"type":"cond-expr","locations":[{"start":{"line":94,"column":43},"end":{"line":94,"column":74}},{"start":{"line":94,"column":74},"end":{"line":94,"column":null}}]},"33":{"loc":{"start":{"line":96,"column":14},"end":{"line":96,"column":null}},"type":"cond-expr","locations":[{"start":{"line":96,"column":44},"end":{"line":96,"column":76}},{"start":{"line":96,"column":76},"end":{"line":96,"column":null}}]},"34":{"loc":{"start":{"line":98,"column":14},"end":{"line":100,"column":null}},"type":"cond-expr","locations":[{"start":{"line":99,"column":18},"end":{"line":99,"column":null}},{"start":{"line":100,"column":18},"end":{"line":100,"column":null}}]},"35":{"loc":{"start":{"line":101,"column":17},"end":{"line":101,"column":66}},"type":"cond-expr","locations":[{"start":{"line":101,"column":45},"end":{"line":101,"column":63}},{"start":{"line":101,"column":63},"end":{"line":101,"column":66}}]},"36":{"loc":{"start":{"line":102,"column":14},"end":{"line":104,"column":null}},"type":"cond-expr","locations":[{"start":{"line":103,"column":18},"end":{"line":103,"column":null}},{"start":{"line":104,"column":18},"end":{"line":104,"column":null}}]},"37":{"loc":{"start":{"line":106,"column":14},"end":{"line":108,"column":null}},"type":"cond-expr","locations":[{"start":{"line":107,"column":18},"end":{"line":107,"column":null}},{"start":{"line":108,"column":18},"end":{"line":108,"column":null}}]},"38":{"loc":{"start":{"line":110,"column":14},"end":{"line":112,"column":null}},"type":"cond-expr","locations":[{"start":{"line":111,"column":18},"end":{"line":111,"column":null}},{"start":{"line":112,"column":18},"end":{"line":112,"column":null}}]},"39":{"loc":{"start":{"line":113,"column":17},"end":{"line":113,"column":75}},"type":"cond-expr","locations":[{"start":{"line":113,"column":49},"end":{"line":113,"column":72}},{"start":{"line":113,"column":72},"end":{"line":113,"column":75}}]},"40":{"loc":{"start":{"line":114,"column":31},"end":{"line":114,"column":75}},"type":"cond-expr","locations":[{"start":{"line":114,"column":56},"end":{"line":114,"column":72}},{"start":{"line":114,"column":72},"end":{"line":114,"column":75}}]},"41":{"loc":{"start":{"line":115,"column":10},"end":{"line":115,"column":null}},"type":"cond-expr","locations":[{"start":{"line":115,"column":36},"end":{"line":115,"column":53}},{"start":{"line":115,"column":53},"end":{"line":115,"column":null}}]},"42":{"loc":{"start":{"line":116,"column":13},"end":{"line":116,"column":59}},"type":"cond-expr","locations":[{"start":{"line":116,"column":39},"end":{"line":116,"column":56}},{"start":{"line":116,"column":56},"end":{"line":116,"column":59}}]},"43":{"loc":{"start":{"line":117,"column":10},"end":{"line":117,"column":null}},"type":"cond-expr","locations":[{"start":{"line":117,"column":35},"end":{"line":117,"column":57}},{"start":{"line":117,"column":57},"end":{"line":117,"column":null}}]},"44":{"loc":{"start":{"line":119,"column":10},"end":{"line":119,"column":null}},"type":"cond-expr","locations":[{"start":{"line":119,"column":34},"end":{"line":119,"column":77}},{"start":{"line":119,"column":77},"end":{"line":119,"column":null}}]},"45":{"loc":{"start":{"line":121,"column":10},"end":{"line":121,"column":54}},"type":"cond-expr","locations":[{"start":{"line":121,"column":35},"end":{"line":121,"column":51}},{"start":{"line":121,"column":51},"end":{"line":121,"column":54}}]},"46":{"loc":{"start":{"line":124,"column":13},"end":{"line":130,"column":null}},"type":"binary-expr","locations":[{"start":{"line":124,"column":13},"end":{"line":124,"column":null}},{"start":{"line":125,"column":14},"end":{"line":130,"column":null}}]},"47":{"loc":{"start":{"line":133,"column":33},"end":{"line":133,"column":57}},"type":"binary-expr","locations":[{"start":{"line":133,"column":33},"end":{"line":133,"column":45}},{"start":{"line":133,"column":45},"end":{"line":133,"column":57}}]},"48":{"loc":{"start":{"line":134,"column":16},"end":{"line":134,"column":null}},"type":"cond-expr","locations":[{"start":{"line":134,"column":40},"end":{"line":134,"column":54}},{"start":{"line":134,"column":54},"end":{"line":134,"column":null}}]},"49":{"loc":{"start":{"line":135,"column":19},"end":{"line":135,"column":63}},"type":"cond-expr","locations":[{"start":{"line":135,"column":44},"end":{"line":135,"column":60}},{"start":{"line":135,"column":60},"end":{"line":135,"column":63}}]},"50":{"loc":{"start":{"line":136,"column":16},"end":{"line":136,"column":null}},"type":"cond-expr","locations":[{"start":{"line":136,"column":41},"end":{"line":136,"column":56}},{"start":{"line":136,"column":56},"end":{"line":136,"column":null}}]},"51":{"loc":{"start":{"line":137,"column":19},"end":{"line":137,"column":62}},"type":"cond-expr","locations":[{"start":{"line":137,"column":42},"end":{"line":137,"column":59}},{"start":{"line":137,"column":59},"end":{"line":137,"column":62}}]},"52":{"loc":{"start":{"line":138,"column":14},"end":{"line":138,"column":64}},"type":"cond-expr","locations":[{"start":{"line":138,"column":42},"end":{"line":138,"column":61}},{"start":{"line":138,"column":61},"end":{"line":138,"column":64}}]},"53":{"loc":{"start":{"line":139,"column":14},"end":{"line":139,"column":null}},"type":"cond-expr","locations":[{"start":{"line":139,"column":43},"end":{"line":139,"column":64}},{"start":{"line":139,"column":64},"end":{"line":139,"column":null}}]},"54":{"loc":{"start":{"line":140,"column":17},"end":{"line":140,"column":69}},"type":"cond-expr","locations":[{"start":{"line":140,"column":46},"end":{"line":140,"column":66}},{"start":{"line":140,"column":66},"end":{"line":140,"column":69}}]},"55":{"loc":{"start":{"line":141,"column":14},"end":{"line":141,"column":61}},"type":"cond-expr","locations":[{"start":{"line":141,"column":41},"end":{"line":141,"column":58}},{"start":{"line":141,"column":58},"end":{"line":141,"column":61}}]}},"s":{"0":144,"1":2830,"2":18,"3":18},"f":{"0":18,"1":2830},"b":{"0":[36,18],"1":[18],"2":[2830,2830],"3":[2830,2830],"4":[64,2766],"5":[64,64],"6":[32,32],"7":[0,64],"8":[0,64],"9":[0,64],"10":[0,64],"11":[0,64],"12":[0,64],"13":[0,64],"14":[0,64],"15":[0,64],"16":[0,64],"17":[32,32],"18":[0,64],"19":[32,32],"20":[64,0],"21":[64,64],"22":[32,32],"23":[32,32],"24":[0,64],"25":[0,64],"26":[0,64],"27":[0,64],"28":[0,64],"29":[0,64],"30":[2766,36],"31":[2766,0],"32":[0,2766],"33":[2766,0],"34":[0,2766],"35":[0,2766],"36":[0,2766],"37":[0,2766],"38":[0,2766],"39":[0,2766],"40":[0,2766],"41":[0,2766],"42":[0,2766],"43":[2766,0],"44":[0,2766],"45":[0,2766],"46":[2766,32],"47":[2766,2766],"48":[0,2766],"49":[0,2766],"50":[2766,0],"51":[0,2766],"52":[0,2766],"53":[0,2766],"54":[0,2766],"55":[0,2766]}}
,"F:/LockD/CMP2025/Third_Year/First_Term/CMP3030_Software_Engineering/Code_Coverage/Front-End/src/components/form-controls/DorpDownMenu.jsx": {"path":"F:/LockD/CMP2025/Third_Year/First_Term/CMP3030_Software_Engineering/Code_Coverage/Front-End/src/components/form-controls/DorpDownMenu.jsx","statementMap":{"0":{"start":{"line":1,"column":0},"end":{"line":1,"column":null}},"1":{"start":{"line":8,"column":32},"end":{"line":10,"column":null}},"2":{"start":{"line":9,"column":4},"end":{"line":9,"column":null}},"3":{"start":{"line":11,"column":2},"end":{"line":42,"column":null}},"4":{"start":{"line":22,"column":10},"end":{"line":27,"column":null}},"5":{"start":{"line":44,"column":1},"end":{"line":7,"column":22}},"6":{"start":{"line":46,"column":28},"end":{"line":46,"column":null}}},"fnMap":{"0":{"name":"(anonymous_0)","decl":{"start":{"line":1,"column":0},"end":{"line":1,"column":null}},"loc":{"start":{"line":1,"column":0},"end":{"line":1,"column":null}}},"1":{"name":"DorpDownMenu","decl":{"start":{"line":7,"column":9},"end":{"line":7,"column":22}},"loc":{"start":{"line":7,"column":58},"end":{"line":44,"column":1}}},"2":{"name":"(anonymous_2)","decl":{"start":{"line":8,"column":32},"end":{"line":8,"column":42}},"loc":{"start":{"line":8,"column":42},"end":{"line":10,"column":null}}},"3":{"name":"(anonymous_3)","decl":{"start":{"line":21,"column":19},"end":{"line":21,"column":20}},"loc":{"start":{"line":22,"column":10},"end":{"line":27,"column":null}}}},"branchMap":{"0":{"loc":{"start":{"line":1,"column":0},"end":{"line":1,"column":null}},"type":"binary-expr","locations":[{"start":{"line":1,"column":0},"end":{"line":1,"column":null}},{"start":{"line":1,"column":0},"end":{"line":1,"column":null}}]},"1":{"loc":{"start":{"line":1,"column":0},"end":{"line":1,"column":null}},"type":"if","locations":[{"start":{"line":1,"column":0},"end":{"line":1,"column":null}}]}},"s":{"0":144,"1":8202,"2":34,"3":8202,"4":455374,"5":18,"6":18},"f":{"0":18,"1":8202,"2":34,"3":455374},"b":{"0":[36,18],"1":[18]}}
,"F:/LockD/CMP2025/Third_Year/First_Term/CMP3030_Software_Engineering/Code_Coverage/Front-End/src/components/form-controls/GoogleSignIn.jsx": {"path":"F:/LockD/CMP2025/Third_Year/First_Term/CMP3030_Software_Engineering/Code_Coverage/Front-End/src/components/form-controls/GoogleSignIn.jsx","statementMap":{"0":{"start":{"line":1,"column":25},"end":{"line":1,"column":null}},"1":{"start":{"line":7,"column":28},"end":{"line":24,"column":null}},"2":{"start":{"line":8,"column":4},"end":{"line":23,"column":null}},"3":{"start":{"line":9,"column":18},"end":{"line":17,"column":null}},"4":{"start":{"line":18,"column":19},"end":{"line":18,"column":null}},"5":{"start":{"line":19,"column":6},"end":{"line":19,"column":null}},"6":{"start":{"line":19,"column":33},"end":{"line":19,"column":null}},"7":{"start":{"line":20,"column":6},"end":{"line":20,"column":null}},"8":{"start":{"line":22,"column":6},"end":{"line":22,"column":null}},"9":{"start":{"line":25,"column":2},"end":{"line":52,"column":null}},"10":{"start":{"line":54,"column":1},"end":{"line":6,"column":25}},"11":{"start":{"line":56,"column":0},"end":{"line":58,"column":null}},"12":{"start":{"line":60,"column":31},"end":{"line":60,"column":null}}},"fnMap":{"0":{"name":"(anonymous_0)","decl":{"start":{"line":1,"column":25},"end":{"line":1,"column":null}},"loc":{"start":{"line":1,"column":25},"end":{"line":1,"column":null}}},"1":{"name":"GoogleSignInBtn","decl":{"start":{"line":6,"column":9},"end":{"line":6,"column":25}},"loc":{"start":{"line":6,"column":36},"end":{"line":54,"column":1}}},"2":{"name":"(anonymous_2)","decl":{"start":{"line":7,"column":28},"end":{"line":7,"column":40}},"loc":{"start":{"line":7,"column":40},"end":{"line":24,"column":null}}}},"branchMap":{"0":{"loc":{"start":{"line":1,"column":25},"end":{"line":1,"column":null}},"type":"binary-expr","locations":[{"start":{"line":1,"column":25},"end":{"line":1,"column":null}},{"start":{"line":1,"column":25},"end":{"line":1,"column":null}}]},"1":{"loc":{"start":{"line":1,"column":25},"end":{"line":1,"column":null}},"type":"if","locations":[{"start":{"line":1,"column":25},"end":{"line":1,"column":null}}]},"2":{"loc":{"start":{"line":19,"column":6},"end":{"line":19,"column":null}},"type":"if","locations":[{"start":{"line":19,"column":6},"end":{"line":19,"column":null}}]}},"s":{"0":144,"1":32,"2":0,"3":0,"4":0,"5":0,"6":0,"7":0,"8":0,"9":32,"10":18,"11":18,"12":18},"f":{"0":18,"1":32,"2":0},"b":{"0":[36,18],"1":[18],"2":[0]}}
,"F:/LockD/CMP2025/Third_Year/First_Term/CMP3030_Software_Engineering/Code_Coverage/Front-End/src/components/form-controls/emailInput.jsx": {"path":"F:/LockD/CMP2025/Third_Year/First_Term/CMP3030_Software_Engineering/Code_Coverage/Front-End/src/components/form-controls/emailInput.jsx","statementMap":{"0":{"start":{"line":1,"column":0},"end":{"line":1,"column":null}},"1":{"start":{"line":7,"column":23},"end":{"line":7,"column":null}},"2":{"start":{"line":8,"column":29},"end":{"line":13,"column":null}},"3":{"start":{"line":9,"column":4},"end":{"line":9,"column":null}},"4":{"start":{"line":10,"column":4},"end":{"line":12,"column":null}},"5":{"start":{"line":11,"column":6},"end":{"line":11,"column":null}},"6":{"start":{"line":12,"column":11},"end":{"line":12,"column":null}},"7":{"start":{"line":15,"column":2},"end":{"line":57,"column":null}},"8":{"start":{"line":59,"column":1},"end":{"line":6,"column":20}},"9":{"start":{"line":61,"column":26},"end":{"line":61,"column":null}}},"fnMap":{"0":{"name":"(anonymous_0)","decl":{"start":{"line":1,"column":0},"end":{"line":1,"column":null}},"loc":{"start":{"line":1,"column":0},"end":{"line":1,"column":null}}},"1":{"name":"EmailInput","decl":{"start":{"line":6,"column":9},"end":{"line":6,"column":20}},"loc":{"start":{"line":6,"column":58},"end":{"line":59,"column":1}}},"2":{"name":"(anonymous_2)","decl":{"start":{"line":8,"column":29},"end":{"line":8,"column":39}},"loc":{"start":{"line":8,"column":39},"end":{"line":13,"column":null}}}},"branchMap":{"0":{"loc":{"start":{"line":1,"column":0},"end":{"line":1,"column":null}},"type":"binary-expr","locations":[{"start":{"line":1,"column":0},"end":{"line":1,"column":null}},{"start":{"line":1,"column":0},"end":{"line":1,"column":null}}]},"1":{"loc":{"start":{"line":1,"column":0},"end":{"line":1,"column":null}},"type":"if","locations":[{"start":{"line":1,"column":0},"end":{"line":1,"column":null}}]},"2":{"loc":{"start":{"line":10,"column":4},"end":{"line":12,"column":null}},"type":"if","locations":[{"start":{"line":10,"column":4},"end":{"line":12,"column":null}},{"start":{"line":12,"column":11},"end":{"line":12,"column":null}}]},"3":{"loc":{"start":{"line":31,"column":10},"end":{"line":33,"column":null}},"type":"cond-expr","locations":[{"start":{"line":32,"column":14},"end":{"line":32,"column":null}},{"start":{"line":33,"column":14},"end":{"line":33,"column":null}}]},"4":{"loc":{"start":{"line":45,"column":10},"end":{"line":45,"column":69}},"type":"cond-expr","locations":[{"start":{"line":45,"column":25},"end":{"line":45,"column":66}},{"start":{"line":45,"column":66},"end":{"line":45,"column":69}}]},"5":{"loc":{"start":{"line":49,"column":7},"end":{"line":55,"column":null}},"type":"binary-expr","locations":[{"start":{"line":49,"column":7},"end":{"line":49,"column":null}},{"start":{"line":50,"column":8},"end":{"line":55,"column":null}}]}},"s":{"0":144,"1":2734,"2":2734,"3":361,"4":361,"5":40,"6":321,"7":2734,"8":18,"9":18},"f":{"0":18,"1":2734,"2":361},"b":{"0":[36,18],"1":[18],"2":[40,321],"3":[676,2058],"4":[676,2058],"5":[2734,676]}}
,"F:/LockD/CMP2025/Third_Year/First_Term/CMP3030_Software_Engineering/Code_Coverage/Front-End/src/components/form-controls/nameInput.jsx": {"path":"F:/LockD/CMP2025/Third_Year/First_Term/CMP3030_Software_Engineering/Code_Coverage/Front-End/src/components/form-controls/nameInput.jsx","statementMap":{"0":{"start":{"line":6,"column":73},"end":{"line":6,"column":null}},"1":{"start":{"line":7,"column":24},"end":{"line":7,"column":null}},"2":{"start":{"line":9,"column":29},"end":{"line":16,"column":null}},"3":{"start":{"line":10,"column":4},"end":{"line":10,"column":null}},"4":{"start":{"line":11,"column":4},"end":{"line":11,"column":null}},"5":{"start":{"line":11,"column":41},"end":{"line":11,"column":null}},"6":{"start":{"line":12,"column":4},"end":{"line":15,"column":null}},"7":{"start":{"line":13,"column":28},"end":{"line":13,"column":null}},"8":{"start":{"line":14,"column":6},"end":{"line":14,"column":null}},"9":{"start":{"line":15,"column":11},"end":{"line":15,"column":null}},"10":{"start":{"line":17,"column":2},"end":{"line":67,"column":null}},"11":{"start":{"line":69,"column":1},"end":{"line":6,"column":19}},"12":{"start":{"line":6,"column":18},"end":{"line":null,"column":-1}},"13":{"start":{"line":71,"column":25},"end":{"line":71,"column":null}}},"fnMap":{"0":{"name":"NameInput","decl":{"start":{"line":6,"column":9},"end":{"line":6,"column":18}},"loc":{"start":{"line":6,"column":73},"end":{"line":69,"column":1}}},"1":{"name":"(anonymous_2)","decl":{"start":{"line":9,"column":29},"end":{"line":9,"column":39}},"loc":{"start":{"line":9,"column":39},"end":{"line":16,"column":null}}}},"branchMap":{"0":{"loc":{"start":{"line":11,"column":4},"end":{"line":11,"column":null}},"type":"if","locations":[{"start":{"line":11,"column":4},"end":{"line":11,"column":null}}]},"1":{"loc":{"start":{"line":12,"column":4},"end":{"line":15,"column":null}},"type":"if","locations":[{"start":{"line":12,"column":4},"end":{"line":15,"column":null}},{"start":{"line":15,"column":11},"end":{"line":15,"column":null}}]},"2":{"loc":{"start":{"line":12,"column":8},"end":{"line":12,"column":54}},"type":"binary-expr","locations":[{"start":{"line":12,"column":8},"end":{"line":12,"column":43}},{"start":{"line":12,"column":43},"end":{"line":12,"column":54}}]},"3":{"loc":{"start":{"line":34,"column":10},"end":{"line":36,"column":null}},"type":"cond-expr","locations":[{"start":{"line":35,"column":14},"end":{"line":35,"column":null}},{"start":{"line":36,"column":14},"end":{"line":36,"column":null}}]},"4":{"loc":{"start":{"line":49,"column":12},"end":{"line":51,"column":null}},"type":"cond-expr","locations":[{"start":{"line":50,"column":16},"end":{"line":50,"column":null}},{"start":{"line":51,"column":16},"end":{"line":51,"column":null}}]},"5":{"loc":{"start":{"line":59,"column":7},"end":{"line":65,"column":null}},"type":"binary-expr","locations":[{"start":{"line":59,"column":7},"end":{"line":59,"column":null}},{"start":{"line":60,"column":8},"end":{"line":65,"column":null}}]}},"s":{"0":5468,"1":5468,"2":5468,"3":395,"4":395,"5":393,"6":395,"7":2,"8":2,"9":393,"10":5468,"11":18,"12":18,"13":18},"f":{"0":5468,"1":395},"b":{"0":[393],"1":[2,393],"2":[395,2],"3":[1524,3944],"4":[1524,3944],"5":[5468,1524]}}
,"F:/LockD/CMP2025/Third_Year/First_Term/CMP3030_Software_Engineering/Code_Coverage/Front-End/src/components/form-controls/passwordInput.jsx": {"path":"F:/LockD/CMP2025/Third_Year/First_Term/CMP3030_Software_Engineering/Code_Coverage/Front-End/src/components/form-controls/passwordInput.jsx","statementMap":{"0":{"start":{"line":4,"column":74},"end":{"line":4,"column":null}},"1":{"start":{"line":5,"column":36},"end":{"line":5,"column":null}},"2":{"start":{"line":7,"column":18},"end":{"line":7,"column":null}},"3":{"start":{"line":9,"column":2},"end":{"line":85,"column":null}},"4":{"start":{"line":18,"column":10},"end":{"line":18,"column":null}},"5":{"start":{"line":19,"column":10},"end":{"line":19,"column":null}},"6":{"start":{"line":52,"column":12},"end":{"line":52,"column":null}},"7":{"start":{"line":53,"column":12},"end":{"line":53,"column":null}},"8":{"start":{"line":66,"column":12},"end":{"line":66,"column":null}},"9":{"start":{"line":67,"column":12},"end":{"line":67,"column":null}},"10":{"start":{"line":87,"column":1},"end":{"line":4,"column":23}},"11":{"start":{"line":4,"column":22},"end":{"line":null,"column":-1}},"12":{"start":{"line":89,"column":29},"end":{"line":89,"column":null}}},"fnMap":{"0":{"name":"PasswordInput","decl":{"start":{"line":4,"column":9},"end":{"line":4,"column":22}},"loc":{"start":{"line":4,"column":74},"end":{"line":87,"column":1}}},"1":{"name":"(anonymous_2)","decl":{"start":{"line":17,"column":19},"end":{"line":17,"column":29}},"loc":{"start":{"line":17,"column":29},"end":{"line":20,"column":null}}},"2":{"name":"(anonymous_3)","decl":{"start":{"line":51,"column":19},"end":{"line":51,"column":25}},"loc":{"start":{"line":51,"column":25},"end":{"line":54,"column":null}}},"3":{"name":"(anonymous_4)","decl":{"start":{"line":65,"column":19},"end":{"line":65,"column":25}},"loc":{"start":{"line":65,"column":25},"end":{"line":68,"column":null}}}},"branchMap":{"0":{"loc":{"start":{"line":21,"column":14},"end":{"line":21,"column":null}},"type":"cond-expr","locations":[{"start":{"line":21,"column":26},"end":{"line":21,"column":35}},{"start":{"line":21,"column":35},"end":{"line":21,"column":null}}]},"1":{"loc":{"start":{"line":30,"column":10},"end":{"line":32,"column":null}},"type":"cond-expr","locations":[{"start":{"line":31,"column":14},"end":{"line":31,"column":null}},{"start":{"line":32,"column":14},"end":{"line":32,"column":null}}]},"2":{"loc":{"start":{"line":44,"column":10},"end":{"line":44,"column":69}},"type":"cond-expr","locations":[{"start":{"line":44,"column":25},"end":{"line":44,"column":66}},{"start":{"line":44,"column":66},"end":{"line":44,"column":69}}]},"3":{"loc":{"start":{"line":48,"column":7},"end":{"line":75,"column":null}},"type":"cond-expr","locations":[{"start":{"line":49,"column":8},"end":{"line":61,"column":null}},{"start":{"line":63,"column":8},"end":{"line":75,"column":null}}]},"4":{"loc":{"start":{"line":77,"column":7},"end":{"line":83,"column":null}},"type":"binary-expr","locations":[{"start":{"line":77,"column":7},"end":{"line":77,"column":null}},{"start":{"line":78,"column":8},"end":{"line":83,"column":null}}]}},"s":{"0":5468,"1":5468,"2":5468,"3":5468,"4":258,"5":258,"6":0,"7":0,"8":0,"9":0,"10":18,"11":18,"12":18},"f":{"0":5468,"1":258,"2":0,"3":0},"b":{"0":[0,5468],"1":[474,4994],"2":[474,4994],"3":[5468,0],"4":[5468,474]}}
,"F:/LockD/CMP2025/Third_Year/First_Term/CMP3030_Software_Engineering/Code_Coverage/Front-End/src/components/landingPage/LandingPage.jsx": {"path":"F:/LockD/CMP2025/Third_Year/First_Term/CMP3030_Software_Engineering/Code_Coverage/Front-End/src/components/landingPage/LandingPage.jsx","statementMap":{"0":{"start":{"line":1,"column":30},"end":{"line":1,"column":null}},"1":{"start":{"line":6,"column":2},"end":{"line":35,"column":null}},"2":{"start":{"line":37,"column":1},"end":{"line":5,"column":23}},"3":{"start":{"line":39,"column":27},"end":{"line":39,"column":null}}},"fnMap":{"0":{"name":"(anonymous_0)","decl":{"start":{"line":1,"column":30},"end":{"line":1,"column":null}},"loc":{"start":{"line":1,"column":30},"end":{"line":1,"column":null}}},"1":{"name":"LandingPage","decl":{"start":{"line":5,"column":9},"end":{"line":5,"column":23}},"loc":{"start":{"line":5,"column":23},"end":{"line":37,"column":1}}}},"branchMap":{"0":{"loc":{"start":{"line":1,"column":30},"end":{"line":1,"column":null}},"type":"binary-expr","locations":[{"start":{"line":1,"column":30},"end":{"line":1,"column":null}},{"start":{"line":1,"column":30},"end":{"line":1,"column":null}}]},"1":{"loc":{"start":{"line":1,"column":30},"end":{"line":1,"column":null}},"type":"if","locations":[{"start":{"line":1,"column":30},"end":{"line":1,"column":null}}]}},"s":{"0":144,"1":32,"2":18,"3":18},"f":{"0":18,"1":32},"b":{"0":[36,18],"1":[18]}}
,"F:/LockD/CMP2025/Third_Year/First_Term/CMP3030_Software_Engineering/Code_Coverage/Front-End/src/components/landingPage/NewAccountForm.jsx": {"path":"F:/LockD/CMP2025/Third_Year/First_Term/CMP3030_Software_Engineering/Code_Coverage/Front-End/src/components/landingPage/NewAccountForm.jsx","statementMap":{"0":{"start":{"line":1,"column":25},"end":{"line":1,"column":null}},"1":{"start":{"line":6,"column":2},"end":{"line":35,"column":null}},"2":{"start":{"line":37,"column":1},"end":{"line":5,"column":26}},"3":{"start":{"line":39,"column":30},"end":{"line":39,"column":null}}},"fnMap":{"0":{"name":"(anonymous_0)","decl":{"start":{"line":1,"column":25},"end":{"line":1,"column":null}},"loc":{"start":{"line":1,"column":25},"end":{"line":1,"column":null}}},"1":{"name":"NewAccountForm","decl":{"start":{"line":5,"column":9},"end":{"line":5,"column":26}},"loc":{"start":{"line":5,"column":26},"end":{"line":37,"column":1}}}},"branchMap":{"0":{"loc":{"start":{"line":1,"column":25},"end":{"line":1,"column":null}},"type":"binary-expr","locations":[{"start":{"line":1,"column":25},"end":{"line":1,"column":null}},{"start":{"line":1,"column":25},"end":{"line":1,"column":null}}]},"1":{"loc":{"start":{"line":1,"column":25},"end":{"line":1,"column":null}},"type":"if","locations":[{"start":{"line":1,"column":25},"end":{"line":1,"column":null}}]}},"s":{"0":144,"1":32,"2":18,"3":18},"f":{"0":18,"1":32},"b":{"0":[36,18],"1":[18]}}
,"F:/LockD/CMP2025/Third_Year/First_Term/CMP3030_Software_Engineering/Code_Coverage/Front-End/src/components/login-page/ForgotPassword.jsx": {"path":"F:/LockD/CMP2025/Third_Year/First_Term/CMP3030_Software_Engineering/Code_Coverage/Front-End/src/components/login-page/ForgotPassword.jsx","statementMap":{"0":{"start":{"line":10,"column":26},"end":{"line":10,"column":null}},"1":{"start":{"line":11,"column":28},"end":{"line":11,"column":null}},"2":{"start":{"line":12,"column":38},"end":{"line":12,"column":null}},"3":{"start":{"line":13,"column":30},"end":{"line":13,"column":null}},"4":{"start":{"line":14,"column":36},"end":{"line":14,"column":null}},"5":{"start":{"line":16,"column":31},"end":{"line":40,"column":null}},"6":{"start":{"line":17,"column":4},"end":{"line":39,"column":null}},"7":{"start":{"line":18,"column":6},"end":{"line":18,"column":null}},"8":{"start":{"line":19,"column":18},"end":{"line":31,"column":null}},"9":{"start":{"line":32,"column":19},"end":{"line":32,"column":null}},"10":{"start":{"line":33,"column":6},"end":{"line":33,"column":null}},"11":{"start":{"line":33,"column":33},"end":{"line":33,"column":null}},"12":{"start":{"line":34,"column":6},"end":{"line":34,"column":null}},"13":{"start":{"line":36,"column":6},"end":{"line":36,"column":null}},"14":{"start":{"line":38,"column":6},"end":{"line":38,"column":null}},"15":{"start":{"line":42,"column":2},"end":{"line":42,"column":null}},"16":{"start":{"line":42,"column":14},"end":{"line":42,"column":null}},"17":{"start":{"line":44,"column":2},"end":{"line":87,"column":null}},"18":{"start":{"line":89,"column":1},"end":{"line":10,"column":26}},"19":{"start":{"line":10,"column":23},"end":{"line":null,"column":-1}},"20":{"start":{"line":91,"column":30},"end":{"line":91,"column":null}}},"fnMap":{"0":{"name":"ForgotPassword","decl":{"start":{"line":10,"column":9},"end":{"line":10,"column":23}},"loc":{"start":{"line":10,"column":26},"end":{"line":89,"column":1}}},"1":{"name":"(anonymous_2)","decl":{"start":{"line":16,"column":31},"end":{"line":16,"column":43}},"loc":{"start":{"line":16,"column":43},"end":{"line":40,"column":null}}}},"branchMap":{"0":{"loc":{"start":{"line":33,"column":6},"end":{"line":33,"column":null}},"type":"if","locations":[{"start":{"line":33,"column":6},"end":{"line":33,"column":null}}]},"1":{"loc":{"start":{"line":42,"column":2},"end":{"line":42,"column":null}},"type":"if","locations":[{"start":{"line":42,"column":2},"end":{"line":42,"column":null}}]},"2":{"loc":{"start":{"line":49,"column":7},"end":{"line":49,"column":null}},"type":"binary-expr","locations":[{"start":{"line":49,"column":7},"end":{"line":49,"column":20}},{"start":{"line":49,"column":20},"end":{"line":49,"column":null}}]},"3":{"loc":{"start":{"line":50,"column":7},"end":{"line":84,"column":null}},"type":"binary-expr","locations":[{"start":{"line":50,"column":7},"end":{"line":50,"column":null}},{"start":{"line":51,"column":8},"end":{"line":84,"column":null}}]},"4":{"loc":{"start":{"line":76,"column":26},"end":{"line":76,"column":null}},"type":"binary-expr","locations":[{"start":{"line":76,"column":26},"end":{"line":76,"column":47}},{"start":{"line":76,"column":47},"end":{"line":76,"column":null}}]}},"s":{"0":0,"1":0,"2":0,"3":0,"4":0,"5":0,"6":0,"7":0,"8":0,"9":0,"10":0,"11":0,"12":0,"13":0,"14":0,"15":0,"16":0,"17":0,"18":18,"19":18,"20":18},"f":{"0":0,"1":0},"b":{"0":[0],"1":[0],"2":[0,0],"3":[0,0],"4":[0,0]}}
,"F:/LockD/CMP2025/Third_Year/First_Term/CMP3030_Software_Engineering/Code_Coverage/Front-End/src/components/login-page/Login.jsx": {"path":"F:/LockD/CMP2025/Third_Year/First_Term/CMP3030_Software_Engineering/Code_Coverage/Front-End/src/components/login-page/Login.jsx","statementMap":{"0":{"start":{"line":13,"column":17},"end":{"line":13,"column":null}},"1":{"start":{"line":14,"column":28},"end":{"line":14,"column":null}},"2":{"start":{"line":15,"column":38},"end":{"line":15,"column":null}},"3":{"start":{"line":16,"column":44},"end":{"line":16,"column":null}},"4":{"start":{"line":17,"column":34},"end":{"line":17,"column":null}},"5":{"start":{"line":18,"column":36},"end":{"line":18,"column":null}},"6":{"start":{"line":19,"column":19},"end":{"line":19,"column":null}},"7":{"start":{"line":20,"column":23},"end":{"line":20,"column":null}},"8":{"start":{"line":22,"column":22},"end":{"line":47,"column":null}},"9":{"start":{"line":23,"column":4},"end":{"line":46,"column":null}},"10":{"start":{"line":24,"column":6},"end":{"line":24,"column":null}},"11":{"start":{"line":25,"column":18},"end":{"line":37,"column":null}},"12":{"start":{"line":38,"column":19},"end":{"line":38,"column":null}},"13":{"start":{"line":39,"column":6},"end":{"line":39,"column":null}},"14":{"start":{"line":39,"column":33},"end":{"line":39,"column":null}},"15":{"start":{"line":40,"column":6},"end":{"line":40,"column":null}},"16":{"start":{"line":41,"column":6},"end":{"line":41,"column":null}},"17":{"start":{"line":43,"column":6},"end":{"line":43,"column":null}},"18":{"start":{"line":45,"column":6},"end":{"line":45,"column":null}},"19":{"start":{"line":49,"column":2},"end":{"line":121,"column":null}},"20":{"start":{"line":123,"column":1},"end":{"line":20,"column":31}},"21":{"start":{"line":13,"column":14},"end":{"line":20,"column":31}},"22":{"start":{"line":20,"column":30},"end":{"line":13,"column":14}},"23":{"start":{"line":125,"column":21},"end":{"line":125,"column":null}}},"fnMap":{"0":{"name":"Login","decl":{"start":{"line":13,"column":9},"end":{"line":13,"column":14}},"loc":{"start":{"line":13,"column":17},"end":{"line":123,"column":1}}},"1":{"name":"(anonymous_2)","decl":{"start":{"line":22,"column":22},"end":{"line":22,"column":34}},"loc":{"start":{"line":22,"column":34},"end":{"line":47,"column":null}}},"2":{"name":"(anonymous_3)","decl":{"start":{"line":13,"column":14},"end":{"line":13,"column":17}},"loc":{"start":{"line":13,"column":14},"end":{"line":20,"column":31}}}},"branchMap":{"0":{"loc":{"start":{"line":39,"column":6},"end":{"line":39,"column":null}},"type":"if","locations":[{"start":{"line":39,"column":6},"end":{"line":39,"column":null}}]},"1":{"loc":{"start":{"line":54,"column":7},"end":{"line":118,"column":null}},"type":"cond-expr","locations":[{"start":{"line":55,"column":8},"end":{"line":55,"column":null}},{"start":{"line":57,"column":8},"end":{"line":118,"column":null}}]},"2":{"loc":{"start":{"line":90,"column":24},"end":{"line":90,"column":null}},"type":"binary-expr","locations":[{"start":{"line":90,"column":24},"end":{"line":90,"column":45}},{"start":{"line":90,"column":45},"end":{"line":90,"column":58}},{"start":{"line":90,"column":58},"end":{"line":90,"column":null}}]}},"s":{"0":0,"1":0,"2":0,"3":0,"4":0,"5":0,"6":0,"7":0,"8":0,"9":0,"10":0,"11":0,"12":0,"13":0,"14":0,"15":0,"16":0,"17":0,"18":0,"19":0,"20":18,"21":0,"22":18,"23":18},"f":{"0":0,"1":0,"2":0},"b":{"0":[0],"1":[0,0],"2":[0,0,0]}}
,"F:/LockD/CMP2025/Third_Year/First_Term/CMP3030_Software_Engineering/Code_Coverage/Front-End/src/components/login-page/NewPassword.jsx": {"path":"F:/LockD/CMP2025/Third_Year/First_Term/CMP3030_Software_Engineering/Code_Coverage/Front-End/src/components/login-page/NewPassword.jsx","statementMap":{"0":{"start":{"line":12,"column":32},"end":{"line":12,"column":null}},"1":{"start":{"line":13,"column":34},"end":{"line":13,"column":null}},"2":{"start":{"line":14,"column":48},"end":{"line":14,"column":null}},"3":{"start":{"line":15,"column":28},"end":{"line":15,"column":null}},"4":{"start":{"line":16,"column":42},"end":{"line":16,"column":null}},"5":{"start":{"line":17,"column":36},"end":{"line":17,"column":null}},"6":{"start":{"line":18,"column":23},"end":{"line":18,"column":null}},"7":{"start":{"line":19,"column":19},"end":{"line":19,"column":null}},"8":{"start":{"line":21,"column":30},"end":{"line":32,"column":null}},"9":{"start":{"line":22,"column":4},"end":{"line":26,"column":null}},"10":{"start":{"line":23,"column":6},"end":{"line":25,"column":null}},"11":{"start":{"line":27,"column":4},"end":{"line":31,"column":null}},"12":{"start":{"line":28,"column":6},"end":{"line":30,"column":null}},"13":{"start":{"line":33,"column":24},"end":{"line":41,"column":null}},"14":{"start":{"line":34,"column":4},"end":{"line":40,"column":null}},"15":{"start":{"line":39,"column":6},"end":{"line":39,"column":null}},"16":{"start":{"line":40,"column":11},"end":{"line":40,"column":null}},"17":{"start":{"line":43,"column":30},"end":{"line":72,"column":null}},"18":{"start":{"line":44,"column":4},"end":{"line":71,"column":null}},"19":{"start":{"line":45,"column":6},"end":{"line":45,"column":null}},"20":{"start":{"line":46,"column":18},"end":{"line":62,"column":null}},"21":{"start":{"line":63,"column":19},"end":{"line":63,"column":null}},"22":{"start":{"line":64,"column":6},"end":{"line":64,"column":null}},"23":{"start":{"line":64,"column":33},"end":{"line":64,"column":null}},"24":{"start":{"line":65,"column":6},"end":{"line":65,"column":null}},"25":{"start":{"line":66,"column":6},"end":{"line":66,"column":null}},"26":{"start":{"line":68,"column":6},"end":{"line":68,"column":null}},"27":{"start":{"line":70,"column":6},"end":{"line":70,"column":null}},"28":{"start":{"line":74,"column":2},"end":{"line":77,"column":null}},"29":{"start":{"line":75,"column":4},"end":{"line":75,"column":null}},"30":{"start":{"line":76,"column":4},"end":{"line":76,"column":null}},"31":{"start":{"line":79,"column":2},"end":{"line":152,"column":null}},"32":{"start":{"line":154,"column":1},"end":{"line":19,"column":31}},"33":{"start":{"line":12,"column":20},"end":{"line":19,"column":31}},"34":{"start":{"line":19,"column":30},"end":{"line":12,"column":20}},"35":{"start":{"line":155,"column":0},"end":{"line":157,"column":null}},"36":{"start":{"line":158,"column":27},"end":{"line":158,"column":null}}},"fnMap":{"0":{"name":"NewPassword","decl":{"start":{"line":12,"column":9},"end":{"line":12,"column":20}},"loc":{"start":{"line":12,"column":32},"end":{"line":154,"column":1}}},"1":{"name":"(anonymous_2)","decl":{"start":{"line":21,"column":30},"end":{"line":21,"column":36}},"loc":{"start":{"line":21,"column":36},"end":{"line":32,"column":null}}},"2":{"name":"(anonymous_3)","decl":{"start":{"line":33,"column":24},"end":{"line":33,"column":30}},"loc":{"start":{"line":33,"column":30},"end":{"line":41,"column":null}}},"3":{"name":"(anonymous_4)","decl":{"start":{"line":43,"column":30},"end":{"line":43,"column":42}},"loc":{"start":{"line":43,"column":42},"end":{"line":72,"column":null}}},"4":{"name":"(anonymous_5)","decl":{"start":{"line":74,"column":12},"end":{"line":74,"column":18}},"loc":{"start":{"line":74,"column":18},"end":{"line":77,"column":3}}},"5":{"name":"(anonymous_6)","decl":{"start":{"line":12,"column":20},"end":{"line":12,"column":21}},"loc":{"start":{"line":12,"column":20},"end":{"line":19,"column":31}}}},"branchMap":{"0":{"loc":{"start":{"line":22,"column":4},"end":{"line":26,"column":null}},"type":"if","locations":[{"start":{"line":22,"column":4},"end":{"line":26,"column":null}}]},"1":{"loc":{"start":{"line":22,"column":8},"end":{"line":22,"column":62}},"type":"binary-expr","locations":[{"start":{"line":22,"column":8},"end":{"line":22,"column":38}},{"start":{"line":22,"column":38},"end":{"line":22,"column":62}}]},"2":{"loc":{"start":{"line":27,"column":4},"end":{"line":31,"column":null}},"type":"if","locations":[{"start":{"line":27,"column":4},"end":{"line":31,"column":null}}]},"3":{"loc":{"start":{"line":27,"column":8},"end":{"line":27,"column":48}},"type":"binary-expr","locations":[{"start":{"line":27,"column":8},"end":{"line":27,"column":31}},{"start":{"line":27,"column":31},"end":{"line":27,"column":48}}]},"4":{"loc":{"start":{"line":34,"column":4},"end":{"line":40,"column":null}},"type":"if","locations":[{"start":{"line":34,"column":4},"end":{"line":40,"column":null}},{"start":{"line":40,"column":11},"end":{"line":40,"column":null}}]},"5":{"loc":{"start":{"line":35,"column":6},"end":{"line":37,"column":null}},"type":"binary-expr","locations":[{"start":{"line":35,"column":6},"end":{"line":35,"column":null}},{"start":{"line":36,"column":6},"end":{"line":36,"column":null}},{"start":{"line":37,"column":6},"end":{"line":37,"column":null}}]},"6":{"loc":{"start":{"line":64,"column":6},"end":{"line":64,"column":null}},"type":"if","locations":[{"start":{"line":64,"column":6},"end":{"line":64,"column":null}}]},"7":{"loc":{"start":{"line":84,"column":7},"end":{"line":149,"column":null}},"type":"cond-expr","locations":[{"start":{"line":85,"column":8},"end":{"line":85,"column":null}},{"start":{"line":87,"column":8},"end":{"line":149,"column":null}}]},"8":{"loc":{"start":{"line":138,"column":20},"end":{"line":141,"column":null}},"type":"binary-expr","locations":[{"start":{"line":138,"column":20},"end":{"line":138,"column":null}},{"start":{"line":139,"column":20},"end":{"line":139,"column":null}},{"start":{"line":140,"column":20},"end":{"line":140,"column":null}},{"start":{"line":141,"column":20},"end":{"line":141,"column":null}}]}},"s":{"0":0,"1":0,"2":0,"3":0,"4":0,"5":0,"6":0,"7":0,"8":0,"9":0,"10":0,"11":0,"12":0,"13":0,"14":0,"15":0,"16":0,"17":0,"18":0,"19":0,"20":0,"21":0,"22":0,"23":0,"24":0,"25":0,"26":0,"27":0,"28":0,"29":0,"30":0,"31":0,"32":18,"33":0,"34":18,"35":18,"36":18},"f":{"0":0,"1":0,"2":0,"3":0,"4":0,"5":0},"b":{"0":[0],"1":[0,0],"2":[0],"3":[0,0],"4":[0,0],"5":[0,0,0],"6":[0],"7":[0,0],"8":[0,0,0,0]}}
,"F:/LockD/CMP2025/Third_Year/First_Term/CMP3030_Software_Engineering/Code_Coverage/Front-End/src/components/navigation-bars/ListNav.jsx": {"path":"F:/LockD/CMP2025/Third_Year/First_Term/CMP3030_Software_Engineering/Code_Coverage/Front-End/src/components/navigation-bars/ListNav.jsx","statementMap":{"0":{"start":{"line":1,"column":25},"end":{"line":1,"column":null}},"1":{"start":{"line":7,"column":2},"end":{"line":26,"column":null}},"2":{"start":{"line":11,"column":10},"end":{"line":23,"column":null}},"3":{"start":{"line":15,"column":14},"end":{"line":17,"column":null}},"4":{"start":{"line":28,"column":1},"end":{"line":6,"column":17}},"5":{"start":{"line":29,"column":0},"end":{"line":36,"column":null}},"6":{"start":{"line":37,"column":23},"end":{"line":37,"column":null}}},"fnMap":{"0":{"name":"(anonymous_0)","decl":{"start":{"line":1,"column":25},"end":{"line":1,"column":null}},"loc":{"start":{"line":1,"column":25},"end":{"line":1,"column":null}}},"1":{"name":"ListNav","decl":{"start":{"line":6,"column":9},"end":{"line":6,"column":17}},"loc":{"start":{"line":6,"column":28},"end":{"line":28,"column":1}}},"2":{"name":"(anonymous_2)","decl":{"start":{"line":10,"column":20},"end":{"line":10,"column":null}},"loc":{"start":{"line":11,"column":10},"end":{"line":23,"column":null}}},"3":{"name":"(anonymous_3)","decl":{"start":{"line":14,"column":23},"end":{"line":14,"column":24}},"loc":{"start":{"line":15,"column":14},"end":{"line":17,"column":null}}}},"branchMap":{"0":{"loc":{"start":{"line":1,"column":25},"end":{"line":1,"column":null}},"type":"binary-expr","locations":[{"start":{"line":1,"column":25},"end":{"line":1,"column":null}},{"start":{"line":1,"column":25},"end":{"line":1,"column":null}}]},"1":{"loc":{"start":{"line":1,"column":25},"end":{"line":1,"column":null}},"type":"if","locations":[{"start":{"line":1,"column":25},"end":{"line":1,"column":null}}]},"2":{"loc":{"start":{"line":15,"column":14},"end":{"line":17,"column":null}},"type":"cond-expr","locations":[{"start":{"line":16,"column":18},"end":{"line":16,"column":null}},{"start":{"line":17,"column":18},"end":{"line":17,"column":null}}]}},"s":{"0":144,"1":0,"2":0,"3":0,"4":18,"5":18,"6":18},"f":{"0":18,"1":0,"2":0,"3":0},"b":{"0":[36,18],"1":[18],"2":[0,0]}}
,"F:/LockD/CMP2025/Third_Year/First_Term/CMP3030_Software_Engineering/Code_Coverage/Front-End/src/components/navigation-bars/NavBar.jsx": {"path":"F:/LockD/CMP2025/Third_Year/First_Term/CMP3030_Software_Engineering/Code_Coverage/Front-End/src/components/navigation-bars/NavBar.jsx","statementMap":{"0":{"start":{"line":9,"column":27},"end":{"line":9,"column":null}},"1":{"start":{"line":10,"column":23},"end":{"line":10,"column":null}},"2":{"start":{"line":11,"column":23},"end":{"line":13,"column":null}},"3":{"start":{"line":12,"column":4},"end":{"line":12,"column":null}},"4":{"start":{"line":14,"column":2},"end":{"line":128,"column":null}},"5":{"start":{"line":37,"column":10},"end":{"line":42,"column":null}},"6":{"start":{"line":130,"column":1},"end":{"line":10,"column":31}},"7":{"start":{"line":9,"column":15},"end":{"line":10,"column":31}},"8":{"start":{"line":10,"column":30},"end":{"line":9,"column":15}},"9":{"start":{"line":131,"column":0},"end":{"line":140,"column":null}},"10":{"start":{"line":141,"column":22},"end":{"line":141,"column":null}}},"fnMap":{"0":{"name":"NavBar","decl":{"start":{"line":9,"column":9},"end":{"line":9,"column":15}},"loc":{"start":{"line":9,"column":27},"end":{"line":130,"column":1}}},"1":{"name":"(anonymous_2)","decl":{"start":{"line":11,"column":23},"end":{"line":11,"column":29}},"loc":{"start":{"line":11,"column":29},"end":{"line":13,"column":null}}},"2":{"name":"(anonymous_3)","decl":{"start":{"line":36,"column":20},"end":{"line":36,"column":null}},"loc":{"start":{"line":37,"column":10},"end":{"line":42,"column":null}}},"3":{"name":"(anonymous_4)","decl":{"start":{"line":9,"column":15},"end":{"line":9,"column":16}},"loc":{"start":{"line":9,"column":15},"end":{"line":10,"column":31}}}},"branchMap":{},"s":{"0":0,"1":0,"2":0,"3":0,"4":0,"5":0,"6":18,"7":0,"8":18,"9":18,"10":18},"f":{"0":0,"1":0,"2":0,"3":0},"b":{}}
,"F:/LockD/CMP2025/Third_Year/First_Term/CMP3030_Software_Engineering/Code_Coverage/Front-End/src/components/navigation-bars/NavItem.jsx": {"path":"F:/LockD/CMP2025/Third_Year/First_Term/CMP3030_Software_Engineering/Code_Coverage/Front-End/src/components/navigation-bars/NavItem.jsx","statementMap":{"0":{"start":{"line":5,"column":60},"end":{"line":5,"column":null}},"1":{"start":{"line":7,"column":28},"end":{"line":7,"column":null}},"2":{"start":{"line":8,"column":2},"end":{"line":55,"column":null}},"3":{"start":{"line":11,"column":23},"end":{"line":11,"column":null}},"4":{"start":{"line":14,"column":10},"end":{"line":16,"column":null}},"5":{"start":{"line":57,"column":1},"end":{"line":5,"column":17}},"6":{"start":{"line":5,"column":16},"end":{"line":null,"column":-1}},"7":{"start":{"line":59,"column":0},"end":{"line":64,"column":null}},"8":{"start":{"line":66,"column":23},"end":{"line":66,"column":null}}},"fnMap":{"0":{"name":"NavItem","decl":{"start":{"line":5,"column":9},"end":{"line":5,"column":16}},"loc":{"start":{"line":5,"column":60},"end":{"line":57,"column":1}}},"1":{"name":"(anonymous_2)","decl":{"start":{"line":11,"column":17},"end":{"line":11,"column":23}},"loc":{"start":{"line":11,"column":23},"end":{"line":11,"column":null}}},"2":{"name":"(anonymous_3)","decl":{"start":{"line":13,"column":19},"end":{"line":13,"column":20}},"loc":{"start":{"line":14,"column":10},"end":{"line":16,"column":null}}}},"branchMap":{"0":{"loc":{"start":{"line":14,"column":10},"end":{"line":16,"column":null}},"type":"cond-expr","locations":[{"start":{"line":15,"column":14},"end":{"line":15,"column":null}},{"start":{"line":16,"column":14},"end":{"line":16,"column":null}}]},"1":{"loc":{"start":{"line":38,"column":10},"end":{"line":43,"column":null}},"type":"binary-expr","locations":[{"start":{"line":39,"column":12},"end":{"line":39,"column":41}},{"start":{"line":39,"column":41},"end":{"line":39,"column":null}},{"start":{"line":40,"column":12},"end":{"line":40,"column":null}},{"start":{"line":41,"column":14},"end":{"line":43,"column":null}}]},"2":{"loc":{"start":{"line":48,"column":12},"end":{"line":48,"column":null}},"type":"cond-expr","locations":[{"start":{"line":48,"column":20},"end":{"line":48,"column":29}},{"start":{"line":48,"column":29},"end":{"line":48,"column":null}}]}},"s":{"0":0,"1":0,"2":0,"3":0,"4":0,"5":18,"6":18,"7":18,"8":18},"f":{"0":0,"1":0,"2":0},"b":{"0":[0,0],"1":[0,0,0,0],"2":[0,0]}}
,"F:/LockD/CMP2025/Third_Year/First_Term/CMP3030_Software_Engineering/Code_Coverage/Front-End/src/components/sign-up/EmailConfirm.jsx": {"path":"F:/LockD/CMP2025/Third_Year/First_Term/CMP3030_Software_Engineering/Code_Coverage/Front-End/src/components/sign-up/EmailConfirm.jsx","statementMap":{"0":{"start":{"line":12,"column":62},"end":{"line":12,"column":null}},"1":{"start":{"line":13,"column":26},"end":{"line":13,"column":null}},"2":{"start":{"line":14,"column":26},"end":{"line":14,"column":null}},"3":{"start":{"line":15,"column":36},"end":{"line":15,"column":null}},"4":{"start":{"line":16,"column":52},"end":{"line":16,"column":null}},"5":{"start":{"line":17,"column":23},"end":{"line":17,"column":null}},"6":{"start":{"line":18,"column":27},"end":{"line":39,"column":null}},"7":{"start":{"line":19,"column":4},"end":{"line":38,"column":null}},"8":{"start":{"line":20,"column":6},"end":{"line":20,"column":null}},"9":{"start":{"line":21,"column":18},"end":{"line":30,"column":null}},"10":{"start":{"line":31,"column":19},"end":{"line":31,"column":null}},"11":{"start":{"line":32,"column":6},"end":{"line":32,"column":null}},"12":{"start":{"line":32,"column":33},"end":{"line":32,"column":null}},"13":{"start":{"line":33,"column":6},"end":{"line":33,"column":null}},"14":{"start":{"line":35,"column":6},"end":{"line":35,"column":null}},"15":{"start":{"line":37,"column":6},"end":{"line":37,"column":null}},"16":{"start":{"line":41,"column":25},"end":{"line":68,"column":null}},"17":{"start":{"line":42,"column":4},"end":{"line":67,"column":null}},"18":{"start":{"line":43,"column":6},"end":{"line":43,"column":null}},"19":{"start":{"line":44,"column":18},"end":{"line":56,"column":null}},"20":{"start":{"line":58,"column":19},"end":{"line":58,"column":null}},"21":{"start":{"line":59,"column":6},"end":{"line":59,"column":null}},"22":{"start":{"line":59,"column":33},"end":{"line":59,"column":null}},"23":{"start":{"line":61,"column":6},"end":{"line":62,"column":null}},"24":{"start":{"line":61,"column":28},"end":{"line":61,"column":null}},"25":{"start":{"line":62,"column":11},"end":{"line":62,"column":null}},"26":{"start":{"line":64,"column":6},"end":{"line":64,"column":null}},"27":{"start":{"line":66,"column":6},"end":{"line":66,"column":null}},"28":{"start":{"line":70,"column":2},"end":{"line":70,"column":null}},"29":{"start":{"line":70,"column":25},"end":{"line":70,"column":null}},"30":{"start":{"line":72,"column":2},"end":{"line":119,"column":null}},"31":{"start":{"line":121,"column":1},"end":{"line":17,"column":31}},"32":{"start":{"line":12,"column":21},"end":{"line":17,"column":31}},"33":{"start":{"line":17,"column":30},"end":{"line":12,"column":21}},"34":{"start":{"line":123,"column":0},"end":{"line":126,"column":null}},"35":{"start":{"line":128,"column":0},"end":{"line":132,"column":null}},"36":{"start":{"line":133,"column":28},"end":{"line":133,"column":null}}},"fnMap":{"0":{"name":"EmailConfirm","decl":{"start":{"line":12,"column":9},"end":{"line":12,"column":21}},"loc":{"start":{"line":12,"column":62},"end":{"line":121,"column":1}}},"1":{"name":"(anonymous_2)","decl":{"start":{"line":18,"column":27},"end":{"line":18,"column":39}},"loc":{"start":{"line":18,"column":39},"end":{"line":39,"column":null}}},"2":{"name":"(anonymous_3)","decl":{"start":{"line":41,"column":25},"end":{"line":41,"column":37}},"loc":{"start":{"line":41,"column":37},"end":{"line":68,"column":null}}},"3":{"name":"(anonymous_4)","decl":{"start":{"line":12,"column":21},"end":{"line":12,"column":22}},"loc":{"start":{"line":12,"column":21},"end":{"line":17,"column":31}}}},"branchMap":{"0":{"loc":{"start":{"line":12,"column":31},"end":{"line":12,"column":47}},"type":"default-arg","locations":[{"start":{"line":12,"column":38},"end":{"line":12,"column":47}}]},"1":{"loc":{"start":{"line":12,"column":47},"end":{"line":12,"column":59}},"type":"default-arg","locations":[{"start":{"line":12,"column":54},"end":{"line":12,"column":59}}]},"2":{"loc":{"start":{"line":32,"column":6},"end":{"line":32,"column":null}},"type":"if","locations":[{"start":{"line":32,"column":6},"end":{"line":32,"column":null}}]},"3":{"loc":{"start":{"line":59,"column":6},"end":{"line":59,"column":null}},"type":"if","locations":[{"start":{"line":59,"column":6},"end":{"line":59,"column":null}}]},"4":{"loc":{"start":{"line":61,"column":6},"end":{"line":62,"column":null}},"type":"if","locations":[{"start":{"line":61,"column":6},"end":{"line":62,"column":null}},{"start":{"line":62,"column":11},"end":{"line":62,"column":null}}]},"5":{"loc":{"start":{"line":70,"column":2},"end":{"line":70,"column":null}},"type":"if","locations":[{"start":{"line":70,"column":2},"end":{"line":70,"column":null}}]},"6":{"loc":{"start":{"line":74,"column":7},"end":{"line":116,"column":null}},"type":"cond-expr","locations":[{"start":{"line":75,"column":8},"end":{"line":75,"column":null}},{"start":{"line":77,"column":8},"end":{"line":116,"column":null}}]},"7":{"loc":{"start":{"line":84,"column":45},"end":{"line":84,"column":59}},"type":"binary-expr","locations":[{"start":{"line":84,"column":45},"end":{"line":84,"column":54}},{"start":{"line":84,"column":54},"end":{"line":84,"column":59}}]},"8":{"loc":{"start":{"line":109,"column":26},"end":{"line":109,"column":null}},"type":"binary-expr","locations":[{"start":{"line":109,"column":26},"end":{"line":109,"column":40}},{"start":{"line":109,"column":40},"end":{"line":109,"column":null}}]}},"s":{"0":0,"1":0,"2":0,"3":0,"4":0,"5":0,"6":0,"7":0,"8":0,"9":0,"10":0,"11":0,"12":0,"13":0,"14":0,"15":0,"16":0,"17":0,"18":0,"19":0,"20":0,"21":0,"22":0,"23":0,"24":0,"25":0,"26":0,"27":0,"28":0,"29":0,"30":0,"31":18,"32":0,"33":18,"34":18,"35":18,"36":18},"f":{"0":0,"1":0,"2":0,"3":0},"b":{"0":[0],"1":[0],"2":[0],"3":[0],"4":[0,0],"5":[0],"6":[0,0],"7":[0,0],"8":[0,0]}}
,"F:/LockD/CMP2025/Third_Year/First_Term/CMP3030_Software_Engineering/Code_Coverage/Front-End/src/components/sign-up/SignUpForm.jsx": {"path":"F:/LockD/CMP2025/Third_Year/First_Term/CMP3030_Software_Engineering/Code_Coverage/Front-End/src/components/sign-up/SignUpForm.jsx","statementMap":{"0":{"start":{"line":16,"column":12},"end":{"line":16,"column":null}},"1":{"start":{"line":17,"column":2},"end":{"line":19,"column":null}},"2":{"start":{"line":18,"column":4},"end":{"line":18,"column":null}},"3":{"start":{"line":22,"column":30},"end":{"line":22,"column":null}},"4":{"start":{"line":23,"column":22},"end":{"line":37,"column":null}},"5":{"start":{"line":38,"column":30},"end":{"line":38,"column":null}},"6":{"start":{"line":39,"column":36},"end":{"line":39,"column":null}},"7":{"start":{"line":40,"column":26},"end":{"line":40,"column":null}},"8":{"start":{"line":41,"column":36},"end":{"line":41,"column":null}},"9":{"start":{"line":42,"column":44},"end":{"line":42,"column":null}},"10":{"start":{"line":43,"column":38},"end":{"line":43,"column":null}},"11":{"start":{"line":44,"column":58},"end":{"line":44,"column":null}},"12":{"start":{"line":45,"column":44},"end":{"line":45,"column":null}},"13":{"start":{"line":46,"column":34},"end":{"line":46,"column":null}},"14":{"start":{"line":47,"column":34},"end":{"line":47,"column":null}},"15":{"start":{"line":48,"column":48},"end":{"line":48,"column":null}},"16":{"start":{"line":49,"column":28},"end":{"line":49,"column":null}},"17":{"start":{"line":50,"column":38},"end":{"line":50,"column":null}},"18":{"start":{"line":51,"column":34},"end":{"line":51,"column":null}},"19":{"start":{"line":52,"column":36},"end":{"line":52,"column":null}},"20":{"start":{"line":53,"column":32},"end":{"line":53,"column":null}},"21":{"start":{"line":54,"column":34},"end":{"line":54,"column":null}},"22":{"start":{"line":55,"column":34},"end":{"line":55,"column":null}},"23":{"start":{"line":56,"column":26},"end":{"line":56,"column":null}},"24":{"start":{"line":57,"column":26},"end":{"line":57,"column":null}},"25":{"start":{"line":58,"column":42},"end":{"line":58,"column":null}},"26":{"start":{"line":59,"column":48},"end":{"line":59,"column":null}},"27":{"start":{"line":62,"column":4},"end":{"line":77,"column":null}},"28":{"start":{"line":79,"column":30},"end":{"line":88,"column":null}},"29":{"start":{"line":80,"column":4},"end":{"line":84,"column":null}},"30":{"start":{"line":81,"column":6},"end":{"line":83,"column":null}},"31":{"start":{"line":85,"column":4},"end":{"line":87,"column":null}},"32":{"start":{"line":86,"column":6},"end":{"line":86,"column":null}},"33":{"start":{"line":89,"column":24},"end":{"line":97,"column":null}},"34":{"start":{"line":90,"column":4},"end":{"line":96,"column":null}},"35":{"start":{"line":95,"column":6},"end":{"line":95,"column":null}},"36":{"start":{"line":96,"column":11},"end":{"line":96,"column":null}},"37":{"start":{"line":99,"column":32},"end":{"line":114,"column":null}},"38":{"start":{"line":101,"column":15},"end":{"line":101,"column":null}},"39":{"start":{"line":102,"column":4},"end":{"line":108,"column":null}},"40":{"start":{"line":103,"column":6},"end":{"line":103,"column":null}},"41":{"start":{"line":104,"column":4},"end":{"line":108,"column":null}},"42":{"start":{"line":105,"column":6},"end":{"line":105,"column":null}},"43":{"start":{"line":107,"column":6},"end":{"line":107,"column":null}},"44":{"start":{"line":109,"column":4},"end":{"line":112,"column":null}},"45":{"start":{"line":109,"column":21},"end":{"line":109,"column":24}},"46":{"start":{"line":111,"column":6},"end":{"line":111,"column":null}},"47":{"start":{"line":113,"column":4},"end":{"line":113,"column":null}},"48":{"start":{"line":116,"column":2},"end":{"line":116,"column":null}},"49":{"start":{"line":118,"column":2},"end":{"line":155,"column":null}},"50":{"start":{"line":119,"column":4},"end":{"line":119,"column":null}},"51":{"start":{"line":119,"column":36},"end":{"line":119,"column":null}},"52":{"start":{"line":120,"column":4},"end":{"line":120,"column":null}},"53":{"start":{"line":121,"column":23},"end":{"line":121,"column":null}},"54":{"start":{"line":123,"column":19},"end":{"line":150,"column":null}},"55":{"start":{"line":124,"column":28},"end":{"line":148,"column":null}},"56":{"start":{"line":125,"column":8},"end":{"line":147,"column":null}},"57":{"start":{"line":126,"column":22},"end":{"line":133,"column":null}},"58":{"start":{"line":134,"column":23},"end":{"line":134,"column":null}},"59":{"start":{"line":135,"column":10},"end":{"line":135,"column":null}},"60":{"start":{"line":136,"column":10},"end":{"line":136,"column":null}},"61":{"start":{"line":136,"column":37},"end":{"line":136,"column":null}},"62":{"start":{"line":137,"column":10},"end":{"line":142,"column":null}},"63":{"start":{"line":137,"column":33},"end":{"line":137,"column":null}},"64":{"start":{"line":139,"column":12},"end":{"line":142,"column":null}},"65":{"start":{"line":140,"column":14},"end":{"line":140,"column":null}},"66":{"start":{"line":140,"column":53},"end":{"line":140,"column":null}},"67":{"start":{"line":141,"column":14},"end":{"line":141,"column":null}},"68":{"start":{"line":144,"column":10},"end":{"line":144,"column":null}},"69":{"start":{"line":144,"column":41},"end":{"line":144,"column":null}},"70":{"start":{"line":146,"column":10},"end":{"line":146,"column":null}},"71":{"start":{"line":149,"column":6},"end":{"line":149,"column":null}},"72":{"start":{"line":151,"column":4},"end":{"line":154,"column":null}},"73":{"start":{"line":152,"column":6},"end":{"line":152,"column":null}},"74":{"start":{"line":153,"column":6},"end":{"line":153,"column":null}},"75":{"start":{"line":157,"column":2},"end":{"line":194,"column":null}},"76":{"start":{"line":158,"column":4},"end":{"line":158,"column":null}},"77":{"start":{"line":158,"column":30},"end":{"line":158,"column":null}},"78":{"start":{"line":159,"column":4},"end":{"line":159,"column":null}},"79":{"start":{"line":160,"column":23},"end":{"line":160,"column":null}},"80":{"start":{"line":162,"column":19},"end":{"line":189,"column":null}},"81":{"start":{"line":163,"column":25},"end":{"line":187,"column":null}},"82":{"start":{"line":164,"column":8},"end":{"line":186,"column":null}},"83":{"start":{"line":165,"column":22},"end":{"line":172,"column
[...]
"column":null}},"4":{"start":{"line":34,"column":12},"end":{"line":34,"column":null}},"5":{"start":{"line":37,"column":12},"end":{"line":37,"column":null}},"6":{"start":{"line":120,"column":25},"end":{"line":120,"column":null}},"7":{"start":{"line":129,"column":25},"end":{"line":129,"column":null}},"8":{"start":{"line":140,"column":1},"end":{"line":21,"column":31}},"9":{"start":{"line":10,"column":24},"end":{"line":21,"column":31}},"10":{"start":{"line":21,"column":30},"end":{"line":10,"column":24}},"11":{"start":{"line":142,"column":0},"end":{"line":151,"column":null}},"12":{"start":{"line":153,"column":31},"end":{"line":153,"column":null}}},"fnMap":{"0":{"name":"PopoverUserCard","decl":{"start":{"line":10,"column":9},"end":{"line":10,"column":24}},"loc":{"start":{"line":19,"column":3},"end":{"line":140,"column":1}}},"1":{"name":"(anonymous_2)","decl":{"start":{"line":33,"column":24},"end":{"line":33,"column":30}},"loc":{"start":{"line":33,"column":30},"end":{"line":35,"column":null}}},"2":{"name":"(anonymous_3)","decl":{"start":{"line":36,"column":24},"end":{"line":36,"column":30}},"loc":{"start":{"line":36,"column":30},"end":{"line":38,"column":null}}},"3":{"name":"(anonymous_4)","decl":{"start":{"line":120,"column":19},"end":{"line":120,"column":25}},"loc":{"start":{"line":120,"column":25},"end":{"line":120,"column":null}}},"4":{"name":"(anonymous_5)","decl":{"start":{"line":129,"column":19},"end":{"line":129,"column":25}},"loc":{"start":{"line":129,"column":25},"end":{"line":129,"column":null}}},"5":{"name":"(anonymous_6)","decl":{"start":{"line":10,"column":24},"end":{"line":10,"column":25}},"loc":{"start":{"line":10,"column":24},"end":{"line":21,"column":31}}}},"branchMap":{"0":{"loc":{"start":{"line":43,"column":14},"end":{"line":47,"column":null}},"type":"cond-expr","locations":[{"start":{"line":44,"column":18},"end":{"line":46,"column":null}},{"start":{"line":47,"column":18},"end":{"line":47,"column":null}}]},"1":{"loc":{"start":{"line":44,"column":18},"end":{"line":46,"column":null}},"type":"cond-expr","locations":[{"start":{"line":45,"column":20},"end":{"line":45,"column":null}},{"start":{"line":46,"column":20},"end":{"line":46,"column":null}}]},"2":{"loc":{"start":{"line":50,"column":14},"end":{"line":54,"column":null}},"type":"cond-expr","locations":[{"start":{"line":51,"column":18},"end":{"line":53,"column":null}},{"start":{"line":54,"column":18},"end":{"line":54,"column":null}}]},"3":{"loc":{"start":{"line":51,"column":18},"end":{"line":53,"column":null}},"type":"cond-expr","locations":[{"start":{"line":52,"column":20},"end":{"line":52,"column":null}},{"start":{"line":53,"column":20},"end":{"line":53,"column":null}}]},"4":{"loc":{"start":{"line":57,"column":14},"end":{"line":61,"column":null}},"type":"cond-expr","locations":[{"start":{"line":58,"column":18},"end":{"line":60,"column":null}},{"start":{"line":61,"column":18},"end":{"line":61,"column":null}}]},"5":{"loc":{"start":{"line":58,"column":18},"end":{"line":60,"column":null}},"type":"cond-expr","locations":[{"start":{"line":59,"column":20},"end":{"line":59,"column":null}},{"start":{"line":60,"column":20},"end":{"line":60,"column":null}}]},"6":{"loc":{"start":{"line":64,"column":14},"end":{"line":68,"column":null}},"type":"cond-expr","locations":[{"start":{"line":65,"column":18},"end":{"line":67,"column":null}},{"start":{"line":68,"column":18},"end":{"line":68,"column":null}}]},"7":{"loc":{"start":{"line":65,"column":18},"end":{"line":67,"column":null}},"type":"cond-expr","locations":[{"start":{"line":66,"column":20},"end":{"line":66,"column":null}},{"start":{"line":67,"column":20},"end":{"line":67,"column":null}}]},"8":{"loc":{"start":{"line":71,"column":14},"end":{"line":75,"column":null}},"type":"cond-expr","locations":[{"start":{"line":72,"column":18},"end":{"line":74,"column":null}},{"start":{"line":75,"column":18},"end":{"line":75,"column":null}}]},"9":{"loc":{"start":{"line":72,"column":18},"end":{"line":74,"column":null}},"type":"cond-expr","locations":[{"start":{"line":73,"column":20},"end":{"line":73,"column":null}},{"start":{"line":74,"column":20},"end":{"line":74,"column":null}}]},"10":{"loc":{"start":{"line":78,"column":14},"end":{"line":82,"column":null}},"type":"cond-expr","locations":[{"start":{"line":79,"column":18},"end":{"line":81,"column":null}},{"start":{"line":82,"column":18},"end":{"line":82,"column":null}}]},"11":{"loc":{"start":{"line":79,"column":18},"end":{"line":81,"column":null}},"type":"cond-expr","locations":[{"start":{"line":80,"column":20},"end":{"line":80,"column":null}},{"start":{"line":81,"column":20},"end":{"line":81,"column":null}}]},"12":{"loc":{"start":{"line":100,"column":13},"end":{"line":108,"column":null}},"type":"binary-expr","locations":[{"start":{"line":100,"column":13},"end":{"line":100,"column":null}},{"start":{"line":101,"column":14},"end":{"line":108,"column":null}}]}},"s":{"0":0,"1":0,"2":0,"3":0,"4":0,"5":0,"6":0,"7":0,"8":18,"9":0,"10":18,"11":18,"12":18},"f":{"0":0,"1":0,"2":0,"3":0,"4":0,"5":0},"b":{"0":[0,0],"1":[0,0],"2":[0,0],"3":[0,0],"4":[0,0],"5":[0,0],"6":[0,0],"7":[0,0],"8":[0,0],"9":[0,0],"10":[0,0],"11":[0,0],"12":[0,0]}}
,"F:/LockD/CMP2025/Third_Year/First_Term/CMP3030_Software_Engineering/Code_Coverage/Front-End/src/components/userComponents/UserItem.jsx": {"path":"F:/LockD/CMP2025/Third_Year/First_Term/CMP3030_Software_Engineering/Code_Coverage/Front-End/src/components/userComponents/UserItem.jsx","statementMap":{"0":{"start":{"line":20,"column":3},"end":{"line":20,"column":null}},"1":{"start":{"line":21,"column":46},"end":{"line":21,"column":null}},"2":{"start":{"line":22,"column":21},"end":{"line":22,"column":null}},"3":{"start":{"line":23,"column":2},"end":{"line":96,"column":null}},"4":{"start":{"line":26,"column":25},"end":{"line":26,"column":null}},"5":{"start":{"line":28,"column":21},"end":{"line":30,"column":null}},"6":{"start":{"line":31,"column":20},"end":{"line":31,"column":null}},"7":{"start":{"line":33,"column":4},"end":{"line":73,"column":null}},"8":{"start":{"line":34,"column":6},"end":{"line":59,"column":null}},"9":{"start":{"line":35,"column":8},"end":{"line":58,"column":null}},"10":{"start":{"line":36,"column":10},"end":{"line":36,"column":null}},"11":{"start":{"line":37,"column":10},"end":{"line":57,"column":null}},"12":{"start":{"line":38,"column":12},"end":{"line":41,"column":null}},"13":{"start":{"line":43,"column":32},"end":{"line":43,"column":null}},"14":{"start":{"line":45,"column":14},"end":{"line":45,"column":null}},"15":{"start":{"line":46,"column":34},"end":{"line":46,"column":null}},"16":{"start":{"line":47,"column":35},"end":{"line":47,"column":null}},"17":{"start":{"line":48,"column":12},"end":{"line":52,"column":null}},"18":{"start":{"line":49,"column":14},"end":{"line":49,"column":null}},"19":{"start":{"line":51,"column":14},"end":{"line":51,"column":null}},"20":{"start":{"line":54,"column":12},"end":{"line":54,"column":null}},"21":{"start":{"line":55,"column":12},"end":{"line":55,"column":null}},"22":{"start":{"line":56,"column":12},"end":{"line":56,"column":null}},"23":{"start":{"line":61,"column":6},"end":{"line":72,"column":null}},"24":{"start":{"line":62,"column":8},"end":{"line":62,"column":null}},"25":{"start":{"line":63,"column":8},"end":{"line":71,"column":null}},"26":{"start":{"line":64,"column":10},"end":{"line":70,"column":null}},"27":{"start":{"line":65,"column":12},"end":{"line":65,"column":null}},"28":{"start":{"line":66,"column":12},"end":{"line":66,"column":null}},"29":{"start":{"line":67,"column":12},"end":{"line":69,"column":null}},"30":{"start":{"line":68,"column":14},"end":{"line":68,"column":null}},"31":{"start":{"line":75,"column":4},"end":{"line":78,"column":null}},"32":{"start":{"line":76,"column":6},"end":{"line":76,"column":null}},"33":{"start":{"line":77,"column":6},"end":{"line":77,"column":null}},"34":{"start":{"line":80,"column":4},"end":{"line":91,"column":null}},"35":{"start":{"line":81,"column":6},"end":{"line":81,"column":null}},"36":{"start":{"line":82,"column":6},"end":{"line":90,"column":null}},"37":{"start":{"line":83,"column":8},"end":{"line":89,"column":null}},"38":{"start":{"line":84,"column":10},"end":{"line":84,"column":null}},"39":{"start":{"line":85,"column":10},"end":{"line":85,"column":null}},"40":{"start":{"line":86,"column":10},"end":{"line":88,"column":null}},"41":{"start":{"line":87,"column":12},"end":{"line":87,"column":null}},"42":{"start":{"line":93,"column":4},"end":{"line":95,"column":null}},"43":{"start":{"line":94,"column":6},"end":{"line":94,"column":null}},"44":{"start":{"line":98,"column":2},"end":{"line":204,"column":null}},"45":{"start":{"line":143,"column":18},"end":{"line":143,"column":null}},"46":{"start":{"line":146,"column":18},"end":{"line":146,"column":null}},"47":{"start":{"line":206,"column":1},"end":{"line":10,"column":18}},"48":{"start":{"line":10,"column":17},"end":{"line":null,"column":-1}},"49":{"start":{"line":208,"column":0},"end":{"line":218,"column":null}},"50":{"start":{"line":220,"column":24},"end":{"line":220,"column":null}}},"fnMap":{"0":{"name":"UserItem","decl":{"start":{"line":10,"column":9},"end":{"line":10,"column":17}},"loc":{"start":{"line":20,"column":3},"end":{"line":206,"column":1}}},"1":{"name":"(anonymous_2)","decl":{"start":{"line":23,"column":12},"end":{"line":23,"column":18}},"loc":{"start":{"line":23,"column":18},"end":{"line":96,"column":3}}},"2":{"name":"(anonymous_3)","decl":{"start":{"line":33,"column":22},"end":{"line":33,"column":34}},"loc":{"start":{"line":33,"column":34},"end":{"line":73,"column":5}}},"3":{"name":"(anonymous_4)","decl":{"start":{"line":34,"column":44},"end":{"line":34,"column":50}},"loc":{"start":{"line":34,"column":50},"end":{"line":59,"column":7}}},"4":{"name":"(anonymous_5)","decl":{"start":{"line":35,"column":28},"end":{"line":35,"column":34}},"loc":{"start":{"line":35,"column":34},"end":{"line":58,"column":11}}},"5":{"name":"(anonymous_6)","decl":{"start":{"line":61,"column":43},"end":{"line":61,"column":49}},"loc":{"start":{"line":61,"column":49},"end":{"line":72,"column":7}}},"6":{"name":"(anonymous_7)","decl":{"start":{"line":63,"column":29},"end":{"line":63,"column":35}},"loc":{"start":{"line":63,"column":35},"end":{"line":71,"column":11}}},"7":{"name":"(anonymous_8)","decl":{"start":{"line":67,"column":23},"end":{"line":67,"column":29}},"loc":{"start":{"line":67,"column":29},"end":{"line":69,"column":15}}},"8":{"name":"(anonymous_9)","decl":{"start":{"line":75,"column":42},"end":{"line":75,"column":48}},"loc":{"start":{"line":75,"column":48},"end":{"line":78,"column":5}}},"9":{"name":"(anonymous_10)","decl":{"start":{"line":80,"column":41},"end":{"line":80,"column":47}},"loc":{"start":{"line":80,"column":47},"end":{"line":91,"column":5}}},"10":{"name":"(anonymous_11)","decl":{"start":{"line":82,"column":27},"end":{"line":82,"column":33}},"loc":{"start":{"line":82,"column":33},"end":{"line":90,"column":9}}},"11":{"name":"(anonymous_12)","decl":{"start":{"line":86,"column":21},"end":{"line":86,"column":27}},"loc":{"start":{"line":86,"column":27},"end":{"line":88,"column":13}}},"12":{"name":"(anonymous_13)","decl":{"start":{"line":93,"column":11},"end":{"line":93,"column":17}},"loc":{"start":{"line":93,"column":17},"end":{"line":95,"column":null}}},"13":{"name":"(anonymous_14)","decl":{"start":{"line":142,"column":30},"end":{"line":142,"column":36}},"loc":{"start":{"line":142,"column":36},"end":{"line":144,"column":null}}},"14":{"name":"(anonymous_15)","decl":{"start":{"line":145,"column":30},"end":{"line":145,"column":36}},"loc":{"start":{"line":145,"column":36},"end":{"line":147,"column":null}}}},"branchMap":{"0":{"loc":{"start":{"line":37,"column":10},"end":{"line":57,"column":null}},"type":"if","locations":[{"start":{"line":37,"column":10},"end":{"line":57,"column":null}}]},"1":{"loc":{"start":{"line":48,"column":12},"end":{"line":52,"column":null}},"type":"if","locations":[{"start":{"line":48,"column":12},"end":{"line":52,"column":null}},{"start":{"line":50,"column":19},"end":{"line":52,"column":null}}]},"2":{"loc":{"start":{"line":64,"column":10},"end":{"line":70,"column":null}},"type":"if","locations":[{"start":{"line":64,"column":10},"end":{"line":70,"column":null}}]},"3":{"loc":{"start":{"line":64,"column":14},"end":{"line":64,"column":42}},"type":"binary-expr","locations":[{"start":{"line":64,"column":14},"end":{"line":64,"column":25}},{"start":{"line":64,"column":25},"end":{"line":64,"column":42}}]},"4":{"loc":{"start":{"line":83,"column":8},"end":{"line":89,"column":null}},"type":"if","locations":[{"start":{"line":83,"column":8},"end":{"line":89,"column":null}}]},"5":{"loc":{"start":{"line":127,"column":17},"end":{"line":135,"column":null}},"type":"binary-expr","locations":[{"start":{"line":127,"column":17},"end":{"line":127,"column":null}},{"start":{"line":128,"column":18},"end":{"line":135,"column":null}}]},"6":{"loc":{"start":{"line":152,"column":20},"end":{"line":152,"column":null}},"type":"cond-expr","locations":[{"start":{"line":152,"column":34},"end":{"line":152,"column":71}},{"start":{"line":152,"column":71},"end":{"line":152,"column":null}}]},"7":{"loc":{"start":{"line":152,"column":34},"end":{"line":152,"column":71}},"type":"cond-expr","locations":[{"start":{"line":152,"column":52},"end":{"line":152,"column":60}},{"start":{"line":152,"column":60},"end":{"line":152,"column":71}}]},"8":{"loc":{"start":{"line":155,"column":20},"end":{"line":155,"column":null}},"type":"cond-expr","locations":[{"start":{"line":155,"column":34},"end":{"line":155,"column":71}},{"start":{"line":155,"column":71},"end":{"line":155,"column":null}}]},"9":{"loc":{"start":{"line":155,"column":34},"end":{"line":155,"column":71}},"type":"cond-expr","locations":[{"start":{"line":155,"column":52},"end":{"line":155,"column":60}},{"start":{"line":155,"column":60},"end":{"line":155,"column":71}}]},"10":{"loc":{"start":{"line":158,"column":20},"end":{"line":158,"column":null}},"type":"cond-expr","locations":[{"start":{"line":158,"column":34},"end":{"line":158,"column":70}},{"start":{"line":158,"column":70},"end":{"line":158,"column":null}}]},"11":{"loc":{"start":{"line":158,"column":34},"end":{"line":158,"column":70}},"type":"cond-expr","locations":[{"start":{"line":158,"column":52},"end":{"line":158,"column":60}},{"start":{"line":158,"column":60},"end":{"line":158,"column":70}}]},"12":{"loc":{"start":{"line":161,"column":20},"end":{"line":165,"column":null}},"type":"cond-expr","locations":[{"start":{"line":162,"column":24},"end":{"line":164,"column":null}},{"start":{"line":165,"column":24},"end":{"line":165,"column":null}}]},"13":{"loc":{"start":{"line":162,"column":24},"end":{"line":164,"column":null}},"type":"cond-expr","locations":[{"start":{"line":163,"column":26},"end":{"line":163,"column":null}},{"start":{"line":164,"column":26},"end":{"line":164,"column":null}}]},"14":{"loc":{"start":{"line":168,"column":20},"end":{"line":168,"column":null}},"type":"cond-expr","locations":[{"start":{"line":168,"column":34},"end":{"line":168,"column":71}},{"start":{"line":168,"column":71},"end":{"line":168,"column":null}}]},"15":{"loc":{"start":{"line":168,"column":34},"end":{"line":168,"column":71}},"type":"cond-expr","locations":[{"start":{"line":168,"column":52},"end":{"line":168,"column":60}},{"start":{"line":168,"column":60},"end":{"line":168,"column":71}}]},"16":{"loc":{"start":{"line":171,"column":20},"end":{"line":171,"column":null}},"type":"cond-expr","locations":[{"start":{"line":171,"column":34},"end":{"line":171,"column":71}},{"start":{"line":171,"column":71},"end":{"line":171,"column":null}}]},"17":{"loc":{"start":{"line":171,"column":34},"end":{"line":171,"column":71}},"type":"cond-expr","locations":[{"start":{"line":171,"column":52},"end":{"line":171,"column":60}},{"start":{"line":171,"column":60},"end":{"line":171,"column":71}}]}},"s":{"0":0,"1":0,"2":0,"3":0,"4":0,"5":0,"6":0,"7":0,"8":0,"9":0,"10":0,"11":0,"12":0,"13":0,"14":0,"15":0,"16":0,"17":0,"18":0,"19":0,"20":0,"21":0,"22":0,"23":0,"24":0,"25":0,"26":0,"27":0,"28":0,"29":0,"30":0,"31":0,"32":0,"33":0,"34":0,"35":0,"36":0,"37":0,"38":0,"39":0,"40":0,"41":0,"42":0,"43":0,"44":0,"45":0,"46":0,"47":18,"48":18,"49":18,"50":18},"f":{"0":0,"1":0,"2":0,"3":0,"4":0,"5":0,"6":0,"7":0,"8":0,"9":0,"10":0,"11":0,"12":0,"13":0,"14":0},"b":{"0":[0],"1":[0,0],"2":[0],"3":[0,0],"4":[0],"5":[0,0],"6":[0,0],"7":[0,0],"8":[0,0],"9":[0,0],"10":[0,0],"11":[0,0],"12":[0,0],"13":[0,0],"14":[0,0],"15":[0,0],"16":[0,0],"17":[0,0]}}
,"F:/LockD/CMP2025/Third_Year/First_Term/CMP3030_Software_Engineering/Code_Coverage/Front-End/src/contexts/Auth/AuthProvider.jsx": {"path":"F:/LockD/CMP2025/Third_Year/First_Term/CMP3030_Software_Engineering/Code_Coverage/Front-End/src/contexts/Auth/AuthProvider.jsx","statementMap":{"0":{"start":{"line":6,"column":21},"end":{"line":9,"column":null}},"1":{"start":{"line":11,"column":36},"end":{"line":11,"column":null}},"2":{"start":{"line":12,"column":48},"end":{"line":15,"column":null}},"3":{"start":{"line":16,"column":2},"end":{"line":24,"column":null}},"4":{"start":{"line":19,"column":15},"end":{"line":19,"column":null}},"5":{"start":{"line":26,"column":1},"end":{"line":11,"column":22}},"6":{"start":{"line":11,"column":21},"end":{"line":null,"column":-1}},"7":{"start":{"line":28,"column":0},"end":{"line":30,"column":null}},"8":{"start":{"line":31,"column":0},"end":{"line":33,"column":null}},"9":{"start":{"line":34,"column":28},"end":{"line":34,"column":null}}},"fnMap":{"0":{"name":"AuthProvider","decl":{"start":{"line":11,"column":9},"end":{"line":11,"column":21}},"loc":{"start":{"line":11,"column":36},"end":{"line":26,"column":1}}},"1":{"name":"(anonymous_2)","decl":{"start":{"line":19,"column":8},"end":{"line":19,"column":15}},"loc":{"start":{"line":19,"column":15},"end":{"line":19,"column":null}}}},"branchMap":{},"s":{"0":18,"1":96,"2":96,"3":96,"4":36,"5":18,"6":18,"7":18,"8":18,"9":18},"f":{"0":96,"1":36},"b":{}}
,"F:/LockD/CMP2025/Third_Year/First_Term/CMP3030_Software_Engineering/Code_Coverage/Front-End/src/contexts/Auth/reducer.js": {"path":"F:/LockD/CMP2025/Third_Year/First_Term/CMP3030_Software_Engineering/Code_Coverage/Front-End/src/contexts/Auth/reducer.js","statementMap":{"0":{"start":{"line":2,"column":2},"end":{"line":17,"column":3}},"1":{"start":{"line":4,"column":6},"end":{"line":8,"column":8}},"2":{"start":{"line":10,"column":6},"end":{"line":14,"column":8}},"3":{"start":{"line":16,"column":6},"end":{"line":16,"column":61}}},"fnMap":{"0":{"name":"reducer","decl":{"start":{"line":1,"column":24},"end":{"line":1,"column":31}},"loc":{"start":{"line":1,"column":47},"end":{"line":18,"column":1}}}},"branchMap":{"0":{"loc":{"start":{"line":2,"column":2},"end":{"line":17,"column":3}},"type":"switch","locations":[{"start":{"line":3,"column":4},"end":{"line":8,"column":8}},{"start":{"line":9,"column":4},"end":{"line":14,"column":8}},{"start":{"line":15,"column":4},"end":{"line":16,"column":61}}]}},"s":{"0":60,"1":0,"2":60,"3":0},"f":{"0":60},"b":{"0":[0,60,0]}}
,"F:/LockD/CMP2025/Third_Year/First_Term/CMP3030_Software_Engineering/Code_Coverage/Front-End/src/hooks/AuthContext.js": {"path":"F:/LockD/CMP2025/Third_Year/First_Term/CMP3030_Software_Engineering/Code_Coverage/Front-End/src/hooks/AuthContext.js","statementMap":{"0":{"start":{"line":3,"column":27},"end":{"line":3,"column":42}},"1":{"start":{"line":6,"column":18},"end":{"line":6,"column":41}},"2":{"start":{"line":7,"column":2},"end":{"line":9,"column":3}},"3":{"start":{"line":8,"column":4},"end":{"line":8,"column":66}},"4":{"start":{"line":10,"column":2},"end":{"line":10,"column":17}}},"fnMap":{"0":{"name":"useAuth","decl":{"start":{"line":5,"column":16},"end":{"line":5,"column":23}},"loc":{"start":{"line":5,"column":26},"end":{"line":11,"column":1}}}},"branchMap":{"0":{"loc":{"start":{"line":7,"column":2},"end":{"line":9,"column":3}},"type":"if","locations":[{"start":{"line":7,"column":2},"end":{"line":9,"column":3}}]}},"s":{"0":18,"1":142,"2":142,"3":0,"4":142},"f":{"0":142},"b":{"0":[0]}}
}
