TN:
SF:..\..\..\Code_Coverage\Front-End\src\App.jsx
FN:16,App
FN:19,(anonymous_2)
FN:20,(anonymous_3)
FN:16,(anonymous_4)
FNF:4
FNH:4
FNDA:80,App
FNDA:36,(anonymous_2)
FNDA:36,(anonymous_3)
FNDA:18,(anonymous_4)
DA:16,80
DA:17,80
DA:18,80
DA:19,80
DA:20,36
DA:21,36
DA:22,36
DA:23,36
DA:35,30
DA:36,30
DA:37,0
DA:39,30
DA:41,30
DA:44,36
DA:47,80
DA:161,18
DA:163,18
LF:17
LH:16
BRDA:36,0,0,30
BRDA:47,1,0,36
BRDA:47,1,1,44
BRF:3
BRH:3
end_of_record
TN:
SF:..\..\..\Code_Coverage\Front-End\src\main.jsx
FNF:0
FNH:0
DA:7,18
LF:1
LH:1
BRF:0
BRH:0
end_of_record
TN:
SF:..\..\..\Code_Coverage\Front-End\src\components\BoxCard.jsx
FN:5,BoxCard
FN:20,(anonymous_2)
FN:5,(anonymous_3)
FNF:3
FNH:3
FNDA:2734,BoxCard
FNDA:1,(anonymous_2)
FNDA:14,(anonymous_3)
DA:5,2734
DA:6,2734
DA:7,2734
DA:20,1
DA:53,18
DA:55,18
LF:6
LH:6
BRDA:20,0,0,2734
BRDA:20,0,1,2734
BRF:2
BRH:2
end_of_record
TN:
SF:..\..\..\Code_Coverage\Front-End\src\components\OwnToaster.jsx
FN:1,(anonymous_0)
FN:4,OwnToaster
FNF:2
FNH:2
FNDA:18,(anonymous_0)
FNDA:2734,OwnToaster
DA:1,144
DA:5,2734
DA:21,18
DA:23,18
LF:4
LH:4
BRDA:1,0,0,36
BRDA:1,0,1,18
BRDA:1,1,0,18
BRF:3
BRH:3
end_of_record
TN:
SF:..\..\..\Code_Coverage\Front-End\src\components\ProtectedRoute.jsx
FN:6,ProtectedRoute
FN:9,(anonymous_2)
FN:6,(anonymous_3)
FNF:3
FNH:0
FNDA:0,ProtectedRoute
FNDA:0,(anonymous_2)
FNDA:0,(anonymous_3)
DA:6,0
DA:7,0
DA:8,18
DA:9,0
DA:10,0
DA:11,0
DA:15,0
DA:16,18
DA:17,18
DA:20,18
LF:10
LH:4
BRDA:10,0,0,0
BRDA:15,1,0,0
BRDA:15,1,1,0
BRF:3
BRH:0
end_of_record
TN:
SF:..\..\..\Code_Coverage\Front-End\src\components\Spinner.jsx
FN:1,(anonymous_0)
FN:3,Spinner
FNF:2
FNH:2
FNDA:18,(anonymous_0)
FNDA:36,Spinner
DA:1,144
DA:4,36
DA:14,18
DA:16,18
LF:4
LH:4
BRDA:1,0,0,36
BRDA:1,0,1,18
BRDA:1,1,0,18
BRF:3
BRH:3
end_of_record
TN:
SF:..\..\..\Code_Coverage\Front-End\src\components\UnprotectedRoute.jsx
FN:6,UnprotectedRoute
FN:9,(anonymous_2)
FN:6,(anonymous_3)
FNF:3
FNH:3
FNDA:62,UnprotectedRoute
FNDA:46,(anonymous_2)
FNDA:15,(anonymous_3)
DA:6,62
DA:7,62
DA:8,62
DA:9,62
DA:10,46
DA:11,0
DA:15,62
DA:16,18
DA:17,18
DA:20,18
LF:10
LH:9
BRDA:10,0,0,0
BRDA:15,1,0,0
BRDA:15,1,1,62
BRF:3
BRH:1
end_of_record
TN:
SF:..\..\..\Code_Coverage\Front-End\src\components\app-layout\AppLayout.jsx
FN:1,(anonymous_0)
FN:5,AppLayout
FNF:2
FNH:1
FNDA:18,(anonymous_0)
FNDA:0,AppLayout
DA:1,144
DA:6,0
DA:57,18
DA:59,18
LF:4
LH:3
BRDA:1,0,0,36
BRDA:1,0,1,18
BRDA:1,1,0,18
BRF:3
BRH:3
end_of_record
TN:
SF:..\..\..\Code_Coverage\Front-End\src\components\form-controls\BasicInput.jsx
FN:1,(anonymous_0)
FN:4,BasicInput
FN:12,(anonymous_2)
FNF:3
FNH:1
FNDA:18,(anonymous_0)
FNDA:0,BasicInput
FNDA:0,(anonymous_2)
DA:1,144
DA:5,0
DA:13,0
DA:14,0
DA:47,18
DA:49,18
LF:6
LH:3
BRDA:1,0,0,36
BRDA:1,0,1,18
BRDA:1,1,0,18
BRDA:33,2,0,0
BRDA:33,2,1,0
BRDA:37,3,0,0
BRDA:37,3,1,0
BRF:7
BRH:3
end_of_record
TN:
SF:..\..\..\Code_Coverage\Front-End\src\components\form-controls\Button.jsx
FN:1,(anonymous_0)
FN:5,Button
FNF:2
FNH:2
FNDA:18,(anonymous_0)
FNDA:2830,Button
DA:1,144
DA:21,2830
DA:151,18
DA:153,18
LF:4
LH:4
BRDA:1,0,0,36
BRDA:1,0,1,18
BRDA:1,1,0,18
BRDA:22,2,0,2830
BRDA:22,2,1,2830
BRDA:22,3,0,2830
BRDA:22,3,1,2830
BRDA:23,4,0,64
BRDA:23,4,1,2766
BRDA:28,5,0,64
BRDA:28,5,1,64
BRDA:31,6,0,32
BRDA:31,6,1,32
BRDA:33,7,0,0
BRDA:33,7,1,64
BRDA:35,8,0,0
BRDA:35,8,1,64
BRDA:38,9,0,0
BRDA:38,9,1,64
BRDA:39,10,0,0
BRDA:39,10,1,64
BRDA:43,11,0,0
BRDA:43,11,1,64
BRDA:47,12,0,0
BRDA:47,12,1,64
BRDA:50,13,0,0
BRDA:50,13,1,64
BRDA:51,14,0,0
BRDA:51,14,1,64
BRDA:52,15,0,0
BRDA:52,15,1,64
BRDA:53,16,0,0
BRDA:53,16,1,64
BRDA:54,17,0,32
BRDA:54,17,1,32
BRDA:56,18,0,0
BRDA:56,18,1,64
BRDA:58,19,0,32
BRDA:58,19,1,32
BRDA:61,20,0,64
BRDA:61,20,1,0
BRDA:70,21,0,64
BRDA:70,21,1,64
BRDA:71,22,0,32
BRDA:71,22,1,32
BRDA:72,23,0,32
BRDA:72,23,1,32
BRDA:73,24,0,0
BRDA:73,24,1,64
BRDA:74,25,0,0
BRDA:74,25,1,64
BRDA:75,26,0,0
BRDA:75,26,1,64
BRDA:76,27,0,0
BRDA:76,27,1,64
BRDA:77,28,0,0
BRDA:77,28,1,64
BRDA:78,29,0,0
BRDA:78,29,1,64
BRDA:89,30,0,2766
BRDA:89,30,1,36
BRDA:91,31,0,2766
BRDA:91,31,1,0
BRDA:94,32,0,0
BRDA:94,32,1,2766
BRDA:96,33,0,2766
BRDA:96,33,1,0
BRDA:98,34,0,0
BRDA:98,34,1,2766
BRDA:101,35,0,0
BRDA:101,35,1,2766
BRDA:102,36,0,0
BRDA:102,36,1,2766
BRDA:106,37,0,0
BRDA:106,37,1,2766
BRDA:110,38,0,0
BRDA:110,38,1,2766
BRDA:113,39,0,0
BRDA:113,39,1,2766
BRDA:114,40,0,0
BRDA:114,40,1,2766
BRDA:115,41,0,0
BRDA:115,41,1,2766
BRDA:116,42,0,0
BRDA:116,42,1,2766
BRDA:117,43,0,2766
BRDA:117,43,1,0
BRDA:119,44,0,0
BRDA:119,44,1,2766
BRDA:121,45,0,0
BRDA:121,45,1,2766
BRDA:124,46,0,2766
BRDA:124,46,1,32
BRDA:133,47,0,2766
BRDA:133,47,1,2766
BRDA:134,48,0,0
BRDA:134,48,1,2766
BRDA:135,49,0,0
BRDA:135,49,1,2766
BRDA:136,50,0,2766
BRDA:136,50,1,0
BRDA:137,51,0,0
BRDA:137,51,1,2766
BRDA:138,52,0,0
BRDA:138,52,1,2766
BRDA:139,53,0,0
BRDA:139,53,1,2766
BRDA:140,54,0,0
BRDA:140,54,1,2766
BRDA:141,55,0,0
BRDA:141,55,1,2766
BRF:111
BRH:70
end_of_record
TN:
SF:..\..\..\Code_Coverage\Front-End\src\components\form-controls\DorpDownMenu.jsx
FN:1,(anonymous_0)
FN:7,DorpDownMenu
FN:8,(anonymous_2)
FN:21,(anonymous_3)
FNF:4
FNH:4
FNDA:18,(anonymous_0)
FNDA:8202,DorpDownMenu
FNDA:34,(anonymous_2)
FNDA:455374,(anonymous_3)
DA:1,144
DA:8,8202
DA:9,34
DA:11,8202
DA:22,455374
DA:44,18
DA:46,18
LF:7
LH:7
BRDA:1,0,0,36
BRDA:1,0,1,18
BRDA:1,1,0,18
BRF:3
BRH:3
end_of_record
TN:
SF:..\..\..\Code_Coverage\Front-End\src\components\form-controls\GoogleSignIn.jsx
FN:1,(anonymous_0)
FN:6,GoogleSignInBtn
FN:7,(anonymous_2)
FNF:3
FNH:2
FNDA:18,(anonymous_0)
FNDA:32,GoogleSignInBtn
FNDA:0,(anonymous_2)
DA:1,144
DA:7,32
DA:8,0
DA:9,0
DA:18,0
DA:19,0
DA:20,0
DA:22,0
DA:25,32
DA:54,18
DA:56,18
DA:60,18
LF:12
LH:6
BRDA:1,0,0,36
BRDA:1,0,1,18
BRDA:1,1,0,18
BRDA:19,2,0,0
BRF:4
BRH:3
end_of_record
TN:
SF:..\..\..\Code_Coverage\Front-End\src\components\form-controls\emailInput.jsx
FN:1,(anonymous_0)
FN:6,EmailInput
FN:8,(anonymous_2)
FNF:3
FNH:3
FNDA:18,(anonymous_0)
FNDA:2734,EmailInput
FNDA:361,(anonymous_2)
DA:1,144
DA:7,2734
DA:8,2734
DA:9,361
DA:10,361
DA:11,40
DA:12,321
DA:15,2734
DA:59,18
DA:61,18
LF:10
LH:10
BRDA:1,0,0,36
BRDA:1,0,1,18
BRDA:1,1,0,18
BRDA:10,2,0,40
BRDA:10,2,1,321
BRDA:31,3,0,676
BRDA:31,3,1,2058
BRDA:45,4,0,676
BRDA:45,4,1,2058
BRDA:49,5,0,2734
BRDA:49,5,1,676
BRF:11
BRH:11
end_of_record
TN:
SF:..\..\..\Code_Coverage\Front-End\src\components\form-controls\nameInput.jsx
FN:6,NameInput
FN:9,(anonymous_2)
FNF:2
FNH:2
FNDA:5468,NameInput
FNDA:395,(anonymous_2)
DA:6,5468
DA:7,5468
DA:9,5468
DA:10,395
DA:11,395
DA:12,395
DA:13,2
DA:14,2
DA:15,393
DA:17,5468
DA:69,18
DA:71,18
LF:12
LH:12
BRDA:11,0,0,393
BRDA:12,1,0,2
BRDA:12,1,1,393
BRDA:12,2,0,395
BRDA:12,2,1,2
BRDA:34,3,0,1524
BRDA:34,3,1,3944
BRDA:49,4,0,1524
BRDA:49,4,1,3944
BRDA:59,5,0,5468
BRDA:59,5,1,1524
BRF:11
BRH:11
end_of_record
TN:
SF:..\..\..\Code_Coverage\Front-End\src\components\form-controls\passwordInput.jsx
FN:4,PasswordInput
FN:17,(anonymous_2)
FN:51,(anonymous_3)
FN:65,(anonymous_4)
FNF:4
FNH:2
FNDA:5468,PasswordInput
FNDA:258,(anonymous_2)
FNDA:0,(anonymous_3)
FNDA:0,(anonymous_4)
DA:4,5468
DA:5,5468
DA:7,5468
DA:9,5468
DA:18,258
DA:19,258
DA:52,0
DA:53,0
DA:66,0
DA:67,0
DA:87,18
DA:89,18
LF:12
LH:8
BRDA:21,0,0,0
BRDA:21,0,1,5468
BRDA:30,1,0,474
BRDA:30,1,1,4994
BRDA:44,2,0,474
BRDA:44,2,1,4994
BRDA:48,3,0,5468
BRDA:48,3,1,0
BRDA:77,4,0,5468
BRDA:77,4,1,474
BRF:10
BRH:8
end_of_record
TN:
SF:..\..\..\Code_Coverage\Front-End\src\components\landingPage\LandingPage.jsx
FN:1,(anonymous_0)
FN:5,LandingPage
FNF:2
FNH:2
FNDA:18,(anonymous_0)
FNDA:32,LandingPage
DA:1,144
DA:6,32
DA:37,18
DA:39,18
LF:4
LH:4
BRDA:1,0,0,36
BRDA:1,0,1,18
BRDA:1,1,0,18
BRF:3
BRH:3
end_of_record
TN:
SF:..\..\..\Code_Coverage\Front-End\src\components\landingPage\NewAccountForm.jsx
FN:1,(anonymous_0)
FN:5,NewAccountForm
FNF:2
FNH:2
FNDA:18,(anonymous_0)
FNDA:32,NewAccountForm
DA:1,144
DA:6,32
DA:37,18
DA:39,18
LF:4
LH:4
BRDA:1,0,0,36
BRDA:1,0,1,18
BRDA:1,1,0,18
BRF:3
BRH:3
end_of_record
TN:
SF:..\..\..\Code_Coverage\Front-End\src\components\login-page\ForgotPassword.jsx
FN:10,ForgotPassword
FN:16,(anonymous_2)
FNF:2
FNH:0
FNDA:0,ForgotPassword
FNDA:0,(anonymous_2)
DA:10,18
DA:11,0
DA:12,0
DA:13,0
DA:14,0
DA:16,0
DA:17,0
DA:18,0
DA:19,0
DA:32,0
DA:33,0
DA:34,0
DA:36,0
DA:38,0
DA:42,0
DA:44,0
DA:89,18
DA:91,18
LF:18
LH:3
BRDA:33,0,0,0
BRDA:42,1,0,0
BRDA:49,2,0,0
BRDA:49,2,1,0
BRDA:50,3,0,0
BRDA:50,3,1,0
BRDA:76,4,0,0
BRDA:76,4,1,0
BRF:8
BRH:0
end_of_record
TN:
SF:..\..\..\Code_Coverage\Front-End\src\components\login-page\Login.jsx
FN:13,Login
FN:22,(anonymous_2)
FN:13,(anonymous_3)
FNF:3
FNH:0
FNDA:0,Login
FNDA:0,(anonymous_2)
FNDA:0,(anonymous_3)
DA:13,0
DA:14,0
DA:15,0
DA:16,0
DA:17,0
DA:18,0
DA:19,0
DA:20,18
DA:22,0
DA:23,0
DA:24,0
DA:25,0
DA:38,0
DA:39,0
DA:40,0
DA:41,0
DA:43,0
DA:45,0
DA:49,0
DA:123,18
DA:125,18
LF:21
LH:3
BRDA:39,0,0,0
BRDA:54,1,0,0
BRDA:54,1,1,0
BRDA:90,2,0,0
BRDA:90,2,1,0
BRDA:90,2,2,0
BRF:6
BRH:0
end_of_record
TN:
SF:..\..\..\Code_Coverage\Front-End\src\components\login-page\NewPassword.jsx
FN:12,NewPassword
FN:21,(anonymous_2)
FN:33,(anonymous_3)
FN:43,(anonymous_4)
FN:74,(anonymous_5)
FN:12,(anonymous_6)
FNF:6
FNH:0
FNDA:0,NewPassword
FNDA:0,(anonymous_2)
FNDA:0,(anonymous_3)
FNDA:0,(anonymous_4)
FNDA:0,(anonymous_5)
FNDA:0,(anonymous_6)
DA:12,0
DA:13,0
DA:14,0
DA:15,0
DA:16,0
DA:17,0
DA:18,0
DA:19,18
DA:21,0
DA:22,0
DA:23,0
DA:27,0
DA:28,0
DA:33,0
DA:34,0
DA:39,0
DA:40,0
DA:43,0
DA:44,0
DA:45,0
DA:46,0
DA:63,0
DA:64,0
DA:65,0
DA:66,0
DA:68,0
DA:70,0
DA:74,0
DA:75,0
DA:76,0
DA:79,0
DA:154,18
DA:155,18
DA:158,18
LF:34
LH:4
BRDA:22,0,0,0
BRDA:22,1,0,0
BRDA:22,1,1,0
BRDA:27,2,0,0
BRDA:27,3,0,0
BRDA:27,3,1,0
BRDA:34,4,0,0
BRDA:34,4,1,0
BRDA:35,5,0,0
BRDA:35,5,1,0
BRDA:35,5,2,0
BRDA:64,6,0,0
BRDA:84,7,0,0
BRDA:84,7,1,0
BRDA:138,8,0,0
BRDA:138,8,1,0
BRDA:138,8,2,0
BRDA:138,8,3,0
BRF:18
BRH:0
end_of_record
TN:
SF:..\..\..\Code_Coverage\Front-End\src\components\navigation-bars\ListNav.jsx
FN:1,(anonymous_0)
FN:6,ListNav
FN:10,(anonymous_2)
FN:14,(anonymous_3)
FNF:4
FNH:1
FNDA:18,(anonymous_0)
FNDA:0,ListNav
FNDA:0,(anonymous_2)
FNDA:0,(anonymous_3)
DA:1,144
DA:7,0
DA:11,0
DA:15,0
DA:28,18
DA:29,18
DA:37,18
LF:7
LH:4
BRDA:1,0,0,36
BRDA:1,0,1,18
BRDA:1,1,0,18
BRDA:15,2,0,0
BRDA:15,2,1,0
BRF:5
BRH:3
end_of_record
TN:
SF:..\..\..\Code_Coverage\Front-End\src\components\navigation-bars\NavBar.jsx
FN:9,NavBar
FN:11,(anonymous_2)
FN:36,(anonymous_3)
FN:9,(anonymous_4)
FNF:4
FNH:0
FNDA:0,NavBar
FNDA:0,(anonymous_2)
FNDA:0,(anonymous_3)
FNDA:0,(anonymous_4)
DA:9,0
DA:10,18
DA:11,0
DA:12,0
DA:14,0
DA:37,0
DA:130,18
DA:131,18
DA:141,18
LF:9
LH:4
BRF:0
BRH:0
end_of_record
TN:
SF:..\..\..\Code_Coverage\Front-End\src\components\navigation-bars\NavItem.jsx
FN:5,NavItem
FN:11,(anonymous_2)
FN:13,(anonymous_3)
FNF:3
FNH:0
FNDA:0,NavItem
FNDA:0,(anonymous_2)
FNDA:0,(anonymous_3)
DA:5,18
DA:7,0
DA:8,0
DA:11,0
DA:14,0
DA:57,18
DA:59,18
DA:66,18
LF:8
LH:4
BRDA:14,0,0,0
BRDA:14,0,1,0
BRDA:38,1,0,0
BRDA:38,1,1,0
BRDA:38,1,2,0
BRDA:38,1,3,0
BRDA:48,2,0,0
BRDA:48,2,1,0
BRF:8
BRH:0
end_of_record
TN:
SF:..\..\..\Code_Coverage\Front-End\src\components\sign-up\EmailConfirm.jsx
FN:12,EmailConfirm
FN:18,(anonymous_2)
FN:41,(anonymous_3)
FN:12,(anonymous_4)
FNF:4
FNH:0
FNDA:0,EmailConfirm
FNDA:0,(anonymous_2)
FNDA:0,(anonymous_3)
FNDA:0,(anonymous_4)
DA:12,0
DA:13,0
DA:14,0
DA:15,0
DA:16,0
DA:17,18
DA:18,0
DA:19,0
DA:20,0
DA:21,0
DA:31,0
DA:32,0
DA:33,0
DA:35,0
DA:37,0
DA:41,0
DA:42,0
DA:43,0
DA:44,0
DA:58,0
DA:59,0
DA:61,0
DA:62,0
DA:64,0
DA:66,0
DA:70,0
DA:72,0
DA:121,18
DA:123,18
DA:128,18
DA:133,18
LF:31
LH:5
BRDA:12,0,0,0
BRDA:12,1,0,0
BRDA:32,2,0,0
BRDA:59,3,0,0
BRDA:61,4,0,0
BRDA:61,4,1,0
BRDA:70,5,0,0
BRDA:74,6,0,0
BRDA:74,6,1,0
BRDA:84,7,0,0
BRDA:84,7,1,0
BRDA:109,8,0,0
BRDA:109,8,1,0
BRF:13
BRH:0
end_of_record
TN:
SF:..\..\..\Code_Coverage\Front-End\src\components\sign-up\SignUpForm.jsx
FN:15,getMonthFromString
FN:22,SignUpForm
FN:79,(anonymous_3)
FN:89,(anonymous_4)
FN:99,(anonymous_5)
FN:118,(anonymous_6)
FN:123,(anonymous_7)
FN:124,(anonymous_8)
FN:139,(anonymous_9)
FN:151,(anonymous_10)
FN:157,(anonymous_11)
FN:162,(anonymous_12)
FN:163,(anonymous_13)
FN:178,(anonymous_14)
FN:190,(anonymous_15)
FN:196,(anonymous_16)
FN:201,(anonymous_17)
FN:265,(anonymous_18)
FN:388,(anonymous_19)
FN:400,(anonymous_20)
FNF:20
FNH:16
FNDA:0,getMonthFromString
FNDA:4778,SignUpForm
FNDA:1382,(anonymous_3)
FNDA:1382,(anonymous_4)
FNDA:52,(anonymous_5)
FNDA:221,(anonymous_6)
FNDA:179,(anonymous_7)
FNDA:179,(anonymous_8)
FNDA:1,(anonymous_9)
FNDA:178,(anonymous_10)
FNDA:392,(anonymous_11)
FNDA:40,(anonymous_12)
FNDA:40,(anonymous_13)
FNDA:9,(anonymous_14)
FNDA:32,(anonymous_15)
FNDA:1382,(anonymous_16)
FNDA:0,(anonymous_17)
FNDA:0,(anonymous_18)
FNDA:578138,(anonymous_19)
FNDA:0,(anonymous_20)
DA:16,0
DA:17,0
DA:18,0
DA:22,4778
DA:23,4778
DA:38,4778
DA:39,4778
DA:40,4778
DA:41,4778
DA:42,4778
DA:43,4778
DA:44,4778
DA:45,4778
DA:46,4778
DA:47,4778
DA:48,4778
DA:49,4778
DA:50,4778
DA:51,4778
DA:52,4778
DA:53,4778
DA:54,4778
DA:55,4778
DA:56,4778
DA:57,4778
DA:58,4778
DA:59,4778
DA:62,4778
DA:79,4778
DA:80,1382
DA:81,120
DA:85,1382
DA:86,121
DA:89,4778
DA:90,1382
DA:95,275
DA:96,1107
DA:99,4778
DA:101,52
DA:102,52
DA:103,30
DA:104,22
DA:105,12
DA:107,10
DA:109,52
DA:111,1558
DA:113,52
DA:116,4778
DA:118,4778
DA:119,221
DA:120,179
DA:121,179
DA:123,179
DA:124,179
DA:125,179
DA:126,179
DA:134,12
DA:135,12
DA:136,12
DA:137,12
DA:139,1
DA:140,1
DA:141,1
DA:144,167
DA:146,179
DA:149,179
DA:151,179
DA:152,178
DA:153,178
DA:157,4778
DA:158,392
DA:159,40
DA:160,40
DA:162,40
DA:163,40
DA:164,40
DA:165,40
DA:173,10
DA:174,10
DA:175,10
DA:176,10
DA:178,9
DA:179,9
DA:180,9
DA:183,29
DA:185,39
DA:188,40
DA:190,40
DA:191,32
DA:192,32
DA:196,4778
DA:197,1382
DA:198,1382
DA:201,4778
DA:202,0
DA:203,0
DA:204,0
DA:217,0
DA:230,0
DA:231,0
DA:232,0
DA:234,0
DA:235,0
DA:237,0
DA:239,0
DA:243,4778
DA:244,0
DA:253,4778
DA:266,0
DA:267,0
DA:268,0
DA:388,578138
DA:400,0
DA:417,18
DA:419,18
DA:423,18
DA:427,18
LF:117
LH:98
BRDA:17,0,0,0
BRDA:55,1,0,0
BRDA:55,1,1,4778
BRDA:62,2,0,4778
BRDA:62,2,1,4774
BRDA:62,2,2,2202
BRDA:62,2,3,1944
BRDA:62,2,4,1894
BRDA:62,2,5,1860
BRDA:62,2,6,1644
BRDA:62,2,7,768
BRDA:62,2,8,42
BRDA:62,2,9,42
BRDA:62,2,10,42
BRDA:62,2,11,20
BRDA:62,2,12,10
BRDA:62,2,13,6
BRDA:62,2,14,6
BRDA:62,2,15,6
BRDA:80,3,0,120
BRDA:80,4,0,1382
BRDA:80,4,1,889
BRDA:85,5,0,121
BRDA:85,6,0,1382
BRDA:85,6,1,736
BRDA:90,7,0,275
BRDA:90,7,1,1107
BRDA:91,8,0,1382
BRDA:91,8,1,469
BRDA:91,8,2,449
BRDA:102,9,0,30
BRDA:102,9,1,22
BRDA:104,10,0,12
BRDA:104,10,1,10
BRDA:104,11,0,22
BRDA:104,11,1,22
BRDA:119,12,0,42
BRDA:119,13,0,221
BRDA:119,13,1,190
BRDA:136,14,0,0
BRDA:137,15,0,11
BRDA:137,15,1,1
BRDA:140,16,0,0
BRDA:144,17,0,0
BRDA:158,18,0,352
BRDA:158,19,0,392
BRDA:158,19,1,361
BRDA:175,20,0,0
BRDA:176,21,0,1
BRDA:176,21,1,9
BRDA:179,22,0,0
BRDA:183,23,0,0
BRDA:211,24,0,0
BRDA:211,24,1,0
BRDA:214,25,0,0
BRDA:214,25,1,0
BRDA:231,26,0,0
BRDA:243,27,0,0
BRDA:256,28,0,0
BRDA:256,28,1,4778
BRDA:260,29,0,4778
BRDA:260,29,1,0
BRDA:260,29,2,0
BRDA:400,30,0,0
BRDA:400,30,1,0
BRF:65
BRH:46
end_of_record
TN:
SF:..\..\..\Code_Coverage\Front-End\src\components\userComponents\FollowerList.jsx
FN:12,FollowerList
FN:26,(anonymous_2)
FN:31,(anonymous_3)
FN:33,(anonymous_4)
FN:34,(anonymous_5)
FN:85,(anonymous_6)
FN:12,(anonymous_7)
FNF:7
FNH:0
FNDA:0,FollowerList
FNDA:0,(anonymous_2)
FNDA:0,(anonymous_3)
FNDA:0,(anonymous_4)
FNDA:0,(anonymous_5)
FNDA:0,(anonymous_6)
FNDA:0,(anonymous_7)
DA:12,0
DA:13,0
DA:23,0
DA:24,18
DA:26,0
DA:27,0
DA:31,0
DA:32,0
DA:33,0
DA:34,0
DA:36,0
DA:86,0
DA:102,18
DA:104,18
DA:110,18
LF:15
LH:4
BRF:0
BRH:0
end_of_record
TN:
SF:..\..\..\Code_Coverage\Front-End\src\components\userComponents\FollowingList.jsx
FN:12,FollowingList
FN:26,(anonymous_2)
FN:31,(anonymous_3)
FN:33,(anonymous_4)
FN:34,(anonymous_5)
FN:85,(anonymous_6)
FN:12,(anonymous_7)
FNF:7
FNH:0
FNDA:0,FollowingList
FNDA:0,(anonymous_2)
FNDA:0,(anonymous_3)
FNDA:0,(anonymous_4)
FNDA:0,(anonymous_5)
FNDA:0,(anonymous_6)
FNDA:0,(anonymous_7)
DA:12,0
DA:13,0
DA:23,0
DA:24,18
DA:26,0
DA:27,0
DA:31,0
DA:32,0
DA:33,0
DA:34,0
DA:36,0
DA:86,0
DA:102,18
DA:104,18
DA:110,18
LF:15
LH:4
BRF:0
BRH:0
end_of_record
TN:
SF:..\..\..\Code_Coverage\Front-End\src\components\userComponents\PopoverUserCard.jsx
FN:10,PopoverUserCard
FN:33,(anonymous_2)
FN:36,(anonymous_3)
FN:120,(anonymous_4)
FN:129,(anonymous_5)
FN:10,(anonymous_6)
FNF:6
FNH:0
FNDA:0,PopoverUserCard
FNDA:0,(anonymous_2)
FNDA:0,(anonymous_3)
FNDA:0,(anonymous_4)
FNDA:0,(anonymous_5)
FNDA:0,(anonymous_6)
DA:10,0
DA:19,0
DA:20,0
DA:21,18
DA:22,0
DA:34,0
DA:37,0
DA:120,0
DA:129,0
DA:140,18
DA:142,18
DA:153,18
LF:12
LH:4
BRDA:43,0,0,0
BRDA:43,0,1,0
BRDA:44,1,0,0
BRDA:44,1,1,0
BRDA:50,2,0,0
BRDA:50,2,1,0
BRDA:51,3,0,0
BRDA:51,3,1,0
BRDA:57,4,0,0
BRDA:57,4,1,0
BRDA:58,5,0,0
BRDA:58,5,1,0
BRDA:64,6,0,0
BRDA:64,6,1,0
BRDA:65,7,0,0
BRDA:65,7,1,0
BRDA:71,8,0,0
BRDA:71,8,1,0
BRDA:72,9,0,0
BRDA:72,9,1,0
BRDA:78,10,0,0
BRDA:78,10,1,0
BRDA:79,11,0,0
BRDA:79,11,1,0
BRDA:100,12,0,0
BRDA:100,12,1,0
BRF:26
BRH:0
end_of_record
TN:
SF:..\..\..\Code_Coverage\Front-End\src\components\userComponents\UserItem.jsx
FN:10,UserItem
FN:23,(anonymous_2)
FN:33,(anonymous_3)
FN:34,(anonymous_4)
FN:35,(anonymous_5)
FN:61,(anonymous_6)
FN:63,(anonymous_7)
FN:67,(anonymous_8)
FN:75,(anonymous_9)
FN:80,(anonymous_10)
FN:82,(anonymous_11)
FN:86,(anonymous_12)
FN:93,(anonymous_13)
FN:142,(anonymous_14)
FN:145,(anonymous_15)
FNF:15
FNH:0
FNDA:0,UserItem
FNDA:0,(anonymous_2)
FNDA:0,(anonymous_3)
FNDA:0,(anonymous_4)
FNDA:0,(anonymous_5)
FNDA:0,(anonymous_6)
FNDA:0,(anonymous_7)
FNDA:0,(anonymous_8)
FNDA:0,(anonymous_9)
FNDA:0,(anonymous_10)
FNDA:0,(anonymous_11)
FNDA:0,(anonymous_12)
FNDA:0,(anonymous_13)
FNDA:0,(anonymous_14)
FNDA:0,(anonymous_15)
DA:10,18
DA:20,0
DA:21,0
DA:22,0
DA:23,0
DA:26,0
DA:28,0
DA:31,0
DA:33,0
DA:34,0
DA:35,0
DA:36,0
DA:37,0
DA:38,0
DA:43,0
DA:45,0
DA:46,0
DA:47,0
DA:48,0
DA:49,0
DA:51,0
DA:54,0
DA:55,0
DA:56,0
DA:61,0
DA:62,0
DA:63,0
DA:64,0
DA:65,0
DA:66,0
DA:67,0
DA:68,0
DA:75,0
DA:76,0
DA:77,0
DA:80,0
DA:81,0
DA:82,0
DA:83,0
DA:84,0
DA:85,0
DA:86,0
DA:87,0
DA:93,0
DA:94,0
DA:98,0
DA:143,0
DA:146,0
DA:206,18
DA:208,18
DA:220,18
LF:51
LH:4
BRDA:37,0,0,0
BRDA:48,1,0,0
BRDA:48,1,1,0
BRDA:64,2,0,0
BRDA:64,3,0,0
BRDA:64,3,1,0
BRDA:83,4,0,0
BRDA:127,5,0,0
BRDA:127,5,1,0
BRDA:152,6,0,0
BRDA:152,6,1,0
BRDA:152,7,0,0
BRDA:152,7,1,0
BRDA:155,8,0,0
BRDA:155,8,1,0
BRDA:155,9,0,0
BRDA:155,9,1,0
BRDA:158,10,0,0
BRDA:158,10,1,0
BRDA:158,11,0,0
BRDA:158,11,1,0
BRDA:161,12,0,0
BRDA:161,12,1,0
BRDA:162,13,0,0
BRDA:162,13,1,0
BRDA:168,14,0,0
BRDA:168,14,1,0
BRDA:168,15,0,0
BRDA:168,15,1,0
BRDA:171,16,0,0
BRDA:171,16,1,0
BRDA:171,17,0,0
BRDA:171,17,1,0
BRF:33
BRH:0
end_of_record
TN:
SF:..\..\..\Code_Coverage\Front-End\src\contexts\Auth\AuthProvider.jsx
FN:11,AuthProvider
FN:19,(anonymous_2)
FNF:2
FNH:2
FNDA:96,AuthProvider
FNDA:36,(anonymous_2)
DA:6,18
DA:11,96
DA:12,96
DA:16,96
DA:19,36
DA:26,18
DA:28,18
DA:31,18
DA:34,18
LF:9
LH:9
BRF:0
BRH:0
end_of_record
TN:
SF:..\..\..\Code_Coverage\Front-End\src\contexts\Auth\reducer.js
FN:1,reducer
FNF:1
FNH:1
FNDA:60,reducer
DA:2,60
DA:4,0
DA:10,60
DA:16,0
LF:4
LH:2
BRDA:2,0,0,0
BRDA:2,0,1,60
BRDA:2,0,2,0
BRF:3
BRH:1
end_of_record
TN:
SF:..\..\..\Code_Coverage\Front-End\src\hooks\AuthContext.js
FN:5,useAuth
FNF:1
FNH:1
FNDA:142,useAuth
DA:3,18
DA:6,142
DA:7,142
DA:8,0
DA:10,142
LF:5
LH:4
BRDA:7,0,0,0
BRF:1
BRH:0
end_of_record
