TN:
SF:..\..\..\Code_Coverage\Front-End\src\App.jsx
FN:16,App
FN:19,(anonymous_2)
FN:20,(anonymous_3)
FN:16,(anonymous_4)
FNF:4
FNH:4
FNDA:56,App
FNDA:28,(anonymous_2)
FNDA:28,(anonymous_3)
FNDA:14,(anonymous_4)
DA:16,56
DA:17,56
DA:18,56
DA:19,56
DA:20,28
DA:21,28
DA:22,28
DA:23,28
DA:35,28
DA:36,28
DA:37,0
DA:39,28
DA:41,28
DA:44,28
DA:47,56
DA:161,14
DA:163,14
LF:17
LH:16
BRDA:36,0,0,28
BRDA:47,1,0,28
BRDA:47,1,1,28
BRF:3
BRH:3
end_of_record
TN:
SF:..\..\..\Code_Coverage\Front-End\src\main.jsx
FNF:0
FNH:0
DA:7,14
LF:1
LH:1
BRF:0
BRH:0
end_of_record
TN:
SF:..\..\..\Code_Coverage\Front-End\src\components\BoxCard.jsx
FN:5,BoxCard
FN:20,(anonymous_2)
FN:5,(anonymous_3)
FNF:3
FNH:3
FNDA:2252,BoxCard
FNDA:1,(anonymous_2)
FNDA:14,(anonymous_3)
DA:5,2252
DA:6,2252
DA:7,2252
DA:20,1
DA:53,14
DA:55,14
LF:6
LH:6
BRDA:20,0,0,2252
BRDA:20,0,1,2252
BRF:2
BRH:2
end_of_record
TN:
SF:..\..\..\Code_Coverage\Front-End\src\components\OwnToaster.jsx
FN:1,(anonymous_0)
FN:4,OwnToaster
FNF:2
FNH:2
FNDA:14,(anonymous_0)
FNDA:2252,OwnToaster
DA:1,112
DA:5,2252
DA:21,14
DA:23,14
LF:4
LH:4
BRDA:1,0,0,28
BRDA:1,0,1,14
BRDA:1,1,0,14
BRF:3
BRH:3
end_of_record
TN:
SF:..\..\..\Code_Coverage\Front-End\src\components\ProtectedRoute.jsx
FN:6,ProtectedRoute
FN:9,(anonymous_2)
FN:6,(anonymous_3)
FNF:3
FNH:0
FNDA:0,ProtectedRoute
FNDA:0,(anonymous_2)
FNDA:0,(anonymous_3)
DA:6,0
DA:7,0
DA:8,14
DA:9,0
DA:10,0
DA:11,0
DA:15,0
DA:16,14
DA:17,14
DA:20,14
LF:10
LH:4
BRDA:10,0,0,0
BRDA:15,1,0,0
BRDA:15,1,1,0
BRF:3
BRH:0
end_of_record
TN:
SF:..\..\..\Code_Coverage\Front-End\src\components\Spinner.jsx
FN:1,(anonymous_0)
FN:3,Spinner
FNF:2
FNH:2
FNDA:14,(anonymous_0)
FNDA:28,Spinner
DA:1,112
DA:4,28
DA:14,14
DA:16,14
LF:4
LH:4
BRDA:1,0,0,28
BRDA:1,0,1,14
BRDA:1,1,0,14
BRF:3
BRH:3
end_of_record
TN:
SF:..\..\..\Code_Coverage\Front-End\src\components\UnprotectedRoute.jsx
FN:6,UnprotectedRoute
FN:9,(anonymous_2)
FN:6,(anonymous_3)
FNF:3
FNH:3
FNDA:60,UnprotectedRoute
FNDA:44,(anonymous_2)
FNDA:14,(anonymous_3)
DA:6,60
DA:7,60
DA:8,60
DA:9,60
DA:10,44
DA:11,0
DA:15,60
DA:16,14
DA:17,14
DA:20,14
LF:10
LH:9
BRDA:10,0,0,0
BRDA:15,1,0,0
BRDA:15,1,1,60
BRF:3
BRH:1
end_of_record
TN:
SF:..\..\..\Code_Coverage\Front-End\src\components\app-layout\AppLayout.jsx
FN:1,(anonymous_0)
FN:5,AppLayout
FNF:2
FNH:1
FNDA:14,(anonymous_0)
FNDA:0,AppLayout
DA:1,112
DA:6,0
DA:57,14
DA:59,14
LF:4
LH:3
BRDA:1,0,0,28
BRDA:1,0,1,14
BRDA:1,1,0,14
BRF:3
BRH:3
end_of_record
TN:
SF:..\..\..\Code_Coverage\Front-End\src\components\form-controls\BasicInput.jsx
FN:1,(anonymous_0)
FN:4,BasicInput
FN:12,(anonymous_2)
FNF:3
FNH:1
FNDA:14,(anonymous_0)
FNDA:0,BasicInput
FNDA:0,(anonymous_2)
DA:1,112
DA:5,0
DA:13,0
DA:14,0
DA:47,14
DA:49,14
LF:6
LH:3
BRDA:1,0,0,28
BRDA:1,0,1,14
BRDA:1,1,0,14
BRDA:33,2,0,0
BRDA:33,2,1,0
BRDA:37,3,0,0
BRDA:37,3,1,0
BRF:7
BRH:3
end_of_record
TN:
SF:..\..\..\Code_Coverage\Front-End\src\components\form-controls\Button.jsx
FN:1,(anonymous_0)
FN:5,Button
FNF:2
FNH:2
FNDA:14,(anonymous_0)
FNDA:2342,Button
DA:1,112
DA:21,2342
DA:151,14
DA:153,14
LF:4
LH:4
BRDA:1,0,0,28
BRDA:1,0,1,14
BRDA:1,1,0,14
BRDA:22,2,0,2342
BRDA:22,2,1,2342
BRDA:22,3,0,2342
BRDA:22,3,1,2342
BRDA:23,4,0,60
BRDA:23,4,1,2282
BRDA:28,5,0,60
BRDA:28,5,1,60
BRDA:31,6,0,30
BRDA:31,6,1,30
BRDA:33,7,0,0
BRDA:33,7,1,60
BRDA:35,8,0,0
BRDA:35,8,1,60
BRDA:38,9,0,0
BRDA:38,9,1,60
BRDA:39,10,0,0
BRDA:39,10,1,60
BRDA:43,11,0,0
BRDA:43,11,1,60
BRDA:47,12,0,0
BRDA:47,12,1,60
BRDA:50,13,0,0
BRDA:50,13,1,60
BRDA:51,14,0,0
BRDA:51,14,1,60
BRDA:52,15,0,0
BRDA:52,15,1,60
BRDA:53,16,0,0
BRDA:53,16,1,60
BRDA:54,17,0,30
BRDA:54,17,1,30
BRDA:56,18,0,0
BRDA:56,18,1,60
BRDA:58,19,0,30
BRDA:58,19,1,30
BRDA:61,20,0,60
BRDA:61,20,1,0
BRDA:70,21,0,60
BRDA:70,21,1,60
BRDA:71,22,0,30
BRDA:71,22,1,30
BRDA:72,23,0,30
BRDA:72,23,1,30
BRDA:73,24,0,0
BRDA:73,24,1,60
BRDA:74,25,0,0
BRDA:74,25,1,60
BRDA:75,26,0,0
BRDA:75,26,1,60
BRDA:76,27,0,0
BRDA:76,27,1,60
BRDA:77,28,0,0
BRDA:77,28,1,60
BRDA:78,29,0,0
BRDA:78,29,1,60
BRDA:89,30,0,2282
BRDA:89,30,1,42
BRDA:91,31,0,2282
BRDA:91,31,1,0
BRDA:94,32,0,0
BRDA:94,32,1,2282
BRDA:96,33,0,2282
BRDA:96,33,1,0
BRDA:98,34,0,0
BRDA:98,34,1,2282
BRDA:101,35,0,0
BRDA:101,35,1,2282
BRDA:102,36,0,0
BRDA:102,36,1,2282
BRDA:106,37,0,0
BRDA:106,37,1,2282
BRDA:110,38,0,0
BRDA:110,38,1,2282
BRDA:113,39,0,0
BRDA:113,39,1,2282
BRDA:114,40,0,0
BRDA:114,40,1,2282
BRDA:115,41,0,0
BRDA:115,41,1,2282
BRDA:116,42,0,0
BRDA:116,42,1,2282
BRDA:117,43,0,2282
BRDA:117,43,1,0
BRDA:119,44,0,0
BRDA:119,44,1,2282
BRDA:121,45,0,0
BRDA:121,45,1,2282
BRDA:124,46,0,2282
BRDA:124,46,1,30
BRDA:133,47,0,2282
BRDA:133,47,1,2282
BRDA:134,48,0,0
BRDA:134,48,1,2282
BRDA:135,49,0,0
BRDA:135,49,1,2282
BRDA:136,50,0,2282
BRDA:136,50,1,0
BRDA:137,51,0,0
BRDA:137,51,1,2282
BRDA:138,52,0,0
BRDA:138,52,1,2282
BRDA:139,53,0,0
BRDA:139,53,1,2282
BRDA:140,54,0,0
BRDA:140,54,1,2282
BRDA:141,55,0,0
BRDA:141,55,1,2282
BRF:111
BRH:70
end_of_record
TN:
SF:..\..\..\Code_Coverage\Front-End\src\components\form-controls\DorpDownMenu.jsx
FN:1,(anonymous_0)
FN:7,DorpDownMenu
FN:8,(anonymous_2)
FN:21,(anonymous_3)
FNF:4
FNH:4
FNDA:14,(anonymous_0)
FNDA:6756,DorpDownMenu
FNDA:28,(anonymous_2)
FNDA:374894,(anonymous_3)
DA:1,112
DA:8,6756
DA:9,28
DA:11,6756
DA:22,374894
DA:44,14
DA:46,14
LF:7
LH:7
BRDA:1,0,0,28
BRDA:1,0,1,14
BRDA:1,1,0,14
BRF:3
BRH:3
end_of_record
TN:
SF:..\..\..\Code_Coverage\Front-End\src\components\form-controls\GoogleSignIn.jsx
FN:1,(anonymous_0)
FN:6,GoogleSignInBtn
FN:7,(anonymous_2)
FNF:3
FNH:2
FNDA:14,(anonymous_0)
FNDA:30,GoogleSignInBtn
FNDA:0,(anonymous_2)
DA:1,112
DA:7,30
DA:8,0
DA:9,0
DA:18,0
DA:19,0
DA:20,0
DA:22,0
DA:25,30
DA:54,14
DA:56,14
DA:60,14
LF:12
LH:6
BRDA:1,0,0,28
BRDA:1,0,1,14
BRDA:1,1,0,14
BRDA:19,2,0,0
BRF:4
BRH:3
end_of_record
TN:
SF:..\..\..\Code_Coverage\Front-End\src\components\form-controls\emailInput.jsx
FN:1,(anonymous_0)
FN:6,EmailInput
FN:8,(anonymous_2)
FNF:3
FNH:3
FNDA:14,(anonymous_0)
FNDA:2252,EmailInput
FNDA:297,(anonymous_2)
DA:1,112
DA:7,2252
DA:8,2252
DA:9,297
DA:10,297
DA:11,32
DA:12,265
DA:15,2252
DA:59,14
DA:61,14
LF:10
LH:10
BRDA:1,0,0,28
BRDA:1,0,1,14
BRDA:1,1,0,14
BRDA:10,2,0,32
BRDA:10,2,1,265
BRDA:31,3,0,552
BRDA:31,3,1,1700
BRDA:45,4,0,552
BRDA:45,4,1,1700
BRDA:49,5,0,2252
BRDA:49,5,1,552
BRF:11
BRH:11
end_of_record
TN:
SF:..\..\..\Code_Coverage\Front-End\src\components\form-controls\nameInput.jsx
FN:6,NameInput
FN:9,(anonymous_2)
FNF:2
FNH:2
FNDA:4504,NameInput
FNDA:335,(anonymous_2)
DA:6,4504
DA:7,4504
DA:9,4504
DA:10,335
DA:11,335
DA:12,335
DA:13,2
DA:14,2
DA:15,333
DA:17,4504
DA:69,14
DA:71,14
LF:12
LH:12
BRDA:11,0,0,333
BRDA:12,1,0,2
BRDA:12,1,1,333
BRDA:12,2,0,335
BRDA:12,2,1,2
BRDA:34,3,0,144
BRDA:34,3,1,4360
BRDA:49,4,0,144
BRDA:49,4,1,4360
BRDA:59,5,0,4504
BRDA:59,5,1,144
BRF:11
BRH:11
end_of_record
TN:
SF:..\..\..\Code_Coverage\Front-End\src\components\form-controls\passwordInput.jsx
FN:4,PasswordInput
FN:17,(anonymous_2)
FN:51,(anonymous_3)
FN:65,(anonymous_4)
FNF:4
FNH:2
FNDA:4504,PasswordInput
FNDA:209,(anonymous_2)
FNDA:0,(anonymous_3)
FNDA:0,(anonymous_4)
DA:4,4504
DA:5,4504
DA:7,4504
DA:9,4504
DA:18,209
DA:19,209
DA:52,0
DA:53,0
DA:66,0
DA:67,0
DA:87,14
DA:89,14
LF:12
LH:8
BRDA:21,0,0,0
BRDA:21,0,1,4504
BRDA:30,1,0,314
BRDA:30,1,1,4190
BRDA:44,2,0,314
BRDA:44,2,1,4190
BRDA:48,3,0,4504
BRDA:48,3,1,0
BRDA:77,4,0,4504
BRDA:77,4,1,314
BRF:10
BRH:8
end_of_record
TN:
SF:..\..\..\Code_Coverage\Front-End\src\components\landingPage\LandingPage.jsx
FN:1,(anonymous_0)
FN:5,LandingPage
FNF:2
FNH:2
FNDA:14,(anonymous_0)
FNDA:30,LandingPage
DA:1,112
DA:6,30
DA:37,14
DA:39,14
LF:4
LH:4
BRDA:1,0,0,28
BRDA:1,0,1,14
BRDA:1,1,0,14
BRF:3
BRH:3
end_of_record
TN:
SF:..\..\..\Code_Coverage\Front-End\src\components\landingPage\NewAccountForm.jsx
FN:1,(anonymous_0)
FN:5,NewAccountForm
FNF:2
FNH:2
FNDA:14,(anonymous_0)
FNDA:30,NewAccountForm
DA:1,112
DA:6,30
DA:37,14
DA:39,14
LF:4
LH:4
BRDA:1,0,0,28
BRDA:1,0,1,14
BRDA:1,1,0,14
BRF:3
BRH:3
end_of_record
TN:
SF:..\..\..\Code_Coverage\Front-End\src\components\login-page\ForgotPassword.jsx
FN:10,ForgotPassword
FN:16,(anonymous_2)
FNF:2
FNH:0
FNDA:0,ForgotPassword
FNDA:0,(anonymous_2)
DA:10,14
DA:11,0
DA:12,0
DA:13,0
DA:14,0
DA:16,0
DA:17,0
DA:18,0
DA:19,0
DA:32,0
DA:33,0
DA:34,0
DA:36,0
DA:38,0
DA:42,0
DA:44,0
DA:89,14
DA:91,14
LF:18
LH:3
BRDA:33,0,0,0
BRDA:42,1,0,0
BRDA:49,2,0,0
BRDA:49,2,1,0
BRDA:50,3,0,0
BRDA:50,3,1,0
BRDA:76,4,0,0
BRDA:76,4,1,0
BRF:8
BRH:0
end_of_record
TN:
SF:..\..\..\Code_Coverage\Front-End\src\components\login-page\Login.jsx
FN:13,Login
FN:22,(anonymous_2)
FN:13,(anonymous_3)
FNF:3
FNH:0
FNDA:0,Login
FNDA:0,(anonymous_2)
FNDA:0,(anonymous_3)
DA:13,0
DA:14,0
DA:15,0
DA:16,0
DA:17,0
DA:18,0
DA:19,0
DA:20,14
DA:22,0
DA:23,0
DA:24,0
DA:25,0
DA:38,0
DA:39,0
DA:40,0
DA:41,0
DA:43,0
DA:45,0
DA:49,0
DA:123,14
DA:125,14
LF:21
LH:3
BRDA:39,0,0,0
BRDA:54,1,0,0
BRDA:54,1,1,0
BRDA:90,2,0,0
BRDA:90,2,1,0
BRDA:90,2,2,0
BRF:6
BRH:0
end_of_record
TN:
SF:..\..\..\Code_Coverage\Front-End\src\components\login-page\NewPassword.jsx
FN:12,NewPassword
FN:21,(anonymous_2)
FN:33,(anonymous_3)
FN:43,(anonymous_4)
FN:74,(anonymous_5)
FN:12,(anonymous_6)
FNF:6
FNH:0
FNDA:0,NewPassword
FNDA:0,(anonymous_2)
FNDA:0,(anonymous_3)
FNDA:0,(anonymous_4)
FNDA:0,(anonymous_5)
FNDA:0,(anonymous_6)
DA:12,0
DA:13,0
DA:14,0
DA:15,0
DA:16,0
DA:17,0
DA:18,0
DA:19,14
DA:21,0
DA:22,0
DA:23,0
DA:27,0
DA:28,0
DA:33,0
DA:34,0
DA:39,0
DA:40,0
DA:43,0
DA:44,0
DA:45,0
DA:46,0
DA:63,0
DA:64,0
DA:65,0
DA:66,0
DA:68,0
DA:70,0
DA:74,0
DA:75,0
DA:76,0
DA:79,0
DA:154,14
DA:155,14
DA:158,14
LF:34
LH:4
BRDA:22,0,0,0
BRDA:22,1,0,0
BRDA:22,1,1,0
BRDA:27,2,0,0
BRDA:27,3,0,0
BRDA:27,3,1,0
BRDA:34,4,0,0
BRDA:34,4,1,0
BRDA:35,5,0,0
BRDA:35,5,1,0
BRDA:35,5,2,0
BRDA:64,6,0,0
BRDA:84,7,0,0
BRDA:84,7,1,0
BRDA:138,8,0,0
BRDA:138,8,1,0
BRDA:138,8,2,0
BRDA:138,8,3,0
BRF:18
BRH:0
end_of_record
TN:
SF:..\..\..\Code_Coverage\Front-End\src\components\navigation-bars\ListNav.jsx
FN:1,(anonymous_0)
FN:6,ListNav
FN:10,(anonymous_2)
FN:14,(anonymous_3)
FNF:4
FNH:1
FNDA:14,(anonymous_0)
FNDA:0,ListNav
FNDA:0,(anonymous_2)
FNDA:0,(anonymous_3)
DA:1,112
DA:7,0
DA:11,0
DA:15,0
DA:28,14
DA:29,14
DA:37,14
LF:7
LH:4
BRDA:1,0,0,28
BRDA:1,0,1,14
BRDA:1,1,0,14
BRDA:15,2,0,0
BRDA:15,2,1,0
BRF:5
BRH:3
end_of_record
TN:
SF:..\..\..\Code_Coverage\Front-End\src\components\navigation-bars\NavBar.jsx
FN:9,NavBar
FN:11,(anonymous_2)
FN:36,(anonymous_3)
FN:9,(anonymous_4)
FNF:4
FNH:0
FNDA:0,NavBar
FNDA:0,(anonymous_2)
FNDA:0,(anonymous_3)
FNDA:0,(anonymous_4)
DA:9,0
DA:10,14
DA:11,0
DA:12,0
DA:14,0
DA:37,0
DA:130,14
DA:131,14
DA:141,14
LF:9
LH:4
BRF:0
BRH:0
end_of_record
TN:
SF:..\..\..\Code_Coverage\Front-End\src\components\navigation-bars\NavItem.jsx
FN:5,NavItem
FN:11,(anonymous_2)
FN:13,(anonymous_3)
FNF:3
FNH:0
FNDA:0,NavItem
FNDA:0,(anonymous_2)
FNDA:0,(anonymous_3)
DA:5,14
DA:7,0
DA:8,0
DA:11,0
DA:14,0
DA:57,14
DA:59,14
DA:66,14
LF:8
LH:4
BRDA:14,0,0,0
BRDA:14,0,1,0
BRDA:38,1,0,0
BRDA:38,1,1,0
BRDA:38,1,2,0
BRDA:38,1,3,0
BRDA:48,2,0,0
BRDA:48,2,1,0
BRF:8
BRH:0
end_of_record
TN:
SF:..\..\..\Code_Coverage\Front-End\src\components\sign-up\EmailConfirm.jsx
FN:12,EmailConfirm
FN:18,(anonymous_2)
FN:41,(anonymous_3)
FN:12,(anonymous_4)
FNF:4
FNH:0
FNDA:0,EmailConfirm
FNDA:0,(anonymous_2)
FNDA:0,(anonymous_3)
FNDA:0,(anonymous_4)
DA:12,0
DA:13,0
DA:14,0
DA:15,0
DA:16,0
DA:17,14
DA:18,0
DA:19,0
DA:20,0
DA:21,0
DA:31,0
DA:32,0
DA:33,0
DA:35,0
DA:37,0
DA:41,0
DA:42,0
DA:43,0
DA:44,0
DA:58,0
DA:59,0
DA:61,0
DA:62,0
DA:64,0
DA:66,0
DA:70,0
DA:72,0
DA:121,14
DA:123,14
DA:128,14
DA:133,14
LF:31
LH:5
BRDA:12,0,0,0
BRDA:12,1,0,0
BRDA:32,2,0,0
BRDA:59,3,0,0
BRDA:61,4,0,0
BRDA:61,4,1,0
BRDA:70,5,0,0
BRDA:74,6,0,0
BRDA:74,6,1,0
BRDA:84,7,0,0
BRDA:84,7,1,0
BRDA:109,8,0,0
BRDA:109,8,1,0
BRF:13
BRH:0
end_of_record
TN:
SF:..\..\..\Code_Coverage\Front-End\src\components\sign-up\SignUpForm.jsx
FN:15,getMonthFromString
FN:22,SignUpForm
FN:79,(anonymous_3)
FN:89,(anonymous_4)
FN:99,(anonymous_5)
FN:118,(anonymous_6)
FN:123,(anonymous_7)
FN:124,(anonymous_8)
FN:139,(anonymous_9)
FN:151,(anonymous_10)
FN:157,(anonymous_11)
FN:162,(anonymous_12)
FN:163,(anonymous_13)
FN:178,(anonymous_14)
FN:190,(anonymous_15)
FN:196,(anonymous_16)
FN:201,(anonymous_17)
FN:265,(anonymous_18)
FN:388,(anonymous_19)
FN:400,(anonymous_20)
FNF:20
FNH:17
FNDA:0,getMonthFromString
FNDA:4036,SignUpForm
FNDA:1141,(anonymous_3)
FNDA:1141,(anonymous_4)
FNDA:48,(anonymous_5)
FNDA:181,(anonymous_6)
FNDA:149,(anonymous_7)
FNDA:149,(anonymous_8)
FNDA:9,(anonymous_9)
FNDA:142,(anonymous_10)
FNDA:328,(anonymous_11)
FNDA:32,(anonymous_12)
FNDA:32,(anonymous_13)
FNDA:7,(anonymous_14)
FNDA:26,(anonymous_15)
FNDA:1141,(anonymous_16)
FNDA:0,(anonymous_17)
FNDA:0,(anonymous_18)
FNDA:488356,(anonymous_19)
FNDA:2,(anonymous_20)
DA:16,0
DA:17,0
DA:18,0
DA:22,4036
DA:23,4036
DA:38,4036
DA:39,4036
DA:40,4036
DA:41,4036
DA:42,4036
DA:43,4036
DA:44,4036
DA:45,4036
DA:46,4036
DA:47,4036
DA:48,4036
DA:49,4036
DA:50,4036
DA:51,4036
DA:52,4036
DA:53,4036
DA:54,4036
DA:55,4036
DA:56,4036
DA:57,4036
DA:58,4036
DA:59,4036
DA:62,4036
DA:79,4036
DA:80,1141
DA:81,96
DA:85,1141
DA:86,98
DA:89,4036
DA:90,1141
DA:95,186
DA:96,955
DA:99,4036
DA:101,48
DA:102,48
DA:103,30
DA:104,18
DA:105,10
DA:107,8
DA:109,48
DA:111,1444
DA:113,48
DA:116,4036
DA:118,4036
DA:119,181
DA:120,149
DA:121,149
DA:123,149
DA:124,149
DA:125,149
DA:126,149
DA:134,10
DA:135,10
DA:136,10
DA:137,10
DA:139,9
DA:140,9
DA:141,9
DA:144,139
DA:146,149
DA:149,149
DA:151,149
DA:152,142
DA:153,142
DA:157,4036
DA:158,328
DA:159,32
DA:160,32
DA:162,32
DA:163,32
DA:164,32
DA:165,32
DA:173,8
DA:174,8
DA:175,8
DA:176,8
DA:178,7
DA:179,7
DA:180,7
DA:183,23
DA:185,31
DA:188,32
DA:190,32
DA:191,26
DA:192,26
DA:196,4036
DA:197,1141
DA:198,1141
DA:201,4036
DA:202,0
DA:203,0
DA:204,0
DA:217,0
DA:230,0
DA:231,0
DA:232,0
DA:234,0
DA:235,0
DA:237,0
DA:239,0
DA:243,4036
DA:244,0
DA:253,4036
DA:266,0
DA:267,0
DA:268,0
DA:388,488356
DA:400,2
DA:417,14
DA:419,14
DA:423,14
DA:427,14
LF:117
LH:99
BRDA:17,0,0,0
BRDA:55,1,0,0
BRDA:55,1,1,4036
BRDA:62,2,0,4036
BRDA:62,2,1,4032
BRDA:62,2,2,3786
BRDA:62,2,3,2818
BRDA:62,2,4,2446
BRDA:62,2,5,2274
BRDA:62,2,6,1966
BRDA:62,2,7,1206
BRDA:62,2,8,174
BRDA:62,2,9,174
BRDA:62,2,10,174
BRDA:62,2,11,78
BRDA:62,2,12,36
BRDA:62,2,13,20
BRDA:62,2,14,20
BRDA:62,2,15,20
BRDA:80,3,0,96
BRDA:80,4,0,1141
BRDA:80,4,1,756
BRDA:85,5,0,98
BRDA:85,6,0,1141
BRDA:85,6,1,641
BRDA:90,7,0,186
BRDA:90,7,1,955
BRDA:91,8,0,1141
BRDA:91,8,1,341
BRDA:91,8,2,322
BRDA:102,9,0,30
BRDA:102,9,1,18
BRDA:104,10,0,10
BRDA:104,10,1,8
BRDA:104,11,0,18
BRDA:104,11,1,18
BRDA:119,12,0,32
BRDA:119,13,0,181
BRDA:119,13,1,150
BRDA:136,14,0,0
BRDA:137,15,0,1
BRDA:137,15,1,9
BRDA:140,16,0,0
BRDA:144,17,0,0
BRDA:158,18,0,296
BRDA:158,19,0,328
BRDA:158,19,1,297
BRDA:175,20,0,0
BRDA:176,21,0,1
BRDA:176,21,1,7
BRDA:179,22,0,0
BRDA:183,23,0,0
BRDA:211,24,0,0
BRDA:211,24,1,0
BRDA:214,25,0,0
BRDA:214,25,1,0
BRDA:231,26,0,0
BRDA:243,27,0,0
BRDA:256,28,0,0
BRDA:256,28,1,4036
BRDA:260,29,0,4036
BRDA:260,29,1,8
BRDA:260,29,2,8
BRDA:400,30,0,0
BRDA:400,30,1,2
BRF:65
BRH:49
end_of_record
TN:
SF:..\..\..\Code_Coverage\Front-End\src\components\userComponents\FollowerList.jsx
FN:12,FollowerList
FN:26,(anonymous_2)
FN:31,(anonymous_3)
FN:33,(anonymous_4)
FN:34,(anonymous_5)
FN:85,(anonymous_6)
FN:12,(anonymous_7)
FNF:7
FNH:0
FNDA:0,FollowerList
FNDA:0,(anonymous_2)
FNDA:0,(anonymous_3)
FNDA:0,(anonymous_4)
FNDA:0,(anonymous_5)
FNDA:0,(anonymous_6)
FNDA:0,(anonymous_7)
DA:12,0
DA:13,0
DA:23,0
DA:24,14
DA:26,0
DA:27,0
DA:31,0
DA:32,0
DA:33,0
DA:34,0
DA:36,0
DA:86,0
DA:102,14
DA:104,14
DA:110,14
LF:15
LH:4
BRF:0
BRH:0
end_of_record
TN:
SF:..\..\..\Code_Coverage\Front-End\src\components\userComponents\FollowingList.jsx
FN:12,FollowingList
FN:26,(anonymous_2)
FN:31,(anonymous_3)
FN:33,(anonymous_4)
FN:34,(anonymous_5)
FN:85,(anonymous_6)
FN:12,(anonymous_7)
FNF:7
FNH:0
FNDA:0,FollowingList
FNDA:0,(anonymous_2)
FNDA:0,(anonymous_3)
FNDA:0,(anonymous_4)
FNDA:0,(anonymous_5)
FNDA:0,(anonymous_6)
FNDA:0,(anonymous_7)
DA:12,0
DA:13,0
DA:23,0
DA:24,14
DA:26,0
DA:27,0
DA:31,0
DA:32,0
DA:33,0
DA:34,0
DA:36,0
DA:86,0
DA:102,14
DA:104,14
DA:110,14
LF:15
LH:4
BRF:0
BRH:0
end_of_record
TN:
SF:..\..\..\Code_Coverage\Front-End\src\components\userComponents\PopoverUserCard.jsx
FN:10,PopoverUserCard
FN:33,(anonymous_2)
FN:36,(anonymous_3)
FN:120,(anonymous_4)
FN:129,(anonymous_5)
FN:10,(anonymous_6)
FNF:6
FNH:0
FNDA:0,PopoverUserCard
FNDA:0,(anonymous_2)
FNDA:0,(anonymous_3)
FNDA:0,(anonymous_4)
FNDA:0,(anonymous_5)
FNDA:0,(anonymous_6)
DA:10,0
DA:19,0
DA:20,0
DA:21,14
DA:22,0
DA:34,0
DA:37,0
DA:120,0
DA:129,0
DA:140,14
DA:142,14
DA:153,14
LF:12
LH:4
BRDA:43,0,0,0
BRDA:43,0,1,0
BRDA:44,1,0,0
BRDA:44,1,1,0
BRDA:50,2,0,0
BRDA:50,2,1,0
BRDA:51,3,0,0
BRDA:51,3,1,0
BRDA:57,4,0,0
BRDA:57,4,1,0
BRDA:58,5,0,0
BRDA:58,5,1,0
BRDA:64,6,0,0
BRDA:64,6,1,0
BRDA:65,7,0,0
BRDA:65,7,1,0
BRDA:71,8,0,0
BRDA:71,8,1,0
BRDA:72,9,0,0
BRDA:72,9,1,0
BRDA:78,10,0,0
BRDA:78,10,1,0
BRDA:79,11,0,0
BRDA:79,11,1,0
BRDA:100,12,0,0
BRDA:100,12,1,0
BRF:26
BRH:0
end_of_record
TN:
SF:..\..\..\Code_Coverage\Front-End\src\components\userComponents\UserItem.jsx
FN:10,UserItem
FN:23,(anonymous_2)
FN:33,(anonymous_3)
FN:34,(anonymous_4)
FN:35,(anonymous_5)
FN:61,(anonymous_6)
FN:63,(anonymous_7)
FN:67,(anonymous_8)
FN:75,(anonymous_9)
FN:80,(anonymous_10)
FN:82,(anonymous_11)
FN:86,(anonymous_12)
FN:93,(anonymous_13)
FN:142,(anonymous_14)
FN:145,(anonymous_15)
FNF:15
FNH:0
FNDA:0,UserItem
FNDA:0,(anonymous_2)
FNDA:0,(anonymous_3)
FNDA:0,(anonymous_4)
FNDA:0,(anonymous_5)
FNDA:0,(anonymous_6)
FNDA:0,(anonymous_7)
FNDA:0,(anonymous_8)
FNDA:0,(anonymous_9)
FNDA:0,(anonymous_10)
FNDA:0,(anonymous_11)
FNDA:0,(anonymous_12)
FNDA:0,(anonymous_13)
FNDA:0,(anonymous_14)
FNDA:0,(anonymous_15)
DA:10,14
DA:20,0
DA:21,0
DA:22,0
DA:23,0
DA:26,0
DA:28,0
DA:31,0
DA:33,0
DA:34,0
DA:35,0
DA:36,0
DA:37,0
DA:38,0
DA:43,0
DA:45,0
DA:46,0
DA:47,0
DA:48,0
DA:49,0
DA:51,0
DA:54,0
DA:55,0
DA:56,0
DA:61,0
DA:62,0
DA:63,0
DA:64,0
DA:65,0
DA:66,0
DA:67,0
DA:68,0
DA:75,0
DA:76,0
DA:77,0
DA:80,0
DA:81,0
DA:82,0
DA:83,0
DA:84,0
DA:85,0
DA:86,0
DA:87,0
DA:93,0
DA:94,0
DA:98,0
DA:143,0
DA:146,0
DA:206,14
DA:208,14
DA:220,14
LF:51
LH:4
BRDA:37,0,0,0
BRDA:48,1,0,0
BRDA:48,1,1,0
BRDA:64,2,0,0
BRDA:64,3,0,0
BRDA:64,3,1,0
BRDA:83,4,0,0
BRDA:127,5,0,0
BRDA:127,5,1,0
BRDA:152,6,0,0
BRDA:152,6,1,0
BRDA:152,7,0,0
BRDA:152,7,1,0
BRDA:155,8,0,0
BRDA:155,8,1,0
BRDA:155,9,0,0
BRDA:155,9,1,0
BRDA:158,10,0,0
BRDA:158,10,1,0
BRDA:158,11,0,0
BRDA:158,11,1,0
BRDA:161,12,0,0
BRDA:161,12,1,0
BRDA:162,13,0,0
BRDA:162,13,1,0
BRDA:168,14,0,0
BRDA:168,14,1,0
BRDA:168,15,0,0
BRDA:168,15,1,0
BRDA:171,16,0,0
BRDA:171,16,1,0
BRDA:171,17,0,0
BRDA:171,17,1,0
BRF:33
BRH:0
end_of_record
TN:
SF:..\..\..\Code_Coverage\Front-End\src\contexts\Auth\AuthProvider.jsx
FN:11,AuthProvider
FN:19,(anonymous_2)
FNF:2
FNH:2
FNDA:84,AuthProvider
FNDA:28,(anonymous_2)
DA:6,14
DA:11,84
DA:12,84
DA:16,84
DA:19,28
DA:26,14
DA:28,14
DA:31,14
DA:34,14
LF:9
LH:9
BRF:0
BRH:0
end_of_record
TN:
SF:..\..\..\Code_Coverage\Front-End\src\contexts\Auth\reducer.js
FN:1,reducer
FNF:1
FNH:1
FNDA:56,reducer
DA:2,56
DA:4,0
DA:10,56
DA:16,0
LF:4
LH:2
BRDA:2,0,0,0
BRDA:2,0,1,56
BRDA:2,0,2,0
BRF:3
BRH:1
end_of_record
TN:
SF:..\..\..\Code_Coverage\Front-End\src\hooks\AuthContext.js
FN:5,useAuth
FNF:1
FNH:1
FNDA:116,useAuth
DA:3,14
DA:6,116
DA:7,116
DA:8,0
DA:10,116
LF:5
LH:4
BRDA:7,0,0,0
BRF:1
BRH:0
end_of_record
